Run mvn -B -DskipTests=false clean verify
[INFO] Scanning for projects...
[INFO] 
[INFO] -------------------< pe.edu.perumar:perumar-backend >-------------------
[INFO] Building perumar-backend 0.0.1-SNAPSHOT
[INFO]   from pom.xml
[INFO] --------------------------------[ jar ]---------------------------------
[INFO] Downloading from central: https://repo.maven.apache.org/maven2/org/apache/maven/plugins/maven-failsafe-plugin/3.2.5/maven-failsafe-plugin-3.2.5.pom
[INFO] Downloaded from central: https://repo.maven.apache.org/maven2/org/apache/maven/plugins/maven-failsafe-plugin/3.2.5/maven-failsafe-plugin-3.2.5.pom (10 kB at 18 kB/s)
[INFO] Downloading from central: https://repo.maven.apache.org/maven2/org/apache/maven/surefire/surefire/3.2.5/surefire-3.2.5.pom
[INFO] Downloaded from central: https://repo.maven.apache.org/maven2/org/apache/maven/surefire/surefire/3.2.5/surefire-3.2.5.pom (22 kB at 536 kB/s)
[INFO] Downloading from central: https://repo.maven.apache.org/maven2/org/junit/junit-bom/5.9.3/junit-bom-5.9.3.pom
[INFO] Downloaded from central: https://repo.maven.apache.org/maven2/org/junit/junit-bom/5.9.3/junit-bom-5.9.3.pom (5.6 kB at 402 kB/s)
[INFO] Downloading from central: https://repo.maven.apache.org/maven2/org/apache/maven/plugins/maven-failsafe-plugin/3.2.5/maven-failsafe-plugin-3.2.5.jar
[INFO] Downloaded from central: https://repo.maven.apache.org/maven2/org/apache/maven/plugins/maven-failsafe-plugin/3.2.5/maven-failsafe-plugin-3.2.5.jar (55 kB at 1.8 MB/s)
[INFO] Downloading from central: https://repo.maven.apache.org/maven2/org/apache/maven/plugins/maven-surefire-plugin/3.2.5/maven-surefire-plugin-3.2.5.pom
[INFO] Downloaded from central: https://repo.maven.apache.org/maven2/org/apache/maven/plugins/maven-surefire-plugin/3.2.5/maven-surefire-plugin-3.2.5.pom (5.3 kB at 409 kB/s)
[INFO] Downloading from central: https://repo.maven.apache.org/maven2/org/apache/maven/plugins/maven-surefire-plugin/3.2.5/maven-surefire-plugin-3.2.5.jar
[INFO] Downloaded from central: https://repo.maven.apache.org/maven2/org/apache/maven/plugins/maven-surefire-plugin/3.2.5/maven-surefire-plugin-3.2.5.jar (45 kB at 2.6 MB/s)
[INFO] Downloading from central: https://repo.maven.apache.org/maven2/org/springframework/security/spring-security-test/6.5.2/spring-security-test-6.5.2.pom
[INFO] Downloaded from central: https://repo.maven.apache.org/maven2/org/springframework/security/spring-security-test/6.5.2/spring-security-test-6.5.2.pom (2.7 kB at 205 kB/s)
[INFO] Downloading from central: https://repo.maven.apache.org/maven2/org/springframework/security/spring-security-test/6.5.2/spring-security-test-6.5.2.jar
[INFO] Downloaded from central: https://repo.maven.apache.org/maven2/org/springframework/security/spring-security-test/6.5.2/spring-security-test-6.5.2.jar (132 kB at 4.3 MB/s)
[INFO] 
[INFO] --- clean:3.4.1:clean (default-clean) @ perumar-backend ---
[INFO] 
[INFO] --- resources:3.3.1:resources (default-resources) @ perumar-backend ---
[INFO] Copying 1 resource from src/main/resources to target/classes
[INFO] Copying 0 resource from src/main/resources to target/classes
[INFO] 
[INFO] --- compiler:3.14.0:compile (default-compile) @ perumar-backend ---
[INFO] Recompiling the module because of changed source code.
[INFO] Compiling 37 source files with javac [debug parameters release 17] to target/classes
[INFO] 
[INFO] --- resources:3.3.1:testResources (default-testResources) @ perumar-backend ---
[INFO] Copying 1 resource from src/test/resources to target/test-classes
[INFO] 
[INFO] --- compiler:3.14.0:testCompile (default-testCompile) @ perumar-backend ---
[INFO] Recompiling the module because of changed dependency.
[INFO] Compiling 9 source files with javac [debug parameters release 17] to target/test-classes
Warning:  /home/runner/work/perumar-backend-webflux/perumar-backend-webflux/src/test/java/pe/edu/perumar/perumar_backend/controller/CarreraControllerIT.java:[31,4] org.springframework.boot.test.mock.mockito.MockBean in org.springframework.boot.test.mock.mockito has been deprecated and marked for removal
Warning:  /home/runner/work/perumar-backend-webflux/perumar-backend-webflux/src/test/java/pe/edu/perumar/perumar_backend/controller/CarreraControllerIT.java:[31,4] org.springframework.boot.test.mock.mockito.MockBean in org.springframework.boot.test.mock.mockito has been deprecated and marked for removal
Warning:  /home/runner/work/perumar-backend-webflux/perumar-backend-webflux/src/test/java/pe/edu/perumar/perumar_backend/controller/CarreraControllerIT.java:[31,4] org.springframework.boot.test.mock.mockito.MockBean in org.springframework.boot.test.mock.mockito has been deprecated and marked for removal
Warning:  /home/runner/work/perumar-backend-webflux/perumar-backend-webflux/src/test/java/pe/edu/perumar/perumar_backend/controller/CarreraControllerIT.java:[31,4] org.springframework.boot.test.mock.mockito.MockBean in org.springframework.boot.test.mock.mockito has been deprecated and marked for removal
Warning:  /home/runner/work/perumar-backend-webflux/perumar-backend-webflux/src/test/java/pe/edu/perumar/perumar_backend/controller/CarreraControllerIT.java:[31,4] org.springframework.boot.test.mock.mockito.MockBean in org.springframework.boot.test.mock.mockito has been deprecated and marked for removal
Warning:  /home/runner/work/perumar-backend-webflux/perumar-backend-webflux/src/test/java/pe/edu/perumar/perumar_backend/controller/CicloControllerIT.java:[32,4] org.springframework.boot.test.mock.mockito.MockBean in org.springframework.boot.test.mock.mockito has been deprecated and marked for removal
Warning:  /home/runner/work/perumar-backend-webflux/perumar-backend-webflux/src/test/java/pe/edu/perumar/perumar_backend/controller/CicloControllerIT.java:[32,4] org.springframework.boot.test.mock.mockito.MockBean in org.springframework.boot.test.mock.mockito has been deprecated and marked for removal
Warning:  /home/runner/work/perumar-backend-webflux/perumar-backend-webflux/src/test/java/pe/edu/perumar/perumar_backend/controller/CicloControllerIT.java:[32,4] org.springframework.boot.test.mock.mockito.MockBean in org.springframework.boot.test.mock.mockito has been deprecated and marked for removal
Warning:  /home/runner/work/perumar-backend-webflux/perumar-backend-webflux/src/test/java/pe/edu/perumar/perumar_backend/controller/CicloControllerIT.java:[32,4] org.springframework.boot.test.mock.mockito.MockBean in org.springframework.boot.test.mock.mockito has been deprecated and marked for removal
Warning:  /home/runner/work/perumar-backend-webflux/perumar-backend-webflux/src/test/java/pe/edu/perumar/perumar_backend/controller/CicloControllerIT.java:[32,4] org.springframework.boot.test.mock.mockito.MockBean in org.springframework.boot.test.mock.mockito has been deprecated and marked for removal
Warning:  /home/runner/work/perumar-backend-webflux/perumar-backend-webflux/src/test/java/pe/edu/perumar/perumar_backend/controller/MateriaControllerIT.java:[30,4] org.springframework.boot.test.mock.mockito.MockBean in org.springframework.boot.test.mock.mockito has been deprecated and marked for removal
Warning:  /home/runner/work/perumar-backend-webflux/perumar-backend-webflux/src/test/java/pe/edu/perumar/perumar_backend/controller/MateriaControllerIT.java:[30,4] org.springframework.boot.test.mock.mockito.MockBean in org.springframework.boot.test.mock.mockito has been deprecated and marked for removal
Warning:  /home/runner/work/perumar-backend-webflux/perumar-backend-webflux/src/test/java/pe/edu/perumar/perumar_backend/controller/MateriaControllerIT.java:[30,4] org.springframework.boot.test.mock.mockito.MockBean in org.springframework.boot.test.mock.mockito has been deprecated and marked for removal
Warning:  /home/runner/work/perumar-backend-webflux/perumar-backend-webflux/src/test/java/pe/edu/perumar/perumar_backend/controller/MateriaControllerIT.java:[30,4] org.springframework.boot.test.mock.mockito.MockBean in org.springframework.boot.test.mock.mockito has been deprecated and marked for removal
Warning:  /home/runner/work/perumar-backend-webflux/perumar-backend-webflux/src/test/java/pe/edu/perumar/perumar_backend/controller/MateriaControllerIT.java:[30,4] org.springframework.boot.test.mock.mockito.MockBean in org.springframework.boot.test.mock.mockito has been deprecated and marked for removal
[INFO] 
[INFO] --- surefire:3.2.5:test (default-test) @ perumar-backend ---
[INFO] Downloading from central: https://repo.maven.apache.org/maven2/org/apache/maven/surefire/maven-surefire-common/3.2.5/maven-surefire-common-3.2.5.pom
[INFO] Downloaded from central: https://repo.maven.apache.org/maven2/org/apache/maven/surefire/maven-surefire-common/3.2.5/maven-surefire-common-3.2.5.pom (6.2 kB at 416 kB/s)
[INFO] Downloading from central: https://repo.maven.apache.org/maven2/org/apache/maven/surefire/surefire-api/3.2.5/surefire-api-3.2.5.pom
[INFO] Downloaded from central: https://repo.maven.apache.org/maven2/org/apache/maven/surefire/surefire-api/3.2.5/surefire-api-3.2.5.pom (3.5 kB at 294 kB/s)
[INFO] Downloading from central: https://repo.maven.apache.org/maven2/org/apache/maven/surefire/surefire-logger-api/3.2.5/surefire-logger-api-3.2.5.pom
[INFO] Downloaded from central: https://repo.maven.apache.org/maven2/org/apache/maven/surefire/surefire-logger-api/3.2.5/surefire-logger-api-3.2.5.pom (3.3 kB at 251 kB/s)
[INFO] Downloading from central: https://repo.maven.apache.org/maven2/org/apache/maven/surefire/surefire-shared-utils/3.2.5/surefire-shared-utils-3.2.5.pom
[INFO] Downloaded from central: https://repo.maven.apache.org/maven2/org/apache/maven/surefire/surefire-shared-utils/3.2.5/surefire-shared-utils-3.2.5.pom (4.1 kB at 214 kB/s)
[INFO] Downloading from central: https://repo.maven.apache.org/maven2/org/apache/maven/surefire/surefire-extensions-api/3.2.5/surefire-extensions-api-3.2.5.pom
[INFO] Downloaded from central: https://repo.maven.apache.org/maven2/org/apache/maven/surefire/surefire-extensions-api/3.2.5/surefire-extensions-api-3.2.5.pom (3.3 kB at 254 kB/s)
[INFO] Downloading from central: https://repo.maven.apache.org/maven2/org/apache/maven/surefire/surefire-booter/3.2.5/surefire-booter-3.2.5.pom
[INFO] Downloaded from central: https://repo.maven.apache.org/maven2/org/apache/maven/surefire/surefire-booter/3.2.5/surefire-booter-3.2.5.pom (4.5 kB at 343 kB/s)
[INFO] Downloading from central: https://repo.maven.apache.org/maven2/org/apache/maven/surefire/surefire-extensions-spi/3.2.5/surefire-extensions-spi-3.2.5.pom
[INFO] Downloaded from central: https://repo.maven.apache.org/maven2/org/apache/maven/surefire/surefire-extensions-spi/3.2.5/surefire-extensions-spi-3.2.5.pom (1.8 kB at 117 kB/s)
[INFO] Downloading from central: https://repo.maven.apache.org/maven2/org/eclipse/aether/aether-util/1.0.0.v20140518/aether-util-1.0.0.v20140518.pom
[INFO] Downloaded from central: https://repo.maven.apache.org/maven2/org/eclipse/aether/aether-util/1.0.0.v20140518/aether-util-1.0.0.v20140518.pom (2.2 kB at 183 kB/s)
[INFO] Downloading from central: https://repo.maven.apache.org/maven2/org/eclipse/aether/aether/1.0.0.v20140518/aether-1.0.0.v20140518.pom
[INFO] Downloaded from central: https://repo.maven.apache.org/maven2/org/eclipse/aether/aether/1.0.0.v20140518/aether-1.0.0.v20140518.pom (30 kB at 1.7 MB/s)
[INFO] Downloading from central: https://repo.maven.apache.org/maven2/org/eclipse/aether/aether-api/1.0.0.v20140518/aether-api-1.0.0.v20140518.pom
[INFO] Downloaded from central: https://repo.maven.apache.org/maven2/org/eclipse/aether/aether-api/1.0.0.v20140518/aether-api-1.0.0.v20140518.pom (1.9 kB at 126 kB/s)
[INFO] Downloading from central: https://repo.maven.apache.org/maven2/org/apache/maven/shared/maven-common-artifact-filters/3.1.1/maven-common-artifact-filters-3.1.1.pom
[INFO] Downloaded from central: https://repo.maven.apache.org/maven2/org/apache/maven/shared/maven-common-artifact-filters/3.1.1/maven-common-artifact-filters-3.1.1.pom (5.8 kB at 483 kB/s)
[INFO] Downloading from central: https://repo.maven.apache.org/maven2/org/apache/maven/shared/maven-shared-components/34/maven-shared-components-34.pom
[INFO] Downloaded from central: https://repo.maven.apache.org/maven2/org/apache/maven/shared/maven-shared-components/34/maven-shared-components-34.pom (5.1 kB at 463 kB/s)
[INFO] Downloading from central: https://repo.maven.apache.org/maven2/org/apache/maven/maven-parent/34/maven-parent-34.pom
[INFO] Downloaded from central: https://repo.maven.apache.org/maven2/org/apache/maven/maven-parent/34/maven-parent-34.pom (43 kB at 3.1 MB/s)
[INFO] Downloading from central: https://repo.maven.apache.org/maven2/org/apache/maven/maven-artifact/3.2.5/maven-artifact-3.2.5.pom
[INFO] Downloaded from central: https://repo.maven.apache.org/maven2/org/apache/maven/maven-artifact/3.2.5/maven-artifact-3.2.5.pom (2.3 kB at 181 kB/s)
[INFO] Downloading from central: https://repo.maven.apache.org/maven2/org/apache/maven/maven/3.2.5/maven-3.2.5.pom
[INFO] Downloaded from central: https://repo.maven.apache.org/maven2/org/apache/maven/maven/3.2.5/maven-3.2.5.pom (22 kB at 1.7 MB/s)
[INFO] Downloading from central: https://repo.maven.apache.org/maven2/org/apache/maven/maven-parent/25/maven-parent-25.pom
[INFO] Downloaded from central: https://repo.maven.apache.org/maven2/org/apache/maven/maven-parent/25/maven-parent-25.pom (37 kB at 2.7 MB/s)
[INFO] Downloading from central: https://repo.maven.apache.org/maven2/org/apache/apache/15/apache-15.pom
[INFO] Downloaded from central: https://repo.maven.apache.org/maven2/org/apache/apache/15/apache-15.pom (15 kB at 1.3 MB/s)
[INFO] Downloading from central: https://repo.maven.apache.org/maven2/org/codehaus/plexus/plexus-utils/4.0.0/plexus-utils-4.0.0.pom
[INFO] Downloaded from central: https://repo.maven.apache.org/maven2/org/codehaus/plexus/plexus-utils/4.0.0/plexus-utils-4.0.0.pom (8.7 kB at 721 kB/s)
[INFO] Downloading from central: https://repo.maven.apache.org/maven2/org/codehaus/plexus/plexus/13/plexus-13.pom
[INFO] Downloaded from central: https://repo.maven.apache.org/maven2/org/codehaus/plexus/plexus/13/plexus-13.pom (27 kB at 2.1 MB/s)
[INFO] Downloading from central: https://repo.maven.apache.org/maven2/org/apache/maven/maven-core/3.2.5/maven-core-3.2.5.pom
[INFO] Downloaded from central: https://repo.maven.apache.org/maven2/org/apache/maven/maven-core/3.2.5/maven-core-3.2.5.pom (8.1 kB at 672 kB/s)
[INFO] Downloading from central: https://repo.maven.apache.org/maven2/org/apache/maven/maven-settings/3.2.5/maven-settings-3.2.5.pom
[INFO] Downloaded from central: https://repo.maven.apache.org/maven2/org/apache/maven/maven-settings/3.2.5/maven-settings-3.2.5.pom (2.2 kB at 181 kB/s)
[INFO] Downloading from central: https://repo.maven.apache.org/maven2/org/apache/maven/maven-settings-builder/3.2.5/maven-settings-builder-3.2.5.pom
[INFO] Downloaded from central: https://repo.maven.apache.org/maven2/org/apache/maven/maven-settings-builder/3.2.5/maven-settings-builder-3.2.5.pom (2.6 kB at 200 kB/s)
[INFO] Downloading from central: https://repo.maven.apache.org/maven2/org/codehaus/plexus/plexus-interpolation/1.21/plexus-interpolation-1.21.pom
[INFO] Downloaded from central: https://repo.maven.apache.org/maven2/org/codehaus/plexus/plexus-interpolation/1.21/plexus-interpolation-1.21.pom (1.5 kB at 140 kB/s)
[INFO] Downloading from central: https://repo.maven.apache.org/maven2/org/codehaus/plexus/plexus-components/1.3.1/plexus-components-1.3.1.pom
[INFO] Downloaded from central: https://repo.maven.apache.org/maven2/org/codehaus/plexus/plexus-components/1.3.1/plexus-components-1.3.1.pom (3.1 kB at 255 kB/s)
[INFO] Downloading from central: https://repo.maven.apache.org/maven2/org/codehaus/plexus/plexus/3.3.1/plexus-3.3.1.pom
[INFO] Downloaded from central: https://repo.maven.apache.org/maven2/org/codehaus/plexus/plexus/3.3.1/plexus-3.3.1.pom (20 kB at 1.9 MB/s)
[INFO] Downloading from central: https://repo.maven.apache.org/maven2/org/sonatype/spice/spice-parent/17/spice-parent-17.pom
[INFO] Downloaded from central: https://repo.maven.apache.org/maven2/org/sonatype/spice/spice-parent/17/spice-parent-17.pom (6.8 kB at 451 kB/s)
[INFO] Downloading from central: https://repo.maven.apache.org/maven2/org/sonatype/forge/forge-parent/10/forge-parent-10.pom
[INFO] Downloaded from central: https://repo.maven.apache.org/maven2/org/sonatype/forge/forge-parent/10/forge-parent-10.pom (14 kB at 1.2 MB/s)
[INFO] Downloading from central: https://repo.maven.apache.org/maven2/org/codehaus/plexus/plexus-component-annotations/1.5.5/plexus-component-annotations-1.5.5.pom
[INFO] Downloaded from central: https://repo.maven.apache.org/maven2/org/codehaus/plexus/plexus-component-annotations/1.5.5/plexus-component-annotations-1.5.5.pom (815 B at 74 kB/s)
[INFO] Downloading from central: https://repo.maven.apache.org/maven2/org/codehaus/plexus/plexus-containers/1.5.5/plexus-containers-1.5.5.pom
[INFO] Downloaded from central: https://repo.maven.apache.org/maven2/org/codehaus/plexus/plexus-containers/1.5.5/plexus-containers-1.5.5.pom (4.2 kB at 424 kB/s)
[INFO] Downloading from central: https://repo.maven.apache.org/maven2/org/codehaus/plexus/plexus/2.0.7/plexus-2.0.7.pom
[INFO] Downloaded from central: https://repo.maven.apache.org/maven2/org/codehaus/plexus/plexus/2.0.7/plexus-2.0.7.pom (17 kB at 1.6 MB/s)
[INFO] Downloading from central: https://repo.maven.apache.org/maven2/org/sonatype/plexus/plexus-sec-dispatcher/1.3/plexus-sec-dispatcher-1.3.pom
[INFO] Downloaded from central: https://repo.maven.apache.org/maven2/org/sonatype/plexus/plexus-sec-dispatcher/1.3/plexus-sec-dispatcher-1.3.pom (3.0 kB at 269 kB/s)
[INFO] Downloading from central: https://repo.maven.apache.org/maven2/org/sonatype/spice/spice-parent/12/spice-parent-12.pom
[INFO] Downloaded from central: https://repo.maven.apache.org/maven2/org/sonatype/spice/spice-parent/12/spice-parent-12.pom (6.8 kB at 680 kB/s)
[INFO] Downloading from central: https://repo.maven.apache.org/maven2/org/sonatype/forge/forge-parent/4/forge-parent-4.pom
[INFO] Downloaded from central: https://repo.maven.apache.org/maven2/org/sonatype/forge/forge-parent/4/forge-parent-4.pom (8.4 kB at 763 kB/s)
[INFO] Downloading from central: https://repo.maven.apache.org/maven2/org/sonatype/plexus/plexus-cipher/1.4/plexus-cipher-1.4.pom
[INFO] Downloaded from central: https://repo.maven.apache.org/maven2/org/sonatype/plexus/plexus-cipher/1.4/plexus-cipher-1.4.pom (2.1 kB at 159 kB/s)
[INFO] Downloading from central: https://repo.maven.apache.org/maven2/org/apache/maven/maven-repository-metadata/3.2.5/maven-repository-metadata-3.2.5.pom
[INFO] Downloaded from central: https://repo.maven.apache.org/maven2/org/apache/maven/maven-repository-metadata/3.2.5/maven-repository-metadata-3.2.5.pom (2.2 kB at 186 kB/s)
[INFO] Downloading from central: https://repo.maven.apache.org/maven2/org/apache/maven/maven-plugin-api/3.2.5/maven-plugin-api-3.2.5.pom
[INFO] Downloaded from central: https://repo.maven.apache.org/maven2/org/apache/maven/maven-plugin-api/3.2.5/maven-plugin-api-3.2.5.pom (3.0 kB at 275 kB/s)
[INFO] Downloading from central: https://repo.maven.apache.org/maven2/org/eclipse/sisu/org.eclipse.sisu.plexus/0.9.0.M2/org.eclipse.sisu.plexus-0.9.0.M2.pom
[INFO] Downloaded from central: https://repo.maven.apache.org/maven2/org/eclipse/sisu/org.eclipse.sisu.plexus/0.9.0.M2/org.eclipse.sisu.plexus-0.9.0.M2.pom (15 kB at 1.4 MB/s)
[INFO] Downloading from central: https://repo.maven.apache.org/maven2/org/eclipse/sisu/sisu-plexus/0.9.0.M2/sisu-plexus-0.9.0.M2.pom
[INFO] Downloaded from central: https://repo.maven.apache.org/maven2/org/eclipse/sisu/sisu-plexus/0.9.0.M2/sisu-plexus-0.9.0.M2.pom (15 kB at 1.0 MB/s)
[INFO] Downloading from central: https://repo.maven.apache.org/maven2/javax/annotation/javax.annotation-api/1.2/javax.annotation-api-1.2.pom
[INFO] Downloaded from central: https://repo.maven.apache.org/maven2/javax/annotation/javax.annotation-api/1.2/javax.annotation-api-1.2.pom (13 kB at 1.2 MB/s)
[INFO] Downloading from central: https://repo.maven.apache.org/maven2/net/java/jvnet-parent/3/jvnet-parent-3.pom
[INFO] Downloaded from central: https://repo.maven.apache.org/maven2/net/java/jvnet-parent/3/jvnet-parent-3.pom (4.8 kB at 435 kB/s)
[INFO] Downloading from central: https://repo.maven.apache.org/maven2/javax/enterprise/cdi-api/1.2/cdi-api-1.2.pom
[INFO] Downloaded from central: https://repo.maven.apache.org/maven2/javax/enterprise/cdi-api/1.2/cdi-api-1.2.pom (6.3 kB at 571 kB/s)
[INFO] Downloading from central: https://repo.maven.apache.org/maven2/org/jboss/weld/weld-parent/26/weld-parent-26.pom
[INFO] Downloaded from central: https://repo.maven.apache.org/maven2/org/jboss/weld/weld-parent/26/weld-parent-26.pom (32 kB at 2.3 MB/s)
[INFO] Downloading from central: https://repo.maven.apache.org/maven2/org/eclipse/sisu/org.eclipse.sisu.inject/0.9.0.M2/org.eclipse.sisu.inject-0.9.0.M2.pom
[INFO] Downloaded from central: https://repo.maven.apache.org/maven2/org/eclipse/sisu/org.eclipse.sisu.inject/0.9.0.M2/org.eclipse.sisu.inject-0.9.0.M2.pom (17 kB at 1.2 MB/s)
[INFO] Downloading from central: https://repo.maven.apache.org/maven2/org/eclipse/sisu/sisu-inject/0.9.0.M2/sisu-inject-0.9.0.M2.pom
[INFO] Downloaded from central: https://repo.maven.apache.org/maven2/org/eclipse/sisu/sisu-inject/0.9.0.M2/sisu-inject-0.9.0.M2.pom (15 kB at 1.2 MB/s)
[INFO] Downloading from central: https://repo.maven.apache.org/maven2/org/codehaus/plexus/plexus-component-annotations/2.1.0/plexus-component-annotations-2.1.0.pom
[INFO] Downloaded from central: https://repo.maven.apache.org/maven2/org/codehaus/plexus/plexus-component-annotations/2.1.0/plexus-component-annotations-2.1.0.pom (750 B at 58 kB/s)
[INFO] Downloading from central: https://repo.maven.apache.org/maven2/org/codehaus/plexus/plexus-containers/2.1.0/plexus-containers-2.1.0.pom
[INFO] Downloaded from central: https://repo.maven.apache.org/maven2/org/codehaus/plexus/plexus-containers/2.1.0/plexus-containers-2.1.0.pom (4.8 kB at 400 kB/s)
[INFO] Downloading from central: https://repo.maven.apache.org/maven2/org/codehaus/plexus/plexus-classworlds/2.6.0/plexus-classworlds-2.6.0.pom
[INFO] Downloaded from central: https://repo.maven.apache.org/maven2/org/codehaus/plexus/plexus-classworlds/2.6.0/plexus-classworlds-2.6.0.pom (7.9 kB at 719 kB/s)
[INFO] Downloading from central: https://repo.maven.apache.org/maven2/org/apache/maven/maven-model-builder/3.2.5/maven-model-builder-3.2.5.pom
[INFO] Downloaded from central: https://repo.maven.apache.org/maven2/org/apache/maven/maven-model-builder/3.2.5/maven-model-builder-3.2.5.pom (3.0 kB at 176 kB/s)
[INFO] Downloading from central: https://repo.maven.apache.org/maven2/org/apache/maven/maven-aether-provider/3.2.5/maven-aether-provider-3.2.5.pom
[INFO] Downloaded from central: https://repo.maven.apache.org/maven2/org/apache/maven/maven-aether-provider/3.2.5/maven-aether-provider-3.2.5.pom (4.2 kB at 386 kB/s)
[INFO] Downloading from central: https://repo.maven.apache.org/maven2/org/eclipse/aether/aether-spi/1.0.0.v20140518/aether-spi-1.0.0.v20140518.pom
[INFO] Downloaded from central: https://repo.maven.apache.org/maven2/org/eclipse/aether/aether-spi/1.0.0.v20140518/aether-spi-1.0.0.v20140518.pom (2.1 kB at 171 kB/s)
[INFO] Downloading from central: https://repo.maven.apache.org/maven2/org/eclipse/aether/aether-impl/1.0.0.v20140518/aether-impl-1.0.0.v20140518.pom
[INFO] Downloaded from central: https://repo.maven.apache.org/maven2/org/eclipse/aether/aether-impl/1.0.0.v20140518/aether-impl-1.0.0.v20140518.pom (3.5 kB at 316 kB/s)
[INFO] Downloading from central: https://repo.maven.apache.org/maven2/org/sonatype/sisu/sisu-guice/3.2.3/sisu-guice-3.2.3.pom
[INFO] Downloaded from central: https://repo.maven.apache.org/maven2/org/sonatype/sisu/sisu-guice/3.2.3/sisu-guice-3.2.3.pom (11 kB at 911 kB/s)
[INFO] Downloading from central: https://repo.maven.apache.org/maven2/org/sonatype/sisu/inject/guice-parent/3.2.3/guice-parent-3.2.3.pom
[INFO] Downloaded from central: https://repo.maven.apache.org/maven2/org/sonatype/sisu/inject/guice-parent/3.2.3/guice-parent-3.2.3.pom (13 kB at 1.1 MB/s)
[INFO] Downloading from central: https://repo.maven.apache.org/maven2/org/sonatype/forge/forge-parent/38/forge-parent-38.pom
[INFO] Downloaded from central: https://repo.maven.apache.org/maven2/org/sonatype/forge/forge-parent/38/forge-parent-38.pom (19 kB at 1.6 MB/s)
[INFO] Downloading from central: https://repo.maven.apache.org/maven2/aopalliance/aopalliance/1.0/aopalliance-1.0.pom
[INFO] Downloaded from central: https://repo.maven.apache.org/maven2/aopalliance/aopalliance/1.0/aopalliance-1.0.pom (363 B at 33 kB/s)
[INFO] Downloading from central: https://repo.maven.apache.org/maven2/com/google/guava/guava/16.0.1/guava-16.0.1.pom
[INFO] Downloaded from central: https://repo.maven.apache.org/maven2/com/google/guava/guava/16.0.1/guava-16.0.1.pom (6.1 kB at 508 kB/s)
[INFO] Downloading from central: https://repo.maven.apache.org/maven2/com/google/guava/guava-parent/16.0.1/guava-parent-16.0.1.pom
[INFO] Downloaded from central: https://repo.maven.apache.org/maven2/com/google/guava/guava-parent/16.0.1/guava-parent-16.0.1.pom (7.3 kB at 667 kB/s)
[INFO] Downloading from central: https://repo.maven.apache.org/maven2/org/codehaus/plexus/plexus-classworlds/2.5.2/plexus-classworlds-2.5.2.pom
[INFO] Downloaded from central: https://repo.maven.apache.org/maven2/org/codehaus/plexus/plexus-classworlds/2.5.2/plexus-classworlds-2.5.2.pom (7.3 kB at 664 kB/s)
[INFO] Downloading from central: https://repo.maven.apache.org/maven2/commons-io/commons-io/2.15.1/commons-io-2.15.1.pom
[INFO] Downloaded from central: https://repo.maven.apache.org/maven2/commons-io/commons-io/2.15.1/commons-io-2.15.1.pom (20 kB at 1.7 MB/s)
[INFO] Downloading from central: https://repo.maven.apache.org/maven2/org/apache/commons/commons-parent/65/commons-parent-65.pom
[INFO] Downloaded from central: https://repo.maven.apache.org/maven2/org/apache/commons/commons-parent/65/commons-parent-65.pom (78 kB at 3.5 MB/s)
[INFO] Downloading from central: https://repo.maven.apache.org/maven2/org/codehaus/plexus/plexus-java/1.2.0/plexus-java-1.2.0.pom
[INFO] Downloaded from central: https://repo.maven.apache.org/maven2/org/codehaus/plexus/plexus-java/1.2.0/plexus-java-1.2.0.pom (4.3 kB at 356 kB/s)
[INFO] Downloading from central: https://repo.maven.apache.org/maven2/org/codehaus/plexus/plexus-languages/1.2.0/plexus-languages-1.2.0.pom
[INFO] Downloaded from central: https://repo.maven.apache.org/maven2/org/codehaus/plexus/plexus-languages/1.2.0/plexus-languages-1.2.0.pom (3.2 kB at 290 kB/s)
[INFO] Downloading from central: https://repo.maven.apache.org/maven2/org/codehaus/plexus/plexus/15/plexus-15.pom
[INFO] Downloaded from central: https://repo.maven.apache.org/maven2/org/codehaus/plexus/plexus/15/plexus-15.pom (28 kB at 2.3 MB/s)
[INFO] Downloading from central: https://repo.maven.apache.org/maven2/org/ow2/asm/asm/9.6/asm-9.6.pom
[INFO] Downloaded from central: https://repo.maven.apache.org/maven2/org/ow2/asm/asm/9.6/asm-9.6.pom (2.4 kB at 215 kB/s)
[INFO] Downloading from central: https://repo.maven.apache.org/maven2/com/thoughtworks/qdox/qdox/2.0.3/qdox-2.0.3.pom
[INFO] Downloaded from central: https://repo.maven.apache.org/maven2/com/thoughtworks/qdox/qdox/2.0.3/qdox-2.0.3.pom (17 kB at 1.4 MB/s)
[INFO] Downloading from central: https://repo.maven.apache.org/maven2/org/apache/maven/surefire/maven-surefire-common/3.2.5/maven-surefire-common-3.2.5.jar
[INFO] Downloaded from central: https://repo.maven.apache.org/maven2/org/apache/maven/surefire/maven-surefire-common/3.2.5/maven-surefire-common-3.2.5.jar (308 kB at 7.3 MB/s)
[INFO] Downloading from central: https://repo.maven.apache.org/maven2/org/apache/maven/surefire/surefire-api/3.2.5/surefire-api-3.2.5.jar
[INFO] Downloading from central: https://repo.maven.apache.org/maven2/org/apache/maven/surefire/surefire-logger-api/3.2.5/surefire-logger-api-3.2.5.jar
[INFO] Downloading from central: https://repo.maven.apache.org/maven2/org/apache/maven/surefire/surefire-extensions-api/3.2.5/surefire-extensions-api-3.2.5.jar
[INFO] Downloading from central: https://repo.maven.apache.org/maven2/org/apache/maven/surefire/surefire-booter/3.2.5/surefire-booter-3.2.5.jar
[INFO] Downloading from central: https://repo.maven.apache.org/maven2/org/apache/maven/surefire/surefire-extensions-spi/3.2.5/surefire-extensions-spi-3.2.5.jar
[INFO] Downloaded from central: https://repo.maven.apache.org/maven2/org/apache/maven/surefire/surefire-api/3.2.5/surefire-api-3.2.5.jar (171 kB at 5.9 MB/s)
[INFO] Downloading from central: https://repo.maven.apache.org/maven2/org/eclipse/aether/aether-util/1.0.0.v20140518/aether-util-1.0.0.v20140518.jar
[INFO] Downloaded from central: https://repo.maven.apache.org/maven2/org/apache/maven/surefire/surefire-logger-api/3.2.5/surefire-logger-api-3.2.5.jar (14 kB at 377 kB/s)
[INFO] Downloading from central: https://repo.maven.apache.org/maven2/org/eclipse/aether/aether-api/1.0.0.v20140518/aether-api-1.0.0.v20140518.jar
[INFO] Downloaded from central: https://repo.maven.apache.org/maven2/org/apache/maven/surefire/surefire-extensions-api/3.2.5/surefire-extensions-api-3.2.5.jar (26 kB at 646 kB/s)
[INFO] Downloading from central: https://repo.maven.apache.org/maven2/org/apache/maven/shared/maven-common-artifact-filters/3.1.1/maven-common-artifact-filters-3.1.1.jar
[INFO] Downloaded from central: https://repo.maven.apache.org/maven2/org/apache/maven/surefire/surefire-extensions-spi/3.2.5/surefire-extensions-spi-3.2.5.jar (8.2 kB at 221 kB/s)
[INFO] Downloading from central: https://repo.maven.apache.org/maven2/commons-io/commons-io/2.15.1/commons-io-2.15.1.jar
[INFO] Downloaded from central: https://repo.maven.apache.org/maven2/org/apache/maven/surefire/surefire-booter/3.2.5/surefire-booter-3.2.5.jar (118 kB at 2.5 MB/s)
[INFO] Downloading from central: https://repo.maven.apache.org/maven2/org/codehaus/plexus/plexus-java/1.2.0/plexus-java-1.2.0.jar
[INFO] Downloaded from central: https://repo.maven.apache.org/maven2/org/eclipse/aether/aether-util/1.0.0.v20140518/aether-util-1.0.0.v20140518.jar (146 kB at 3.0 MB/s)
[INFO] Downloading from central: https://repo.maven.apache.org/maven2/org/ow2/asm/asm/9.6/asm-9.6.jar
[INFO] Downloaded from central: https://repo.maven.apache.org/maven2/org/apache/maven/shared/maven-common-artifact-filters/3.1.1/maven-common-artifact-filters-3.1.1.jar (61 kB at 1.1 MB/s)
[INFO] Downloading from central: https://repo.maven.apache.org/maven2/com/thoughtworks/qdox/qdox/2.0.3/qdox-2.0.3.jar
[INFO] Downloaded from central: https://repo.maven.apache.org/maven2/org/codehaus/plexus/plexus-java/1.2.0/plexus-java-1.2.0.jar (58 kB at 1.0 MB/s)
[INFO] Downloading from central: https://repo.maven.apache.org/maven2/org/apache/maven/surefire/surefire-shared-utils/3.2.5/surefire-shared-utils-3.2.5.jar
[INFO] Downloaded from central: https://repo.maven.apache.org/maven2/org/eclipse/aether/aether-api/1.0.0.v20140518/aether-api-1.0.0.v20140518.jar (136 kB at 2.1 MB/s)
[INFO] Downloaded from central: https://repo.maven.apache.org/maven2/org/ow2/asm/asm/9.6/asm-9.6.jar (124 kB at 1.9 MB/s)
[INFO] Downloaded from central: https://repo.maven.apache.org/maven2/com/thoughtworks/qdox/qdox/2.0.3/qdox-2.0.3.jar (334 kB at 4.1 MB/s)
[INFO] Downloaded from central: https://repo.maven.apache.org/maven2/commons-io/commons-io/2.15.1/commons-io-2.15.1.jar (501 kB at 5.6 MB/s)
[INFO] Downloaded from central: https://repo.maven.apache.org/maven2/org/apache/maven/surefire/surefire-shared-utils/3.2.5/surefire-shared-utils-3.2.5.jar (2.4 MB at 22 MB/s)
[INFO] Using auto detected provider org.apache.maven.surefire.junitplatform.JUnitPlatformProvider
[INFO] Downloading from central: https://repo.maven.apache.org/maven2/org/apache/maven/surefire/surefire-junit-platform/3.2.5/surefire-junit-platform-3.2.5.pom
[INFO] Downloaded from central: https://repo.maven.apache.org/maven2/org/apache/maven/surefire/surefire-junit-platform/3.2.5/surefire-junit-platform-3.2.5.pom (4.7 kB at 389 kB/s)
[INFO] Downloading from central: https://repo.maven.apache.org/maven2/org/apache/maven/surefire/surefire-providers/3.2.5/surefire-providers-3.2.5.pom
[INFO] Downloaded from central: https://repo.maven.apache.org/maven2/org/apache/maven/surefire/surefire-providers/3.2.5/surefire-providers-3.2.5.pom (2.6 kB at 218 kB/s)
[INFO] Downloading from central: https://repo.maven.apache.org/maven2/org/apache/maven/surefire/common-java5/3.2.5/common-java5-3.2.5.pom
[INFO] Downloaded from central: https://repo.maven.apache.org/maven2/org/apache/maven/surefire/common-java5/3.2.5/common-java5-3.2.5.pom (2.8 kB at 256 kB/s)
[INFO] Downloading from central: https://repo.maven.apache.org/maven2/org/junit/platform/junit-platform-launcher/1.9.3/junit-platform-launcher-1.9.3.pom
[INFO] Downloaded from central: https://repo.maven.apache.org/maven2/org/junit/platform/junit-platform-launcher/1.9.3/junit-platform-launcher-1.9.3.pom (3.0 kB at 275 kB/s)
[INFO] Downloading from central: https://repo.maven.apache.org/maven2/org/junit/platform/junit-platform-engine/1.9.3/junit-platform-engine-1.9.3.pom
[INFO] Downloaded from central: https://repo.maven.apache.org/maven2/org/junit/platform/junit-platform-engine/1.9.3/junit-platform-engine-1.9.3.pom (3.2 kB at 291 kB/s)
[INFO] Downloading from central: https://repo.maven.apache.org/maven2/org/opentest4j/opentest4j/1.2.0/opentest4j-1.2.0.pom
[INFO] Downloaded from central: https://repo.maven.apache.org/maven2/org/opentest4j/opentest4j/1.2.0/opentest4j-1.2.0.pom (1.7 kB at 168 kB/s)
[INFO] Downloading from central: https://repo.maven.apache.org/maven2/org/junit/platform/junit-platform-commons/1.9.3/junit-platform-commons-1.9.3.pom
[INFO] Downloaded from central: https://repo.maven.apache.org/maven2/org/junit/platform/junit-platform-commons/1.9.3/junit-platform-commons-1.9.3.pom (2.8 kB at 236 kB/s)
[INFO] Downloading from central: https://repo.maven.apache.org/maven2/org/apache/maven/surefire/surefire-junit-platform/3.2.5/surefire-junit-platform-3.2.5.jar
[INFO] Downloaded from central: https://repo.maven.apache.org/maven2/org/apache/maven/surefire/surefire-junit-platform/3.2.5/surefire-junit-platform-3.2.5.jar (27 kB at 2.3 MB/s)
[INFO] Downloading from central: https://repo.maven.apache.org/maven2/org/apache/maven/surefire/common-java5/3.2.5/common-java5-3.2.5.jar
[INFO] Downloading from central: https://repo.maven.apache.org/maven2/org/junit/platform/junit-platform-launcher/1.9.3/junit-platform-launcher-1.9.3.jar
[INFO] Downloading from central: https://repo.maven.apache.org/maven2/org/junit/platform/junit-platform-engine/1.9.3/junit-platform-engine-1.9.3.jar
[INFO] Downloading from central: https://repo.maven.apache.org/maven2/org/opentest4j/opentest4j/1.2.0/opentest4j-1.2.0.jar
[INFO] Downloading from central: https://repo.maven.apache.org/maven2/org/junit/platform/junit-platform-commons/1.9.3/junit-platform-commons-1.9.3.jar
[INFO] Downloaded from central: https://repo.maven.apache.org/maven2/org/apache/maven/surefire/common-java5/3.2.5/common-java5-3.2.5.jar (18 kB at 1.6 MB/s)
[INFO] Downloaded from central: https://repo.maven.apache.org/maven2/org/opentest4j/opentest4j/1.2.0/opentest4j-1.2.0.jar (7.7 kB at 765 kB/s)
[INFO] Downloaded from central: https://repo.maven.apache.org/maven2/org/junit/platform/junit-platform-launcher/1.9.3/junit-platform-launcher-1.9.3.jar (169 kB at 13 MB/s)
[INFO] Downloaded from central: https://repo.maven.apache.org/maven2/org/junit/platform/junit-platform-commons/1.9.3/junit-platform-commons-1.9.3.jar (103 kB at 6.4 MB/s)
[INFO] Downloaded from central: https://repo.maven.apache.org/maven2/org/junit/platform/junit-platform-engine/1.9.3/junit-platform-engine-1.9.3.jar (189 kB at 10.0 MB/s)
[INFO] 
[INFO] -------------------------------------------------------
[INFO]  T E S T S
[INFO] -------------------------------------------------------
[INFO] Running pe.edu.perumar.perumar_backend.PerumarBackendApplicationTests
Standard Commons Logging discovery in action with spring-jcl: please remove commons-logging.jar from classpath in order to avoid potential conflicts
03:40:05.796 [main] INFO org.springframework.test.context.support.AnnotationConfigContextLoaderUtils -- Could not detect default configuration classes for test class [pe.edu.perumar.perumar_backend.PerumarBackendApplicationTests]: PerumarBackendApplicationTests does not declare any static, non-private, non-final, nested classes annotated with @Configuration.
03:40:05.891 [main] INFO org.springframework.boot.test.context.SpringBootTestContextBootstrapper -- Found @SpringBootConfiguration pe.edu.perumar.perumar_backend.PerumarBackendApplication for test class pe.edu.perumar.perumar_backend.PerumarBackendApplicationTests

  .   ____          _            __ _ _
 /\\ / ___'_ __ _ _(_)_ __  __ _ \ \ \ \
( ( )\___ | '_ | '_| | '_ \/ _` | \ \ \ \
 \\/  ___)| |_)| | | | | || (_| |  ) ) ) )
  '  |____| .__|_| |_|_| |_\__, | / / / /
 =========|_|==============|___/=/_/_/_/

 :: Spring Boot ::                (v3.5.4)

2025-08-14T03:40:06.328Z  INFO 2176 --- [perumar-backend] [           main] p.e.p.p.PerumarBackendApplicationTests   : Starting PerumarBackendApplicationTests using Java 21.0.8 with PID 2176 (started by runner in /home/runner/work/perumar-backend-webflux/perumar-backend-webflux)
2025-08-14T03:40:06.329Z  INFO 2176 --- [perumar-backend] [           main] p.e.p.p.PerumarBackendApplicationTests   : No active profile set, falling back to 1 default profile: "default"
2025-08-14T03:40:09.926Z  INFO 2176 --- [perumar-backend] [           main] o.s.b.a.e.web.EndpointLinksResolver      : Exposing 1 endpoint beneath base path '/actuator'
2025-08-14T03:40:10.215Z  INFO 2176 --- [perumar-backend] [           main] p.e.p.p.PerumarBackendApplicationTests   : Started PerumarBackendApplicationTests in 4.177 seconds (process running for 5.123)
Mockito is currently self-attaching to enable the inline-mock-maker. This will no longer work in future releases of the JDK. Please add Mockito as an agent to your build as described in Mockito's documentation: https://javadoc.io/doc/org.mockito/mockito-core/latest/org.mockito/org/mockito/Mockito.html#0.3
OpenJDK 64-Bit Server VM warning: Sharing is only supported for boot loader classes because bootstrap classpath has been appended
WARNING: A Java agent has been loaded dynamically (/home/runner/.m2/repository/net/bytebuddy/byte-buddy-agent/1.17.6/byte-buddy-agent-1.17.6.jar)
WARNING: If a serviceability tool is in use, please run with -XX:+EnableDynamicAgentLoading to hide this warning
WARNING: If a serviceability tool is not in use, please run with -Djdk.instrument.traceUsage for more information
WARNING: Dynamic loading of agents will be disallowed by default in a future release
[INFO] Tests run: 1, Failures: 0, Errors: 0, Skipped: 0, Time elapsed: 5.176 s -- in pe.edu.perumar.perumar_backend.PerumarBackendApplicationTests
[INFO] Running pe.edu.perumar.perumar_backend.service.MateriaServiceTest
[INFO] Tests run: 4, Failures: 0, Errors: 0, Skipped: 0, Time elapsed: 0.343 s -- in pe.edu.perumar.perumar_backend.service.MateriaServiceTest
[INFO] Running pe.edu.perumar.perumar_backend.service.CicloServiceTest
[INFO] Tests run: 2, Failures: 0, Errors: 0, Skipped: 0, Time elapsed: 0.180 s -- in pe.edu.perumar.perumar_backend.service.CicloServiceTest
[INFO] Running pe.edu.perumar.perumar_backend.service.CarreraServiceTest
[INFO] Tests run: 5, Failures: 0, Errors: 0, Skipped: 0, Time elapsed: 0.092 s -- in pe.edu.perumar.perumar_backend.service.CarreraServiceTest
[INFO] 
[INFO] Results:
[INFO] 
[INFO] Tests run: 12, Failures: 0, Errors: 0, Skipped: 0
[INFO] 
[INFO] 
[INFO] --- jar:3.4.2:jar (default-jar) @ perumar-backend ---
[INFO] Building jar: /home/runner/work/perumar-backend-webflux/perumar-backend-webflux/target/perumar-backend-0.0.1-SNAPSHOT.jar
[INFO] 
[INFO] --- spring-boot:3.5.4:repackage (repackage) @ perumar-backend ---
[INFO] Replacing main artifact /home/runner/work/perumar-backend-webflux/perumar-backend-webflux/target/perumar-backend-0.0.1-SNAPSHOT.jar with repackaged archive, adding nested dependencies in BOOT-INF/.
[INFO] The original artifact has been renamed to /home/runner/work/perumar-backend-webflux/perumar-backend-webflux/target/perumar-backend-0.0.1-SNAPSHOT.jar.original
[INFO] 
[INFO] --- failsafe:3.2.5:integration-test (default) @ perumar-backend ---
[INFO] Using auto detected provider org.apache.maven.surefire.junitplatform.JUnitPlatformProvider
[INFO] 
[INFO] -------------------------------------------------------
[INFO]  T E S T S
[INFO] -------------------------------------------------------
[INFO] Running pe.edu.perumar.perumar_backend.controller.CarreraControllerIT
Standard Commons Logging discovery in action with spring-jcl: please remove commons-logging.jar from classpath in order to avoid potential conflicts
03:40:15.137 [main] INFO org.springframework.test.context.support.AnnotationConfigContextLoaderUtils -- Could not detect default configuration classes for test class [pe.edu.perumar.perumar_backend.controller.CarreraControllerIT]: CarreraControllerIT does not declare any static, non-private, non-final, nested classes annotated with @Configuration.
03:40:15.350 [main] INFO org.springframework.boot.test.context.SpringBootTestContextBootstrapper -- Found @SpringBootConfiguration pe.edu.perumar.perumar_backend.PerumarBackendApplication for test class pe.edu.perumar.perumar_backend.controller.CarreraControllerIT

  .   ____          _            __ _ _
 /\\ / ___'_ __ _ _(_)_ __  __ _ \ \ \ \
( ( )\___ | '_ | '_| | '_ \/ _` | \ \ \ \
 \\/  ___)| |_)| | | | | || (_| |  ) ) ) )
  '  |____| .__|_| |_|_| |_\__, | / / / /
 =========|_|==============|___/=/_/_/_/

 :: Spring Boot ::                (v3.5.4)

2025-08-14T03:40:15.979Z  INFO 2256 --- [perumar-backend] [           main] p.e.p.p.controller.CarreraControllerIT   : Starting CarreraControllerIT using Java 21.0.8 with PID 2256 (started by runner in /home/runner/work/perumar-backend-webflux/perumar-backend-webflux)
2025-08-14T03:40:15.981Z  INFO 2256 --- [perumar-backend] [           main] p.e.p.p.controller.CarreraControllerIT   : No active profile set, falling back to 1 default profile: "default"
Mockito is currently self-attaching to enable the inline-mock-maker. This will no longer work in future releases of the JDK. Please add Mockito as an agent to your build as described in Mockito's documentation: https://javadoc.io/doc/org.mockito/mockito-core/latest/org.mockito/org/mockito/Mockito.html#0.3
WARNING: A Java agent has been loaded dynamically (/home/runner/.m2/repository/net/bytebuddy/byte-buddy-agent/1.17.6/byte-buddy-agent-1.17.6.jar)
WARNING: If a serviceability tool is in use, please run with -XX:+EnableDynamicAgentLoading to hide this warning
WARNING: If a serviceability tool is not in use, please run with -Djdk.instrument.traceUsage for more information
WARNING: Dynamic loading of agents will be disallowed by default in a future release
OpenJDK 64-Bit Server VM warning: Sharing is only supported for boot loader classes because bootstrap classpath has been appended
2025-08-14T03:40:20.447Z  INFO 2256 --- [perumar-backend] [           main] o.s.b.a.e.web.EndpointLinksResolver      : Exposing 1 endpoint beneath base path '/actuator'
2025-08-14T03:40:20.770Z  INFO 2256 --- [perumar-backend] [           main] o.s.b.web.embedded.netty.NettyWebServer  : Netty started on port 38601 (http)
2025-08-14T03:40:20.789Z  INFO 2256 --- [perumar-backend] [           main] p.e.p.p.controller.CarreraControllerIT   : Started CarreraControllerIT in 5.265 seconds (process running for 6.54)
2025-08-14T03:40:21.258Z ERROR 2256 --- [perumar-backend] [     parallel-2] a.w.r.e.AbstractErrorWebExceptionHandler : [2cd941cd]  500 Server Error for HTTP POST "/api/v1/carreras"

software.amazon.awssdk.core.exception.SdkClientException: Unable to load credentials from any of the providers in the chain AwsCredentialsProviderChain(credentialsProviders=[SystemPropertyCredentialsProvider(), EnvironmentVariableCredentialsProvider(), WebIdentityTokenCredentialsProvider(), ProfileCredentialsProvider(profileName=default, profileFile=ProfileFile(sections=[])), ContainerCredentialsProvider(), InstanceProfileCredentialsProvider()]) : [SystemPropertyCredentialsProvider(): Unable to load credentials from system settings. Access key must be specified either via environment variable (AWS_ACCESS_KEY_ID) or system property (aws.accessKeyId)., EnvironmentVariableCredentialsProvider(): Unable to load credentials from system settings. Access key must be specified either via environment variable (AWS_ACCESS_KEY_ID) or system property (aws.accessKeyId)., WebIdentityTokenCredentialsProvider(): Either the environment variable AWS_WEB_IDENTITY_TOKEN_FILE or the javaproperty aws.webIdentityTokenFile must be set., ProfileCredentialsProvider(profileName=default, profileFile=ProfileFile(sections=[])): Profile file contained no credentials for profile 'default': ProfileFile(sections=[]), ContainerCredentialsProvider(): Cannot fetch credentials from container - neither AWS_CONTAINER_CREDENTIALS_FULL_URI or AWS_CONTAINER_CREDENTIALS_RELATIVE_URI environment variables are set., InstanceProfileCredentialsProvider(): Failed to load credentials from IMDS.]
	at software.amazon.awssdk.core.exception.SdkClientException$BuilderImpl.build(SdkClientException.java:111) ~[sdk-core-2.25.60.jar:na]
	Suppressed: reactor.core.publisher.FluxOnAssembly$OnAssemblyException: 
Error has been observed at the following site(s):
	*__checkpoint ⇢ Handler pe.edu.perumar.perumar_backend.controller.CarreraController#crear(CarreraRequest) [DispatcherHandler]
	*__checkpoint ⇢ org.springframework.security.test.web.reactive.server.SecurityMockServerConfigurers$JwtMutator$$Lambda/0x00007f26f4a3d1f8 [DefaultWebFilterChain]
	*__checkpoint ⇢ AuthorizationWebFilter [DefaultWebFilterChain]
	*__checkpoint ⇢ ExceptionTranslationWebFilter [DefaultWebFilterChain]
	*__checkpoint ⇢ LogoutWebFilter [DefaultWebFilterChain]
	*__checkpoint ⇢ ServerRequestCacheWebFilter [DefaultWebFilterChain]
	*__checkpoint ⇢ SecurityContextServerWebExchangeWebFilter [DefaultWebFilterChain]
	*__checkpoint ⇢ AuthenticationWebFilter [DefaultWebFilterChain]
	*__checkpoint ⇢ ReactorContextWebFilter [DefaultWebFilterChain]
	*__checkpoint ⇢ CorsWebFilter [DefaultWebFilterChain]
	*__checkpoint ⇢ HttpHeaderWriterWebFilter [DefaultWebFilterChain]
	*__checkpoint ⇢ ServerWebExchangeReactorContextWebFilter [DefaultWebFilterChain]
	*__checkpoint ⇢ org.springframework.security.web.server.WebFilterChainProxy [DefaultWebFilterChain]
	*__checkpoint ⇢ org.springframework.security.test.web.reactive.server.SecurityMockServerConfigurers$MutatorFilter [DefaultWebFilterChain]
	*__checkpoint ⇢ org.springframework.security.test.web.reactive.server.SecurityMockServerConfigurers$SetupMutatorFilter [DefaultWebFilterChain]
	*__checkpoint ⇢ HTTP POST "/api/v1/carreras" [ExceptionHandlingWebHandler]
Original Stack Trace:
		at software.amazon.awssdk.core.exception.SdkClientException$BuilderImpl.build(SdkClientException.java:111) ~[sdk-core-2.25.60.jar:na]
		at software.amazon.awssdk.auth.credentials.AwsCredentialsProviderChain.resolveCredentials(AwsCredentialsProviderChain.java:130) ~[auth-2.25.60.jar:na]
		at software.amazon.awssdk.auth.credentials.internal.LazyAwsCredentialsProvider.resolveCredentials(LazyAwsCredentialsProvider.java:45) ~[auth-2.25.60.jar:na]
		at software.amazon.awssdk.auth.credentials.DefaultCredentialsProvider.resolveCredentials(DefaultCredentialsProvider.java:129) ~[auth-2.25.60.jar:na]
		at software.amazon.awssdk.auth.credentials.AwsCredentialsProvider.resolveIdentity(AwsCredentialsProvider.java:54) ~[auth-2.25.60.jar:na]
		at software.amazon.awssdk.services.dynamodb.auth.scheme.internal.DynamoDbAuthSchemeInterceptor.lambda$trySelectAuthScheme$4(DynamoDbAuthSchemeInterceptor.java:132) ~[dynamodb-2.25.60.jar:na]
		at software.amazon.awssdk.core.internal.util.MetricUtils.reportDuration(MetricUtils.java:77) ~[sdk-core-2.25.60.jar:na]
		at software.amazon.awssdk.services.dynamodb.auth.scheme.internal.DynamoDbAuthSchemeInterceptor.trySelectAuthScheme(DynamoDbAuthSchemeInterceptor.java:132) ~[dynamodb-2.25.60.jar:na]
		at software.amazon.awssdk.services.dynamodb.auth.scheme.internal.DynamoDbAuthSchemeInterceptor.selectAuthScheme(DynamoDbAuthSchemeInterceptor.java:81) ~[dynamodb-2.25.60.jar:na]
		at software.amazon.awssdk.services.dynamodb.auth.scheme.internal.DynamoDbAuthSchemeInterceptor.beforeExecution(DynamoDbAuthSchemeInterceptor.java:61) ~[dynamodb-2.25.60.jar:na]
		at software.amazon.awssdk.core.interceptor.ExecutionInterceptorChain.lambda$beforeExecution$1(ExecutionInterceptorChain.java:59) ~[sdk-core-2.25.60.jar:na]
		at java.base/java.util.ArrayList.forEach(ArrayList.java:1596) ~[na:na]
		at software.amazon.awssdk.core.interceptor.ExecutionInterceptorChain.beforeExecution(ExecutionInterceptorChain.java:59) ~[sdk-core-2.25.60.jar:na]
		at software.amazon.awssdk.awscore.internal.AwsExecutionContextBuilder.runInitialInterceptors(AwsExecutionContextBuilder.java:241) ~[aws-core-2.25.60.jar:na]
		at software.amazon.awssdk.awscore.internal.AwsExecutionContextBuilder.invokeInterceptorsAndCreateExecutionContext(AwsExecutionContextBuilder.java:132) ~[aws-core-2.25.60.jar:na]
		at software.amazon.awssdk.awscore.client.handler.AwsAsyncClientHandler.invokeInterceptorsAndCreateExecutionContext(AwsAsyncClientHandler.java:63) ~[aws-core-2.25.60.jar:na]
		at software.amazon.awssdk.core.internal.handler.BaseAsyncClientHandler.lambda$execute$1(BaseAsyncClientHandler.java:75) ~[sdk-core-2.25.60.jar:na]
		at software.amazon.awssdk.core.internal.handler.BaseAsyncClientHandler.measureApiCallSuccess(BaseAsyncClientHandler.java:294) ~[sdk-core-2.25.60.jar:na]
		at software.amazon.awssdk.core.internal.handler.BaseAsyncClientHandler.execute(BaseAsyncClientHandler.java:73) ~[sdk-core-2.25.60.jar:na]
		at software.amazon.awssdk.awscore.client.handler.AwsAsyncClientHandler.execute(AwsAsyncClientHandler.java:49) ~[aws-core-2.25.60.jar:na]
		at software.amazon.awssdk.services.dynamodb.DefaultDynamoDbAsyncClient.lambda$getItem$143(DefaultDynamoDbAsyncClient.java:3723) ~[dynamodb-2.25.60.jar:na]
		at java.base/java.util.concurrent.CompletableFuture.uniComposeStage(CompletableFuture.java:1187) ~[na:na]
		at java.base/java.util.concurrent.CompletableFuture.thenCompose(CompletableFuture.java:2341) ~[na:na]
		at software.amazon.awssdk.services.dynamodb.DefaultDynamoDbAsyncClient.getItem(DefaultDynamoDbAsyncClient.java:3722) ~[dynamodb-2.25.60.jar:na]
		at software.amazon.awssdk.enhanced.dynamodb.internal.operations.CommonOperation.executeAsync(CommonOperation.java:140) ~[dynamodb-enhanced-2.25.60.jar:na]
		at software.amazon.awssdk.enhanced.dynamodb.internal.operations.TableOperation.executeOnPrimaryIndexAsync(TableOperation.java:81) ~[dynamodb-enhanced-2.25.60.jar:na]
		at software.amazon.awssdk.enhanced.dynamodb.internal.client.DefaultDynamoDbAsyncTable.getItem(DefaultDynamoDbAsyncTable.java:161) ~[dynamodb-enhanced-2.25.60.jar:na]
		at software.amazon.awssdk.enhanced.dynamodb.internal.client.DefaultDynamoDbAsyncTable.getItem(DefaultDynamoDbAsyncTable.java:171) ~[dynamodb-enhanced-2.25.60.jar:na]
		at pe.edu.perumar.perumar_backend.repository.impl.MateriaRepositoryImpl.findByCodigo(MateriaRepositoryImpl.java:37) ~[classes/:na]
		at pe.edu.perumar.perumar_backend.service.CarreraService.lambda$validarMaterias$5(CarreraService.java:69) ~[classes/:na]
		at reactor.core.publisher.FluxFlatMap$FlatMapMain.onNext(FluxFlatMap.java:388) ~[reactor-core-3.7.8.jar:3.7.8]
		at reactor.core.publisher.FluxIterable$IterableSubscription.slowPath(FluxIterable.java:335) ~[reactor-core-3.7.8.jar:3.7.8]
		at reactor.core.publisher.FluxIterable$IterableSubscription.request(FluxIterable.java:294) ~[reactor-core-3.7.8.jar:3.7.8]
		at reactor.core.publisher.FluxFlatMap$FlatMapMain.onSubscribe(FluxFlatMap.java:373) ~[reactor-core-3.7.8.jar:3.7.8]
		at reactor.core.publisher.FluxIterable.subscribe(FluxIterable.java:201) ~[reactor-core-3.7.8.jar:3.7.8]
		at reactor.core.publisher.FluxIterable.subscribe(FluxIterable.java:83) ~[reactor-core-3.7.8.jar:3.7.8]
		at reactor.core.publisher.Mono.subscribe(Mono.java:4576) ~[reactor-core-3.7.8.jar:3.7.8]
		at reactor.core.publisher.MonoIgnoreThen$ThenIgnoreMain.subscribeNext(MonoIgnoreThen.java:265) ~[reactor-core-3.7.8.jar:3.7.8]
		at reactor.core.publisher.MonoIgnoreThen.subscribe(MonoIgnoreThen.java:51) ~[reactor-core-3.7.8.jar:3.7.8]
		at reactor.core.publisher.InternalMonoOperator.subscribe(InternalMonoOperator.java:76) ~[reactor-core-3.7.8.jar:3.7.8]
		at reactor.core.publisher.MonoDefer.subscribe(MonoDefer.java:53) ~[reactor-core-3.7.8.jar:3.7.8]
		at reactor.core.publisher.Mono.subscribe(Mono.java:4576) ~[reactor-core-3.7.8.jar:3.7.8]
		at reactor.core.publisher.FluxSwitchIfEmpty$SwitchIfEmptySubscriber.onComplete(FluxSwitchIfEmpty.java:82) ~[reactor-core-3.7.8.jar:3.7.8]
		at reactor.core.publisher.Operators.complete(Operators.java:137) ~[reactor-core-3.7.8.jar:3.7.8]
		at reactor.core.publisher.FluxFlatMap.trySubscribeScalarMap(FluxFlatMap.java:146) ~[reactor-core-3.7.8.jar:3.7.8]
		at reactor.core.publisher.MonoFlatMap.subscribeOrReturn(MonoFlatMap.java:53) ~[reactor-core-3.7.8.jar:3.7.8]
		at reactor.core.publisher.InternalMonoOperator.subscribe(InternalMonoOperator.java:63) ~[reactor-core-3.7.8.jar:3.7.8]
		at reactor.core.publisher.MonoDefer.subscribe(MonoDefer.java:53) ~[reactor-core-3.7.8.jar:3.7.8]
		at reactor.core.publisher.InternalMonoOperator.subscribe(InternalMonoOperator.java:76) ~[reactor-core-3.7.8.jar:3.7.8]
		at reactor.core.publisher.MonoFlatMap$FlatMapMain.onNext(MonoFlatMap.java:165) ~[reactor-core-3.7.8.jar:3.7.8]
		at reactor.core.publisher.FluxSwitchIfEmpty$SwitchIfEmptySubscriber.onNext(FluxSwitchIfEmpty.java:74) ~[reactor-core-3.7.8.jar:3.7.8]
		at reactor.core.publisher.FluxMap$MapSubscriber.onNext(FluxMap.java:122) ~[reactor-core-3.7.8.jar:3.7.8]
		at reactor.core.publisher.MonoPeekTerminal$MonoTerminalPeekSubscriber.onNext(MonoPeekTerminal.java:180) ~[reactor-core-3.7.8.jar:3.7.8]
		at reactor.core.publisher.FluxPeekFuseable$PeekFuseableConditionalSubscriber.onNext(FluxPeekFuseable.java:503) ~[reactor-core-3.7.8.jar:3.7.8]
		at reactor.core.publisher.MonoPeekTerminal$MonoTerminalPeekSubscriber.onNext(MonoPeekTerminal.java:180) ~[reactor-core-3.7.8.jar:3.7.8]
		at reactor.core.publisher.FluxMapFuseable$MapFuseableConditionalSubscriber.onNext(FluxMapFuseable.java:299) ~[reactor-core-3.7.8.jar:3.7.8]
		at reactor.core.publisher.MonoFlatMap$FlatMapMain.secondComplete(MonoFlatMap.java:245) ~[reactor-core-3.7.8.jar:3.7.8]
		at reactor.core.publisher.MonoFlatMap$FlatMapInner.onNext(MonoFlatMap.java:305) ~[reactor-core-3.7.8.jar:3.7.8]
		at reactor.core.publisher.Operators$ScalarSubscription.request(Operators.java:2570) ~[reactor-core-3.7.8.jar:3.7.8]
		at reactor.core.publisher.MonoFlatMap$FlatMapInner.onSubscribe(MonoFlatMap.java:291) ~[reactor-core-3.7.8.jar:3.7.8]
		at reactor.core.publisher.MonoJust.subscribe(MonoJust.java:55) ~[reactor-core-3.7.8.jar:3.7.8]
		at reactor.core.publisher.MonoDefer.subscribe(MonoDefer.java:53) ~[reactor-core-3.7.8.jar:3.7.8]
		at reactor.core.publisher.MonoFlatMap$FlatMapMain.onNext(MonoFlatMap.java:165) ~[reactor-core-3.7.8.jar:3.7.8]
		at reactor.core.publisher.FluxMap$MapSubscriber.onNext(FluxMap.java:122) ~[reactor-core-3.7.8.jar:3.7.8]
		at reactor.core.publisher.FluxMap$MapSubscriber.onNext(FluxMap.java:122) ~[reactor-core-3.7.8.jar:3.7.8]
		at reactor.core.publisher.FluxDefaultIfEmpty$DefaultIfEmptySubscriber.onNext(FluxDefaultIfEmpty.java:122) ~[reactor-core-3.7.8.jar:3.7.8]
		at reactor.core.publisher.FluxMapFuseable$MapFuseableSubscriber.onNext(FluxMapFuseable.java:129) ~[reactor-core-3.7.8.jar:3.7.8]
		at reactor.core.publisher.MonoFlatMap$FlatMapMain.secondComplete(MonoFlatMap.java:245) ~[reactor-core-3.7.8.jar:3.7.8]
		at reactor.core.publisher.MonoFlatMap$FlatMapInner.onNext(MonoFlatMap.java:305) ~[reactor-core-3.7.8.jar:3.7.8]
		at reactor.core.publisher.FluxMapFuseable$MapFuseableSubscriber.onNext(FluxMapFuseable.java:129) ~[reactor-core-3.7.8.jar:3.7.8]
		at reactor.core.publisher.Operators$ScalarSubscription.request(Operators.java:2570) ~[reactor-core-3.7.8.jar:3.7.8]
		at reactor.core.publisher.FluxMapFuseable$MapFuseableSubscriber.request(FluxMapFuseable.java:171) ~[reactor-core-3.7.8.jar:3.7.8]
		at reactor.core.publisher.MonoFlatMap$FlatMapInner.onSubscribe(MonoFlatMap.java:291) ~[reactor-core-3.7.8.jar:3.7.8]
		at reactor.core.publisher.FluxMapFuseable$MapFuseableSubscriber.onSubscribe(FluxMapFuseable.java:96) ~[reactor-core-3.7.8.jar:3.7.8]
		at reactor.core.publisher.MonoJust.subscribe(MonoJust.java:55) ~[reactor-core-3.7.8.jar:3.7.8]
		at reactor.core.publisher.InternalMonoOperator.subscribe(InternalMonoOperator.java:76) ~[reactor-core-3.7.8.jar:3.7.8]
		at reactor.core.publisher.MonoFlatMap$FlatMapMain.onNext(MonoFlatMap.java:165) ~[reactor-core-3.7.8.jar:3.7.8]
		at reactor.core.publisher.FluxFilter$FilterSubscriber.onNext(FluxFilter.java:113) ~[reactor-core-3.7.8.jar:3.7.8]
		at reactor.core.publisher.FluxMap$MapConditionalSubscriber.onNext(FluxMap.java:224) ~[reactor-core-3.7.8.jar:3.7.8]
		at reactor.core.publisher.Operators$ScalarSubscription.request(Operators.java:2570) ~[reactor-core-3.7.8.jar:3.7.8]
		at reactor.core.publisher.FluxMap$MapConditionalSubscriber.request(FluxMap.java:295) ~[reactor-core-3.7.8.jar:3.7.8]
		at reactor.core.publisher.FluxFilter$FilterSubscriber.request(FluxFilter.java:186) ~[reactor-core-3.7.8.jar:3.7.8]
		at reactor.core.publisher.MonoFlatMap$FlatMapMain.request(MonoFlatMap.java:194) ~[reactor-core-3.7.8.jar:3.7.8]
		at reactor.core.publisher.FluxMapFuseable$MapFuseableSubscriber.request(FluxMapFuseable.java:171) ~[reactor-core-3.7.8.jar:3.7.8]
		at reactor.core.publisher.FluxDefaultIfEmpty$DefaultIfEmptySubscriber.request(FluxDefaultIfEmpty.java:98) ~[reactor-core-3.7.8.jar:3.7.8]
		at reactor.core.publisher.FluxMap$MapSubscriber.request(FluxMap.java:164) ~[reactor-core-3.7.8.jar:3.7.8]
		at reactor.core.publisher.FluxMap$MapSubscriber.request(FluxMap.java:164) ~[reactor-core-3.7.8.jar:3.7.8]
		at reactor.core.publisher.MonoFlatMap$FlatMapMain.request(MonoFlatMap.java:194) ~[reactor-core-3.7.8.jar:3.7.8]
		at reactor.core.publisher.FluxMapFuseable$MapFuseableConditionalSubscriber.request(FluxMapFuseable.java:360) ~[reactor-core-3.7.8.jar:3.7.8]
		at reactor.core.publisher.MonoPeekTerminal$MonoTerminalPeekSubscriber.request(MonoPeekTerminal.java:139) ~[reactor-core-3.7.8.jar:3.7.8]
		at reactor.core.publisher.FluxPeekFuseable$PeekFuseableConditionalSubscriber.request(FluxPeekFuseable.java:437) ~[reactor-core-3.7.8.jar:3.7.8]
		at reactor.core.publisher.MonoPeekTerminal$MonoTerminalPeekSubscriber.request(MonoPeekTerminal.java:139) ~[reactor-core-3.7.8.jar:3.7.8]
		at reactor.core.publisher.FluxMap$MapSubscriber.request(FluxMap.java:164) ~[reactor-core-3.7.8.jar:3.7.8]
		at reactor.core.publisher.Operators$MultiSubscriptionSubscriber.set(Operators.java:2366) ~[reactor-core-3.7.8.jar:3.7.8]
		at reactor.core.publisher.Operators$MultiSubscriptionSubscriber.onSubscribe(Operators.java:2240) ~[reactor-core-3.7.8.jar:3.7.8]
		at reactor.core.publisher.FluxMap$MapSubscriber.onSubscribe(FluxMap.java:92) ~[reactor-core-3.7.8.jar:3.7.8]
		at reactor.core.publisher.MonoPeekTerminal$MonoTerminalPeekSubscriber.onSubscribe(MonoPeekTerminal.java:152) ~[reactor-core-3.7.8.jar:3.7.8]
		at reactor.core.publisher.FluxPeekFuseable$PeekFuseableConditionalSubscriber.onSubscribe(FluxPeekFuseable.java:471) ~[reactor-core-3.7.8.jar:3.7.8]
		at reactor.core.publisher.MonoPeekTerminal$MonoTerminalPeekSubscriber.onSubscribe(MonoPeekTerminal.java:152) ~[reactor-core-3.7.8.jar:3.7.8]
		at reactor.core.publisher.FluxMapFuseable$MapFuseableConditionalSubscriber.onSubscribe(FluxMapFuseable.java:265) ~[reactor-core-3.7.8.jar:3.7.8]
		at reactor.core.publisher.MonoFlatMap$FlatMapMain.onSubscribe(MonoFlatMap.java:117) ~[reactor-core-3.7.8.jar:3.7.8]
		at reactor.core.publisher.FluxMap$MapSubscriber.onSubscribe(FluxMap.java:92) ~[reactor-core-3.7.8.jar:3.7.8]
		at reactor.core.publisher.FluxMap$MapSubscriber.onSubscribe(FluxMap.java:92) ~[reactor-core-3.7.8.jar:3.7.8]
		at reactor.core.publisher.Operators$BaseFluxToMonoOperator.onSubscribe(Operators.java:2050) ~[reactor-core-3.7.8.jar:3.7.8]
		at reactor.core.publisher.FluxMapFuseable$MapFuseableSubscriber.onSubscribe(FluxMapFuseable.java:96) ~[reactor-core-3.7.8.jar:3.7.8]
		at reactor.core.publisher.MonoFlatMap$FlatMapMain.onSubscribe(MonoFlatMap.java:117) ~[reactor-core-3.7.8.jar:3.7.8]
		at reactor.core.publisher.FluxFilter$FilterSubscriber.onSubscribe(FluxFilter.java:85) ~[reactor-core-3.7.8.jar:3.7.8]
		at reactor.core.publisher.FluxMap$MapConditionalSubscriber.onSubscribe(FluxMap.java:194) ~[reactor-core-3.7.8.jar:3.7.8]
		at reactor.core.publisher.MonoJust.subscribe(MonoJust.java:55) ~[reactor-core-3.7.8.jar:3.7.8]
		at reactor.core.publisher.MonoDeferContextual.subscribe(MonoDeferContextual.java:55) ~[reactor-core-3.7.8.jar:3.7.8]
		at reactor.core.publisher.InternalMonoOperator.subscribe(InternalMonoOperator.java:76) ~[reactor-core-3.7.8.jar:3.7.8]
		at reactor.core.publisher.MonoDeferContextual.subscribe(MonoDeferContextual.java:55) ~[reactor-core-3.7.8.jar:3.7.8]
		at reactor.core.publisher.InternalMonoOperator.subscribe(InternalMonoOperator.java:76) ~[reactor-core-3.7.8.jar:3.7.8]
		at reactor.core.publisher.MonoFlatMap$FlatMapMain.onNext(MonoFlatMap.java:165) ~[reactor-core-3.7.8.jar:3.7.8]
		at reactor.core.publisher.FluxOnErrorResume$ResumeSubscriber.onNext(FluxOnErrorResume.java:79) ~[reactor-core-3.7.8.jar:3.7.8]
		at reactor.core.publisher.FluxOnErrorResume$ResumeSubscriber.onNext(FluxOnErrorResume.java:79) ~[reactor-core-3.7.8.jar:3.7.8]
		at reactor.core.publisher.FluxPeek$PeekSubscriber.onNext(FluxPeek.java:200) ~[reactor-core-3.7.8.jar:3.7.8]
		at reactor.core.publisher.MonoIgnoreThen$ThenIgnoreMain.complete(MonoIgnoreThen.java:294) ~[reactor-core-3.7.8.jar:3.7.8]
		at reactor.core.publisher.MonoIgnoreThen$ThenIgnoreMain.onNext(MonoIgnoreThen.java:188) ~[reactor-core-3.7.8.jar:3.7.8]
		at reactor.core.publisher.MonoFlatMap$FlatMapMain.onNext(MonoFlatMap.java:158) ~[reactor-core-3.7.8.jar:3.7.8]
		at reactor.core.publisher.MonoZip$ZipCoordinator.signal(MonoZip.java:297) ~[reactor-core-3.7.8.jar:3.7.8]
		at reactor.core.publisher.MonoZip$ZipInner.onNext(MonoZip.java:478) ~[reactor-core-3.7.8.jar:3.7.8]
		at reactor.core.publisher.MonoPeekTerminal$MonoTerminalPeekSubscriber.onNext(MonoPeekTerminal.java:180) ~[reactor-core-3.7.8.jar:3.7.8]
		at reactor.core.publisher.FluxDefaultIfEmpty$DefaultIfEmptySubscriber.onNext(FluxDefaultIfEmpty.java:122) ~[reactor-core-3.7.8.jar:3.7.8]
		at reactor.core.publisher.FluxPeek$PeekSubscriber.onNext(FluxPeek.java:200) ~[reactor-core-3.7.8.jar:3.7.8]
		at reactor.core.publisher.FluxSwitchIfEmpty$SwitchIfEmptySubscriber.onNext(FluxSwitchIfEmpty.java:74) ~[reactor-core-3.7.8.jar:3.7.8]
		at reactor.core.publisher.FluxOnErrorResume$ResumeSubscriber.onNext(FluxOnErrorResume.java:79) ~[reactor-core-3.7.8.jar:3.7.8]
		at reactor.core.publisher.MonoFlatMap$FlatMapMain.onNext(MonoFlatMap.java:158) ~[reactor-core-3.7.8.jar:3.7.8]
		at reactor.core.publisher.FluxContextWrite$ContextWriteSubscriber.onNext(FluxContextWrite.java:107) ~[reactor-core-3.7.8.jar:3.7.8]
		at reactor.core.publisher.FluxMapFuseable$MapFuseableConditionalSubscriber.onNext(FluxMapFuseable.java:299) ~[reactor-core-3.7.8.jar:3.7.8]
		at reactor.core.publisher.FluxFilterFuseable$FilterFuseableConditionalSubscriber.onNext(FluxFilterFuseable.java:337) ~[reactor-core-3.7.8.jar:3.7.8]
		at reactor.core.publisher.Operators$BaseFluxToMonoOperator.completePossiblyEmpty(Operators.java:2096) ~[reactor-core-3.7.8.jar:3.7.8]
		at reactor.core.publisher.MonoCollect$CollectSubscriber.onComplete(MonoCollect.java:145) ~[reactor-core-3.7.8.jar:3.7.8]
		at reactor.core.publisher.FluxPeekFuseable$PeekFuseableSubscriber.onComplete(FluxPeekFuseable.java:277) ~[reactor-core-3.7.8.jar:3.7.8]
		at reactor.core.publisher.FluxPeekFuseable$PeekFuseableSubscriber.onComplete(FluxPeekFuseable.java:277) ~[reactor-core-3.7.8.jar:3.7.8]
		at reactor.core.publisher.FluxPeekFuseable$PeekFuseableSubscriber.onComplete(FluxPeekFuseable.java:277) ~[reactor-core-3.7.8.jar:3.7.8]
		at reactor.core.publisher.FluxPeekFuseable$PeekFuseableSubscriber.onComplete(FluxPeekFuseable.java:277) ~[reactor-core-3.7.8.jar:3.7.8]
		at reactor.core.publisher.FluxPeekFuseable$PeekFuseableSubscriber.onComplete(FluxPeekFuseable.java:277) ~[reactor-core-3.7.8.jar:3.7.8]
		at reactor.core.publisher.FluxContextWrite$ContextWriteSubscriber.onComplete(FluxContextWrite.java:126) ~[reactor-core-3.7.8.jar:3.7.8]
		at reactor.core.publisher.Operators$ScalarSubscription.request(Operators.java:2572) ~[reactor-core-3.7.8.jar:3.7.8]
		at reactor.core.publisher.FluxContextWrite$ContextWriteSubscriber.request(FluxContextWrite.java:136) ~[reactor-core-3.7.8.jar:3.7.8]
		at reactor.core.publisher.FluxPeekFuseable$PeekFuseableSubscriber.request(FluxPeekFuseable.java:144) ~[reactor-core-3.7.8.jar:3.7.8]
		at reactor.core.publisher.FluxPeekFuseable$PeekFuseableSubscriber.request(FluxPeekFuseable.java:144) ~[reactor-core-3.7.8.jar:3.7.8]
		at reactor.core.publisher.FluxPeekFuseable$PeekFuseableSubscriber.request(FluxPeekFuseable.java:144) ~[reactor-core-3.7.8.jar:3.7.8]
		at reactor.core.publisher.FluxPeekFuseable$PeekFuseableSubscriber.request(FluxPeekFuseable.java:144) ~[reactor-core-3.7.8.jar:3.7.8]
		at reactor.core.publisher.FluxPeekFuseable$PeekFuseableSubscriber.request(FluxPeekFuseable.java:144) ~[reactor-core-3.7.8.jar:3.7.8]
		at reactor.core.publisher.Operators$BaseFluxToMonoOperator.request(Operators.java:2066) ~[reactor-core-3.7.8.jar:3.7.8]
		at reactor.core.publisher.FluxFilterFuseable$FilterFuseableConditionalSubscriber.request(FluxFilterFuseable.java:411) ~[reactor-core-3.7.8.jar:3.7.8]
		at reactor.core.publisher.FluxMapFuseable$MapFuseableConditionalSubscriber.request(FluxMapFuseable.java:360) ~[reactor-core-3.7.8.jar:3.7.8]
		at reactor.core.publisher.FluxContextWrite$ContextWriteSubscriber.request(FluxContextWrite.java:136) ~[reactor-core-3.7.8.jar:3.7.8]
		at reactor.core.publisher.MonoFlatMap$FlatMapMain.request(MonoFlatMap.java:194) ~[reactor-core-3.7.8.jar:3.7.8]
		at reactor.core.publisher.Operators$MultiSubscriptionSubscriber.set(Operators.java:2366) ~[reactor-core-3.7.8.jar:3.7.8]
		at reactor.core.publisher.FluxOnErrorResume$ResumeSubscriber.onSubscribe(FluxOnErrorResume.java:74) ~[reactor-core-3.7.8.jar:3.7.8]
		at reactor.core.publisher.MonoFlatMap$FlatMapMain.onSubscribe(MonoFlatMap.java:117) ~[reactor-core-3.7.8.jar:3.7.8]
		at reactor.core.publisher.FluxContextWrite$ContextWriteSubscriber.onSubscribe(FluxContextWrite.java:101) ~[reactor-core-3.7.8.jar:3.7.8]
		at reactor.core.publisher.FluxMapFuseable$MapFuseableConditionalSubscriber.onSubscribe(FluxMapFuseable.java:265) ~[reactor-core-3.7.8.jar:3.7.8]
		at reactor.core.publisher.FluxFilterFuseable$FilterFuseableConditionalSubscriber.onSubscribe(FluxFilterFuseable.java:305) ~[reactor-core-3.7.8.jar:3.7.8]
		at reactor.core.publisher.Operators$BaseFluxToMonoOperator.onSubscribe(Operators.java:2050) ~[reactor-core-3.7.8.jar:3.7.8]
		at reactor.core.publisher.FluxPeekFuseable$PeekFuseableSubscriber.onSubscribe(FluxPeekFuseable.java:178) ~[reactor-core-3.7.8.jar:3.7.8]
		at reactor.core.publisher.FluxPeekFuseable$PeekFuseableSubscriber.onSubscribe(FluxPeekFuseable.java:178) ~[reactor-core-3.7.8.jar:3.7.8]
		at reactor.core.publisher.FluxPeekFuseable$PeekFuseableSubscriber.onSubscribe(FluxPeekFuseable.java:178) ~[reactor-core-3.7.8.jar:3.7.8]
		at reactor.core.publisher.FluxPeekFuseable$PeekFuseableSubscriber.onSubscribe(FluxPeekFuseable.java:178) ~[reactor-core-3.7.8.jar:3.7.8]
		at reactor.core.publisher.FluxPeekFuseable$PeekFuseableSubscriber.onSubscribe(FluxPeekFuseable.java:178) ~[reactor-core-3.7.8.jar:3.7.8]
		at reactor.core.publisher.FluxContextWrite$ContextWriteSubscriber.onSubscribe(FluxContextWrite.java:101) ~[reactor-core-3.7.8.jar:3.7.8]
		at reactor.core.publisher.MonoJust.subscribe(MonoJust.java:55) ~[reactor-core-3.7.8.jar:3.7.8]
		at reactor.core.publisher.InternalMonoOperator.subscribe(InternalMonoOperator.java:76) ~[reactor-core-3.7.8.jar:3.7.8]
		at reactor.core.publisher.MonoDeferContextual.subscribe(MonoDeferContextual.java:55) ~[reactor-core-3.7.8.jar:3.7.8]
		at reactor.core.publisher.InternalMonoOperator.subscribe(InternalMonoOperator.java:76) ~[reactor-core-3.7.8.jar:3.7.8]
		at reactor.core.publisher.MonoZip$ZipCoordinator.request(MonoZip.java:220) ~[reactor-core-3.7.8.jar:3.7.8]
		at reactor.core.publisher.MonoFlatMap$FlatMapMain.request(MonoFlatMap.java:194) ~[reactor-core-3.7.8.jar:3.7.8]
		at reactor.core.publisher.MonoIgnoreThen$ThenIgnoreMain.onSubscribe(MonoIgnoreThen.java:135) ~[reactor-core-3.7.8.jar:3.7.8]
		at reactor.core.publisher.MonoFlatMap$FlatMapMain.onSubscribe(MonoFlatMap.java:117) ~[reactor-core-3.7.8.jar:3.7.8]
		at reactor.core.publisher.MonoZip.subscribe(MonoZip.java:129) ~[reactor-core-3.7.8.jar:3.7.8]
		at reactor.core.publisher.InternalMonoOperator.subscribe(InternalMonoOperator.java:76) ~[reactor-core-3.7.8.jar:3.7.8]
		at reactor.core.publisher.MonoDefer.subscribe(MonoDefer.java:53) ~[reactor-core-3.7.8.jar:3.7.8]
		at reactor.core.publisher.MonoIgnoreThen$ThenIgnoreMain.subscribeNext(MonoIgnoreThen.java:241) ~[reactor-core-3.7.8.jar:3.7.8]
		at reactor.core.publisher.MonoIgnoreThen$ThenIgnoreMain.onComplete(MonoIgnoreThen.java:204) ~[reactor-core-3.7.8.jar:3.7.8]
		at org.springframework.security.test.context.support.ReactorContextTestExecutionListener$DelegateTestExecutionListener$SecuritySubContext.onComplete(ReactorContextTestExecutionListener.java:130) ~[spring-security-test-6.5.2.jar:6.5.2]
		at reactor.core.publisher.MonoFlatMap$FlatMapMain.onComplete(MonoFlatMap.java:189) ~[reactor-core-3.7.8.jar:3.7.8]
		at reactor.core.publisher.Operators.complete(Operators.java:137) ~[reactor-core-3.7.8.jar:3.7.8]
		at reactor.core.publisher.MonoZip.subscribe(MonoZip.java:121) ~[reactor-core-3.7.8.jar:3.7.8]
		at reactor.core.publisher.Mono.subscribe(Mono.java:4576) ~[reactor-core-3.7.8.jar:3.7.8]
		at reactor.core.publisher.MonoIgnoreThen$ThenIgnoreMain.subscribeNext(MonoIgnoreThen.java:265) ~[reactor-core-3.7.8.jar:3.7.8]
		at reactor.core.publisher.MonoIgnoreThen.subscribe(MonoIgnoreThen.java:51) ~[reactor-core-3.7.8.jar:3.7.8]
		at reactor.core.publisher.InternalMonoOperator.subscribe(InternalMonoOperator.java:76) ~[reactor-core-3.7.8.jar:3.7.8]
		at reactor.core.publisher.MonoFlatMap$FlatMapMain.onNext(MonoFlatMap.java:165) ~[reactor-core-3.7.8.jar:3.7.8]
		at reactor.core.publisher.FluxOnErrorResume$ResumeSubscriber.onNext(FluxOnErrorResume.java:79) ~[reactor-core-3.7.8.jar:3.7.8]
		at reactor.core.publisher.FluxSwitchIfEmpty$SwitchIfEmptySubscriber.onNext(FluxSwitchIfEmpty.java:74) ~[reactor-core-3.7.8.jar:3.7.8]
		at reactor.core.publisher.MonoNext$NextSubscriber.onNext(MonoNext.java:82) ~[reactor-core-3.7.8.jar:3.7.8]
		at reactor.core.publisher.FluxConcatMapNoPrefetch$FluxConcatMapNoPrefetchSubscriber.innerNext(FluxConcatMapNoPrefetch.java:259) ~[reactor-core-3.7.8.jar:3.7.8]
		at reactor.core.publisher.FluxConcatMap$ConcatMapInner.onNext(FluxConcatMap.java:865) ~[reactor-core-3.7.8.jar:3.7.8]
		at org.springframework.security.test.context.support.ReactorContextTestExecutionListener$DelegateTestExecutionListener$SecuritySubContext.onNext(ReactorContextTestExecutionListener.java:120) ~[spring-security-test-6.5.2.jar:6.5.2]
		at reactor.core.publisher.FluxMapFuseable$MapFuseableSubscriber.onNext(FluxMapFuseable.java:129) ~[reactor-core-3.7.8.jar:3.7.8]
		at reactor.core.publisher.MonoPeekTerminal$MonoTerminalPeekSubscriber.onNext(MonoPeekTerminal.java:180) ~[reactor-core-3.7.8.jar:3.7.8]
		at reactor.core.publisher.Operators$ScalarSubscription.request(Operators.java:2570) ~[reactor-core-3.7.8.jar:3.7.8]
		at reactor.core.publisher.MonoPeekTerminal$MonoTerminalPeekSubscriber.request(MonoPeekTerminal.java:139) ~[reactor-core-3.7.8.jar:3.7.8]
		at reactor.core.publisher.FluxMapFuseable$MapFuseableSubscriber.request(FluxMapFuseable.java:171) ~[reactor-core-3.7.8.jar:3.7.8]
		at reactor.core.publisher.Operators$MultiSubscriptionSubscriber.request(Operators.java:2330) ~[reactor-core-3.7.8.jar:3.7.8]
		at reactor.core.publisher.FluxConcatMapNoPrefetch$FluxConcatMapNoPrefetchSubscriber.request(FluxConcatMapNoPrefetch.java:339) ~[reactor-core-3.7.8.jar:3.7.8]
		at reactor.core.publisher.MonoNext$NextSubscriber.request(MonoNext.java:108) ~[reactor-core-3.7.8.jar:3.7.8]
		at reactor.core.publisher.Operators$MultiSubscriptionSubscriber.set(Operators.java:2366) ~[reactor-core-3.7.8.jar:3.7.8]
		at reactor.core.publisher.Operators$MultiSubscriptionSubscriber.onSubscribe(Operators.java:2240) ~[reactor-core-3.7.8.jar:3.7.8]
		at reactor.core.publisher.MonoNext$NextSubscriber.onSubscribe(MonoNext.java:70) ~[reactor-core-3.7.8.jar:3.7.8]
		at reactor.core.publisher.FluxConcatMapNoPrefetch$FluxConcatMapNoPrefetchSubscriber.onSubscribe(FluxConcatMapNoPrefetch.java:164) ~[reactor-core-3.7.8.jar:3.7.8]
		at reactor.core.publisher.FluxIterable.subscribe(FluxIterable.java:201) ~[reactor-core-3.7.8.jar:3.7.8]
		at reactor.core.publisher.FluxIterable.subscribe(FluxIterable.java:83) ~[reactor-core-3.7.8.jar:3.7.8]
		at reactor.core.publisher.InternalMonoOperator.subscribe(InternalMonoOperator.java:76) ~[reactor-core-3.7.8.jar:3.7.8]
		at reactor.core.publisher.MonoDefer.subscribe(MonoDefer.java:53) ~[reactor-core-3.7.8.jar:3.7.8]
		at reactor.core.publisher.InternalMonoOperator.subscribe(InternalMonoOperator.java:76) ~[reactor-core-3.7.8.jar:3.7.8]
		at reactor.core.publisher.MonoDefer.subscribe(MonoDefer.java:53) ~[reactor-core-3.7.8.jar:3.7.8]
		at reactor.core.publisher.InternalMonoOperator.subscribe(InternalMonoOperator.java:76) ~[reactor-core-3.7.8.jar:3.7.8]
		at reactor.core.publisher.MonoDeferContextual.subscribe(MonoDeferContextual.java:55) ~[reactor-core-3.7.8.jar:3.7.8]
		at reactor.core.publisher.MonoDefer.subscribe(MonoDefer.java:53) ~[reactor-core-3.7.8.jar:3.7.8]
		at reactor.core.publisher.Mono.subscribe(Mono.java:4576) ~[reactor-core-3.7.8.jar:3.7.8]
		at reactor.core.publisher.FluxSwitchIfEmpty$SwitchIfEmptySubscriber.onComplete(FluxSwitchIfEmpty.java:82) ~[reactor-core-3.7.8.jar:3.7.8]
		at reactor.core.publisher.MonoPeekTerminal$MonoTerminalPeekSubscriber.onComplete(MonoPeekTerminal.java:299) ~[reactor-core-3.7.8.jar:3.7.8]
		at reactor.core.publisher.MonoPeekTerminal$MonoTerminalPeekSubscriber.onComplete(MonoPeekTerminal.java:299) ~[reactor-core-3.7.8.jar:3.7.8]
		at reactor.core.publisher.MonoFlatMap$FlatMapMain.onNext(MonoFlatMap.java:155) ~[reactor-core-3.7.8.jar:3.7.8]
		at reactor.core.publisher.FluxSwitchIfEmpty$SwitchIfEmptySubscriber.onNext(FluxSwitchIfEmpty.java:74) ~[reactor-core-3.7.8.jar:3.7.8]
		at reactor.core.publisher.FluxFilter$FilterSubscriber.onNext(FluxFilter.java:113) ~[reactor-core-3.7.8.jar:3.7.8]
		at reactor.core.publisher.MonoPeekTerminal$MonoTerminalPeekSubscriber.onNext(MonoPeekTerminal.java:180) ~[reactor-core-3.7.8.jar:3.7.8]
		at reactor.core.publisher.FluxPeekFuseable$PeekFuseableConditionalSubscriber.onNext(FluxPeekFuseable.java:503) ~[reactor-core-3.7.8.jar:3.7.8]
		at reactor.core.publisher.MonoPeekTerminal$MonoTerminalPeekSubscriber.onNext(MonoPeekTerminal.java:180) ~[reactor-core-3.7.8.jar:3.7.8]
		at reactor.core.publisher.FluxDefaultIfEmpty$DefaultIfEmptySubscriber.onNext(FluxDefaultIfEmpty.java:122) ~[reactor-core-3.7.8.jar:3.7.8]
		at reactor.core.publisher.MonoNext$NextSubscriber.onNext(MonoNext.java:82) ~[reactor-core-3.7.8.jar:3.7.8]
		at reactor.core.publisher.FluxConcatMapNoPrefetch$FluxConcatMapNoPrefetchSubscriber.innerNext(FluxConcatMapNoPrefetch.java:259) ~[reactor-core-3.7.8.jar:3.7.8]
		at reactor.core.publisher.FluxConcatMap$ConcatMapInner.onNext(FluxConcatMap.java:865) ~[reactor-core-3.7.8.jar:3.7.8]
		at org.springframework.security.test.context.support.ReactorContextTestExecutionListener$DelegateTestExecutionListener$SecuritySubContext.onNext(ReactorContextTestExecutionListener.java:120) ~[spring-security-test-6.5.2.jar:6.5.2]
		at reactor.core.publisher.MonoFlatMap$FlatMapMain.secondComplete(MonoFlatMap.java:245) ~[reactor-core-3.7.8.jar:3.7.8]
		at reactor.core.publisher.MonoFlatMap$FlatMapInner.onNext(MonoFlatMap.java:305) ~[reactor-core-3.7.8.jar:3.7.8]
		at reactor.core.publisher.FluxDefaultIfEmpty$DefaultIfEmptySubscriber.onNext(FluxDefaultIfEmpty.java:122) ~[reactor-core-3.7.8.jar:3.7.8]
		at reactor.core.publisher.FluxMapFuseable$MapFuseableSubscriber.onNext(FluxMapFuseable.java:129) ~[reactor-core-3.7.8.jar:3.7.8]
		at reactor.core.publisher.FluxFilterFuseable$FilterFuseableSubscriber.onNext(FluxFilterFuseable.java:118) ~[reactor-core-3.7.8.jar:3.7.8]
		at reactor.core.publisher.FluxMapFuseable$MapFuseableConditionalSubscriber.onNext(FluxMapFuseable.java:299) ~[reactor-core-3.7.8.jar:3.7.8]
		at reactor.core.publisher.FluxMapFuseable$MapFuseableConditionalSubscriber.onNext(FluxMapFuseable.java:299) ~[reactor-core-3.7.8.jar:3.7.8]
		at reactor.core.publisher.FluxFilterFuseable$FilterFuseableConditionalSubscriber.onNext(FluxFilterFuseable.java:337) ~[reactor-core-3.7.8.jar:3.7.8]
		at reactor.core.publisher.MonoFlatMap$FlatMapMain.secondComplete(MonoFlatMap.java:245) ~[reactor-core-3.7.8.jar:3.7.8]
		at reactor.core.publisher.MonoFlatMap$FlatMapInner.onNext(MonoFlatMap.java:305) ~[reactor-core-3.7.8.jar:3.7.8]
		at reactor.core.publisher.FluxMapFuseable$MapFuseableSubscriber.onNext(FluxMapFuseable.java:129) ~[reactor-core-3.7.8.jar:3.7.8]
		at reactor.core.publisher.Operators$ScalarSubscription.request(Operators.java:2570) ~[reactor-core-3.7.8.jar:3.7.8]
		at reactor.core.publisher.FluxMapFuseable$MapFuseableSubscriber.request(FluxMapFuseable.java:171) ~[reactor-core-3.7.8.jar:3.7.8]
		at reactor.core.publisher.MonoFlatMap$FlatMapInner.onSubscribe(MonoFlatMap.java:291) ~[reactor-core-3.7.8.jar:3.7.8]
		at reactor.core.publisher.FluxMapFuseable$MapFuseableSubscriber.onSubscribe(FluxMapFuseable.java:96) ~[reactor-core-3.7.8.jar:3.7.8]
		at reactor.core.publisher.MonoJust.subscribe(MonoJust.java:55) ~[reactor-core-3.7.8.jar:3.7.8]
		at reactor.core.publisher.InternalMonoOperator.subscribe(InternalMonoOperator.java:76) ~[reactor-core-3.7.8.jar:3.7.8]
		at reactor.core.publisher.MonoFlatMap$FlatMapMain.onNext(MonoFlatMap.java:165) ~[reactor-core-3.7.8.jar:3.7.8]
		at reactor.core.publisher.FluxFilter$FilterSubscriber.onNext(FluxFilter.java:113) ~[reactor-core-3.7.8.jar:3.7.8]
		at reactor.core.publisher.FluxMap$MapConditionalSubscriber.onNext(FluxMap.java:224) ~[reactor-core-3.7.8.jar:3.7.8]
		at reactor.core.publisher.Operators$ScalarSubscription.request(Operators.java:2570) ~[reactor-core-3.7.8.jar:3.7.8]
		at reactor.core.publisher.FluxMap$MapConditionalSubscriber.request(FluxMap.java:295) ~[reactor-core-3.7.8.jar:3.7.8]
		at reactor.core.publisher.FluxFilter$FilterSubscriber.request(FluxFilter.java:186) ~[reactor-core-3.7.8.jar:3.7.8]
		at reactor.core.publisher.MonoFlatMap$FlatMapMain.request(MonoFlatMap.java:194) ~[reactor-core-3.7.8.jar:3.7.8]
		at reactor.core.publisher.FluxFilterFuseable$FilterFuseableConditionalSubscriber.request(FluxFilterFuseable.java:411) ~[reactor-core-3.7.8.jar:3.7.8]
		at reactor.core.publisher.FluxMapFuseable$MapFuseableConditionalSubscriber.request(FluxMapFuseable.java:360) ~[reactor-core-3.7.8.jar:3.7.8]
		at reactor.core.publisher.FluxMapFuseable$MapFuseableConditionalSubscriber.request(FluxMapFuseable.java:360) ~[reactor-core-3.7.8.jar:3.7.8]
		at reactor.core.publisher.FluxFilterFuseable$FilterFuseableSubscriber.request(FluxFilterFuseable.java:191) ~[reactor-core-3.7.8.jar:3.7.8]
		at reactor.core.publisher.FluxMapFuseable$MapFuseableSubscriber.request(FluxMapFuseable.java:171) ~[reactor-core-3.7.8.jar:3.7.8]
		at reactor.core.publisher.FluxDefaultIfEmpty$DefaultIfEmptySubscriber.request(FluxDefaultIfEmpty.java:98) ~[reactor-core-3.7.8.jar:3.7.8]
		at reactor.core.publisher.MonoFlatMap$FlatMapInner.onSubscribe(MonoFlatMap.java:291) ~[reactor-core-3.7.8.jar:3.7.8]
		at reactor.core.publisher.Operators$BaseFluxToMonoOperator.onSubscribe(Operators.java:2050) ~[reactor-core-3.7.8.jar:3.7.8]
		at reactor.core.publisher.FluxMapFuseable$MapFuseableSubscriber.onSubscribe(FluxMapFuseable.java:96) ~[reactor-core-3.7.8.jar:3.7.8]
		at reactor.core.publisher.FluxFilterFuseable$FilterFuseableSubscriber.onSubscribe(FluxFilterFuseable.java:87) ~[reactor-core-3.7.8.jar:3.7.8]
		at reactor.core.publisher.FluxMapFuseable$MapFuseableConditionalSubscriber.onSubscribe(FluxMapFuseable.java:265) ~[reactor-core-3.7.8.jar:3.7.8]
		at reactor.core.publisher.FluxMapFuseable$MapFuseableConditionalSubscriber.onSubscribe(FluxMapFuseable.java:265) ~[reactor-core-3.7.8.jar:3.7.8]
		at reactor.core.publisher.FluxFilterFuseable$FilterFuseableConditionalSubscriber.onSubscribe(FluxFilterFuseable.java:305) ~[reactor-core-3.7.8.jar:3.7.8]
		at reactor.core.publisher.MonoFlatMap$FlatMapMain.onSubscribe(MonoFlatMap.java:117) ~[reactor-core-3.7.8.jar:3.7.8]
		at reactor.core.publisher.FluxFilter$FilterSubscriber.onSubscribe(FluxFilter.java:85) ~[reactor-core-3.7.8.jar:3.7.8]
		at reactor.core.publisher.FluxMap$MapConditionalSubscriber.onSubscribe(FluxMap.java:194) ~[reactor-core-3.7.8.jar:3.7.8]
		at reactor.core.publisher.MonoJust.subscribe(MonoJust.java:55) ~[reactor-core-3.7.8.jar:3.7.8]
		at reactor.core.publisher.MonoDeferContextual.subscribe(MonoDeferContextual.java:55) ~[reactor-core-3.7.8.jar:3.7.8]
		at reactor.core.publisher.InternalMonoOperator.subscribe(InternalMonoOperator.java:76) ~[reactor-core-3.7.8.jar:3.7.8]
		at reactor.core.publisher.MonoFlatMap$FlatMapMain.onNext(MonoFlatMap.java:165) ~[reactor-core-3.7.8.jar:3.7.8]
		at reactor.core.publisher.FluxMapFuseable$MapFuseableSubscriber.onNext(FluxMapFuseable.java:129) ~[reactor-core-3.7.8.jar:3.7.8]
		at reactor.core.publisher.FluxFilterFuseable$FilterFuseableSubscriber.onNext(FluxFilterFuseable.java:118) ~[reactor-core-3.7.8.jar:3.7.8]
		at reactor.core.publisher.Operators$ScalarSubscription.request(Operators.java:2570) ~[reactor-core-3.7.8.jar:3.7.8]
		at reactor.core.publisher.FluxFilterFuseable$FilterFuseableSubscriber.request(FluxFilterFuseable.java:191) ~[reactor-core-3.7.8.jar:3.7.8]
		at reactor.core.publisher.FluxMapFuseable$MapFuseableSubscriber.request(FluxMapFuseable.java:171) ~[reactor-core-3.7.8.jar:3.7.8]
		at reactor.core.publisher.MonoFlatMap$FlatMapMain.request(MonoFlatMap.java:194) ~[reactor-core-3.7.8.jar:3.7.8]
		at reactor.core.publisher.Operators$MultiSubscriptionSubscriber.set(Operators.java:2366) ~[reactor-core-3.7.8.jar:3.7.8]
		at reactor.core.publisher.Operators$MultiSubscriptionSubscriber.onSubscribe(Operators.java:2240) ~[reactor-core-3.7.8.jar:3.7.8]
		at org.springframework.security.test.context.support.ReactorContextTestExecutionListener$DelegateTestExecutionListener$SecuritySubContext.onSubscribe(ReactorContextTestExecutionListener.java:115) ~[spring-security-test-6.5.2.jar:6.5.2]
		at reactor.core.publisher.MonoFlatMap$FlatMapMain.onSubscribe(MonoFlatMap.java:117) ~[reactor-core-3.7.8.jar:3.7.8]
		at reactor.core.publisher.FluxMapFuseable$MapFuseableSubscriber.onSubscribe(FluxMapFuseable.java:96) ~[reactor-core-3.7.8.jar:3.7.8]
		at reactor.core.publisher.FluxFilterFuseable$FilterFuseableSubscriber.onSubscribe(FluxFilterFuseable.java:87) ~[reactor-core-3.7.8.jar:3.7.8]
		at reactor.core.publisher.MonoJust.subscribe(MonoJust.java:55) ~[reactor-core-3.7.8.jar:3.7.8]
		at reactor.core.publisher.Mono.subscribe(Mono.java:4576) ~[reactor-core-3.7.8.jar:3.7.8]
		at reactor.core.publisher.FluxConcatMapNoPrefetch$FluxConcatMapNoPrefetchSubscriber.onNext(FluxConcatMapNoPrefetch.java:207) ~[reactor-core-3.7.8.jar:3.7.8]
		at reactor.core.publisher.FluxIterable$IterableSubscription.slowPath(FluxIterable.java:335) ~[reactor-core-3.7.8.jar:3.7.8]
		at reactor.core.publisher.FluxIterable$IterableSubscription.request(FluxIterable.java:294) ~[reactor-core-3.7.8.jar:3.7.8]
		at reactor.core.publisher.FluxConcatMapNoPrefetch$FluxConcatMapNoPrefetchSubscriber.innerComplete(FluxConcatMapNoPrefetch.java:275) ~[reactor-core-3.7.8.jar:3.7.8]
		at reactor.core.publisher.FluxConcatMap$ConcatMapInner.onComplete(FluxConcatMap.java:889) ~[reactor-core-3.7.8.jar:3.7.8]
		at org.springframework.security.test.context.support.ReactorContextTestExecutionListener$DelegateTestExecutionListener$SecuritySubContext.onComplete(ReactorContextTestExecutionListener.java:130) ~[spring-security-test-6.5.2.jar:6.5.2]
		at reactor.core.publisher.MonoFlatMap$FlatMapMain.onComplete(MonoFlatMap.java:189) ~[reactor-core-3.7.8.jar:3.7.8]
		at reactor.core.publisher.FluxMap$MapSubscriber.onComplete(FluxMap.java:144) ~[reactor-core-3.7.8.jar:3.7.8]
		at reactor.core.publisher.FluxFilter$FilterSubscriber.onComplete(FluxFilter.java:166) ~[reactor-core-3.7.8.jar:3.7.8]
		at reactor.core.publisher.FluxPeekFuseable$PeekConditionalSubscriber.onComplete(FluxPeekFuseable.java:940) ~[reactor-core-3.7.8.jar:3.7.8]
		at reactor.core.publisher.FluxSwitchIfEmpty$SwitchIfEmptySubscriber.onComplete(FluxSwitchIfEmpty.java:85) ~[reactor-core-3.7.8.jar:3.7.8]
		at org.springframework.security.test.context.support.ReactorContextTestExecutionListener$DelegateTestExecutionListener$SecuritySubContext.onComplete(ReactorContextTestExecutionListener.java:130) ~[spring-security-test-6.5.2.jar:6.5.2]
		at reactor.core.publisher.Operators$ScalarSubscription.request(Operators.java:2572) ~[reactor-core-3.7.8.jar:3.7.8]
		at reactor.core.publisher.Operators$MultiSubscriptionSubscriber.set(Operators.java:2366) ~[reactor-core-3.7.8.jar:3.7.8]
		at reactor.core.publisher.Operators$MultiSubscriptionSubscriber.onSubscribe(Operators.java:2240) ~[reactor-core-3.7.8.jar:3.7.8]
		at org.springframework.security.test.context.support.ReactorContextTestExecutionListener$DelegateTestExecutionListener$SecuritySubContext.onSubscribe(ReactorContextTestExecutionListener.java:115) ~[spring-security-test-6.5.2.jar:6.5.2]
		at reactor.core.publisher.MonoJust.subscribe(MonoJust.java:55) ~[reactor-core-3.7.8.jar:3.7.8]
		at reactor.core.publisher.Mono.subscribe(Mono.java:4576) ~[reactor-core-3.7.8.jar:3.7.8]
		at reactor.core.publisher.FluxSwitchIfEmpty$SwitchIfEmptySubscriber.onComplete(FluxSwitchIfEmpty.java:82) ~[reactor-core-3.7.8.jar:3.7.8]
		at reactor.core.publisher.MonoNext$NextSubscriber.onComplete(MonoNext.java:102) ~[reactor-core-3.7.8.jar:3.7.8]
		at reactor.core.publisher.FluxFilter$FilterSubscriber.onComplete(FluxFilter.java:166) ~[reactor-core-3.7.8.jar:3.7.8]
		at reactor.core.publisher.FluxFlatMap$FlatMapMain.checkTerminated(FluxFlatMap.java:850) ~[reactor-core-3.7.8.jar:3.7.8]
		at reactor.core.publisher.FluxFlatMap$FlatMapMain.drainLoop(FluxFlatMap.java:612) ~[reactor-core-3.7.8.jar:3.7.8]
		at reactor.core.publisher.FluxFlatMap$FlatMapMain.drain(FluxFlatMap.java:592) ~[reactor-core-3.7.8.jar:3.7.8]
		at reactor.core.publisher.FluxFlatMap$FlatMapMain.request(FluxFlatMap.java:349) ~[reactor-core-3.7.8.jar:3.7.8]
		at reactor.core.publisher.FluxFilter$FilterSubscriber.request(FluxFilter.java:186) ~[reactor-core-3.7.8.jar:3.7.8]
		at reactor.core.publisher.MonoNext$NextSubscriber.request(MonoNext.java:108) ~[reactor-core-3.7.8.jar:3.7.8]
		at reactor.core.publisher.Operators$MultiSubscriptionSubscriber.request(Operators.java:2330) ~[reactor-core-3.7.8.jar:3.7.8]
		at reactor.core.publisher.FluxPeekFuseable$PeekConditionalSubscriber.request(FluxPeekFuseable.java:783) ~[reactor-core-3.7.8.jar:3.7.8]
		at reactor.core.publisher.FluxFilter$FilterSubscriber.request(FluxFilter.java:186) ~[reactor-core-3.7.8.jar:3.7.8]
		at reactor.core.publisher.FluxMap$MapSubscriber.request(FluxMap.java:164) ~[reactor-core-3.7.8.jar:3.7.8]
		at reactor.core.publisher.MonoFlatMap$FlatMapMain.request(MonoFlatMap.java:194) ~[reactor-core-3.7.8.jar:3.7.8]
		at reactor.core.publisher.Operators$MultiSubscriptionSubscriber.request(Operators.java:2330) ~[reactor-core-3.7.8.jar:3.7.8]
		at reactor.core.publisher.FluxConcatMapNoPrefetch$FluxConcatMapNoPrefetchSubscriber.request(FluxConcatMapNoPrefetch.java:339) ~[reactor-core-3.7.8.jar:3.7.8]
		at reactor.core.publisher.MonoNext$NextSubscriber.request(MonoNext.java:108) ~[reactor-core-3.7.8.jar:3.7.8]
		at reactor.core.publisher.FluxDefaultIfEmpty$DefaultIfEmptySubscriber.request(FluxDefaultIfEmpty.java:98) ~[reactor-core-3.7.8.jar:3.7.8]
		at reactor.core.publisher.MonoPeekTerminal$MonoTerminalPeekSubscriber.request(MonoPeekTerminal.java:139) ~[reactor-core-3.7.8.jar:3.7.8]
		at reactor.core.publisher.FluxPeekFuseable$PeekFuseableConditionalSubscriber.request(FluxPeekFuseable.java:437) ~[reactor-core-3.7.8.jar:3.7.8]
		at reactor.core.publisher.MonoPeekTerminal$MonoTerminalPeekSubscriber.request(MonoPeekTerminal.java:139) ~[reactor-core-3.7.8.jar:3.7.8]
		at reactor.core.publisher.FluxFilter$FilterSubscriber.request(FluxFilter.java:186) ~[reactor-core-3.7.8.jar:3.7.8]
		at reactor.core.publisher.Operators$MultiSubscriptionSubscriber.set(Operators.java:2366) ~[reactor-core-3.7.8.jar:3.7.8]
		at reactor.core.publisher.Operators$MultiSubscriptionSubscriber.onSubscribe(Operators.java:2240) ~[reactor-core-3.7.8.jar:3.7.8]
		at reactor.core.publisher.FluxFilter$FilterSubscriber.onSubscribe(FluxFilter.java:85) ~[reactor-core-3.7.8.jar:3.7.8]
		at reactor.core.publisher.MonoPeekTerminal$MonoTerminalPeekSubscriber.onSubscribe(MonoPeekTerminal.java:152) ~[reactor-core-3.7.8.jar:3.7.8]
		at reactor.core.publisher.FluxPeekFuseable$PeekFuseableConditionalSubscriber.onSubscribe(FluxPeekFuseable.java:471) ~[reactor-core-3.7.8.jar:3.7.8]
		at reactor.core.publisher.MonoPeekTerminal$MonoTerminalPeekSubscriber.onSubscribe(MonoPeekTerminal.java:152) ~[reactor-core-3.7.8.jar:3.7.8]
		at reactor.core.publisher.Operators$BaseFluxToMonoOperator.onSubscribe(Operators.java:2050) ~[reactor-core-3.7.8.jar:3.7.8]
		at reactor.core.publisher.MonoNext$NextSubscriber.onSubscribe(MonoNext.java:70) ~[reactor-core-3.7.8.jar:3.7.8]
		at reactor.core.publisher.FluxConcatMapNoPrefetch$FluxConcatMapNoPrefetchSubscriber.onSubscribe(FluxConcatMapNoPrefetch.java:164) ~[reactor-core-3.7.8.jar:3.7.8]
		at reactor.core.publisher.FluxIterable.subscribe(FluxIterable.java:201) ~[reactor-core-3.7.8.jar:3.7.8]
		at reactor.core.publisher.FluxIterable.subscribe(FluxIterable.java:83) ~[reactor-core-3.7.8.jar:3.7.8]
		at reactor.core.publisher.InternalMonoOperator.subscribe(InternalMonoOperator.java:76) ~[reactor-core-3.7.8.jar:3.7.8]
		at reactor.core.publisher.MonoDeferContextual.subscribe(MonoDeferContextual.java:55) ~[reactor-core-3.7.8.jar:3.7.8]
		at reactor.core.publisher.InternalMonoOperator.subscribe(InternalMonoOperator.java:76) ~[reactor-core-3.7.8.jar:3.7.8]
		at reactor.core.publisher.MonoDefer.subscribe(MonoDefer.java:53) ~[reactor-core-3.7.8.jar:3.7.8]
		at reactor.core.publisher.InternalMonoOperator.subscribe(InternalMonoOperator.java:76) ~[reactor-core-3.7.8.jar:3.7.8]
		at reactor.core.publisher.MonoDefer.subscribe(MonoDefer.java:53) ~[reactor-core-3.7.8.jar:3.7.8]
		at reactor.core.publisher.Mono.subscribe(Mono.java:4576) ~[reactor-core-3.7.8.jar:3.7.8]
		at reactor.core.publisher.MonoIgnoreThen$ThenIgnoreMain.subscribeNext(MonoIgnoreThen.java:265) ~[reactor-core-3.7.8.jar:3.7.8]
		at reactor.core.publisher.MonoIgnoreThen.subscribe(MonoIgnoreThen.java:51) ~[reactor-core-3.7.8.jar:3.7.8]
		at reactor.core.publisher.Mono.subscribe(Mono.java:4576) ~[reactor-core-3.7.8.jar:3.7.8]
		at reactor.core.publisher.FluxSwitchIfEmpty$SwitchIfEmptySubscriber.onComplete(FluxSwitchIfEmpty.java:82) ~[reactor-core-3.7.8.jar:3.7.8]
		at reactor.core.publisher.FluxFilter$FilterSubscriber.onComplete(FluxFilter.java:166) ~[reactor-core-3.7.8.jar:3.7.8]
		at reactor.core.publisher.FluxPeekFuseable$PeekConditionalSubscriber.onComplete(FluxPeekFuseable.java:940) ~[reactor-core-3.7.8.jar:3.7.8]
		at reactor.core.publisher.FluxSwitchIfEmpty$SwitchIfEmptySubscriber.onComplete(FluxSwitchIfEmpty.java:85) ~[reactor-core-3.7.8.jar:3.7.8]
		at org.springframework.security.test.context.support.ReactorContextTestExecutionListener$DelegateTestExecutionListener$SecuritySubContext.onComplete(ReactorContextTestExecutionListener.java:130) ~[spring-security-test-6.5.2.jar:6.5.2]
		at reactor.core.publisher.Operators$ScalarSubscription.request(Operators.java:2572) ~[reactor-core-3.7.8.jar:3.7.8]
		at reactor.core.publisher.Operators$MultiSubscriptionSubscriber.set(Operators.java:2366) ~[reactor-core-3.7.8.jar:3.7.8]
		at reactor.core.publisher.Operators$MultiSubscriptionSubscriber.onSubscribe(Operators.java:2240) ~[reactor-core-3.7.8.jar:3.7.8]
		at org.springframework.security.test.context.support.ReactorContextTestExecutionListener$DelegateTestExecutionListener$SecuritySubContext.onSubscribe(ReactorContextTestExecutionListener.java:115) ~[spring-security-test-6.5.2.jar:6.5.2]
		at reactor.core.publisher.MonoJust.subscribe(MonoJust.java:55) ~[reactor-core-3.7.8.jar:3.7.8]
		at reactor.core.publisher.Mono.subscribe(Mono.java:4576) ~[reactor-core-3.7.8.jar:3.7.8]
		at reactor.core.publisher.FluxSwitchIfEmpty$SwitchIfEmptySubscriber.onComplete(FluxSwitchIfEmpty.java:82) ~[reactor-core-3.7.8.jar:3.7.8]
		at reactor.core.publisher.MonoNext$NextSubscriber.onComplete(MonoNext.java:102) ~[reactor-core-3.7.8.jar:3.7.8]
		at reactor.core.publisher.FluxFilter$FilterSubscriber.onComplete(FluxFilter.java:166) ~[reactor-core-3.7.8.jar:3.7.8]
		at reactor.core.publisher.FluxFlatMap$FlatMapMain.checkTerminated(FluxFlatMap.java:850) ~[reactor-core-3.7.8.jar:3.7.8]
		at reactor.core.publisher.FluxFlatMap$FlatMapMain.drainLoop(FluxFlatMap.java:612) ~[reactor-core-3.7.8.jar:3.7.8]
		at reactor.core.publisher.FluxFlatMap$FlatMapMain.drain(FluxFlatMap.java:592) ~[reactor-core-3.7.8.jar:3.7.8]
		at reactor.core.publisher.FluxFlatMap$FlatMapMain.onComplete(FluxFlatMap.java:469) ~[reactor-core-3.7.8.jar:3.7.8]
		at reactor.core.publisher.FluxPeekFuseable$PeekFuseableSubscriber.onComplete(FluxPeekFuseable.java:277) ~[reactor-core-3.7.8.jar:3.7.8]
		at reactor.core.publisher.FluxIterable$IterableSubscription.slowPath(FluxIterable.java:357) ~[reactor-core-3.7.8.jar:3.7.8]
		at reactor.core.publisher.FluxIterable$IterableSubscription.request(FluxIterable.java:294) ~[reactor-core-3.7.8.jar:3.7.8]
		at reactor.core.publisher.FluxPeekFuseable$PeekFuseableSubscriber.request(FluxPeekFuseable.java:144) ~[reactor-core-3.7.8.jar:3.7.8]
		at reactor.core.publisher.FluxFlatMap$FlatMapMain.onSubscribe(FluxFlatMap.java:373) ~[reactor-core-3.7.8.jar:3.7.8]
		at reactor.core.publisher.FluxPeekFuseable$PeekFuseableSubscriber.onSubscribe(FluxPeekFuseable.java:178) ~[reactor-core-3.7.8.jar:3.7.8]
		at reactor.core.publisher.FluxIterable.subscribe(FluxIterable.java:201) ~[reactor-core-3.7.8.jar:3.7.8]
		at reactor.core.publisher.FluxIterable.subscribe(FluxIterable.java:83) ~[reactor-core-3.7.8.jar:3.7.8]
		at reactor.core.publisher.InternalMonoOperator.subscribe(InternalMonoOperator.java:76) ~[reactor-core-3.7.8.jar:3.7.8]
		at reactor.core.publisher.MonoDefer.subscribe(MonoDefer.java:53) ~[reactor-core-3.7.8.jar:3.7.8]
		at reactor.core.publisher.MonoFlatMap$FlatMapMain.onNext(MonoFlatMap.java:165) ~[reactor-core-3.7.8.jar:3.7.8]
		at reactor.core.publisher.Operators$BaseFluxToMonoOperator.completePossiblyEmpty(Operators.java:2096) ~[reactor-core-3.7.8.jar:3.7.8]
		at reactor.core.publisher.FluxDefaultIfEmpty$DefaultIfEmptySubscriber.onComplete(FluxDefaultIfEmpty.java:134) ~[reactor-core-3.7.8.jar:3.7.8]
		at reactor.core.publisher.FluxMap$MapSubscriber.onComplete(FluxMap.java:144) ~[reactor-core-3.7.8.jar:3.7.8]
		at reactor.core.publisher.FluxMap$MapSubscriber.onComplete(FluxMap.java:144) ~[reactor-core-3.7.8.jar:3.7.8]
		at reactor.core.publisher.FluxFilter$FilterSubscriber.onComplete(FluxFilter.java:166) ~[reactor-core-3.7.8.jar:3.7.8]
		at reactor.core.publisher.FluxMap$MapConditionalSubscriber.onComplete(FluxMap.java:275) ~[reactor-core-3.7.8.jar:3.7.8]
		at reactor.core.publisher.Operators$MonoSubscriber.complete(Operators.java:1865) ~[reactor-core-3.7.8.jar:3.7.8]
		at reactor.core.publisher.MonoCacheTime$CoordinatorSubscriber.signalCached(MonoCacheTime.java:337) ~[reactor-core-3.7.8.jar:3.7.8]
		at reactor.core.publisher.MonoCacheTime$CoordinatorSubscriber.onNext(MonoCacheTime.java:354) ~[reactor-core-3.7.8.jar:3.7.8]
		at reactor.core.publisher.FluxPeek$PeekSubscriber.onNext(FluxPeek.java:200) ~[reactor-core-3.7.8.jar:3.7.8]
		at reactor.core.publisher.FluxSwitchIfEmpty$SwitchIfEmptySubscriber.onNext(FluxSwitchIfEmpty.java:74) ~[reactor-core-3.7.8.jar:3.7.8]
		at org.springframework.security.test.context.support.ReactorContextTestExecutionListener$DelegateTestExecutionListener$SecuritySubContext.onNext(ReactorContextTestExecutionListener.java:120) ~[spring-security-test-6.5.2.jar:6.5.2]
		at reactor.core.publisher.MonoPeekTerminal$MonoTerminalPeekSubscriber.onNext(MonoPeekTerminal.java:180) ~[reactor-core-3.7.8.jar:3.7.8]
		at reactor.core.publisher.MonoPublishOn$PublishOnSubscriber.run(MonoPublishOn.java:181) ~[reactor-core-3.7.8.jar:3.7.8]
		at reactor.core.scheduler.SchedulerTask.call(SchedulerTask.java:68) ~[reactor-core-3.7.8.jar:3.7.8]
		at reactor.core.scheduler.SchedulerTask.call(SchedulerTask.java:28) ~[reactor-core-3.7.8.jar:3.7.8]
		at java.base/java.util.concurrent.FutureTask.run(FutureTask.java:317) ~[na:na]
		at java.base/java.util.concurrent.ScheduledThreadPoolExecutor$ScheduledFutureTask.run(ScheduledThreadPoolExecutor.java:304) ~[na:na]
		at java.base/java.util.concurrent.ThreadPoolExecutor.runWorker(ThreadPoolExecutor.java:1144) ~[na:na]
		at java.base/java.util.concurrent.ThreadPoolExecutor$Worker.run(ThreadPoolExecutor.java:642) ~[na:na]
		at java.base/java.lang.Thread.run(Thread.java:1583) ~[na:na]

2025-08-14T03:40:21.319Z ERROR 2256 --- [perumar-backend] [           main] o.s.t.w.reactive.server.ExchangeResult   : Request details for assertion failure:

> POST /api/v1/carreras
> WebTestClient-Request-Id: [1]
> Content-Type: [application/json]
> Content-Length: [167]

  {
    "codigo":"CAR001",
    "nombre":"Ingeniería de Sistemas",
    "descripcion":"Carrera de TI",
    "modalidad":"SIN_EXPERIENCIA",
    "materias":["MAT001"]
  }


< 500 INTERNAL_SERVER_ERROR Internal Server Error
< Vary: [Origin, Access-Control-Request-Method, Access-Control-Request-Headers]
< Content-Type: [application/json]
< Content-Length: [139]
< Cache-Control: [no-cache, no-store, max-age=0, must-revalidate]
< Pragma: [no-cache]
< Expires: [0]
< X-Content-Type-Options: [nosniff]
< X-Frame-Options: [DENY]
< X-XSS-Protection: [0]
< Referrer-Policy: [no-referrer]

{"timestamp":"2025-08-14T03:40:21.256+00:00","path":"/api/v1/carreras","status":500,"error":"Internal Server Error","requestId":"2cd941cd"}

2025-08-14T03:40:21.374Z ERROR 2256 --- [perumar-backend] [     parallel-4] a.w.r.e.AbstractErrorWebExceptionHandler : [b872f7]  500 Server Error for HTTP PUT "/api/v1/carreras/CAR001"

software.amazon.awssdk.core.exception.SdkClientException: Unable to load credentials from any of the providers in the chain AwsCredentialsProviderChain(credentialsProviders=[SystemPropertyCredentialsProvider(), EnvironmentVariableCredentialsProvider(), WebIdentityTokenCredentialsProvider(), ProfileCredentialsProvider(profileName=default, profileFile=ProfileFile(sections=[])), ContainerCredentialsProvider(), InstanceProfileCredentialsProvider()]) : [SystemPropertyCredentialsProvider(): Unable to load credentials from system settings. Access key must be specified either via environment variable (AWS_ACCESS_KEY_ID) or system property (aws.accessKeyId)., EnvironmentVariableCredentialsProvider(): Unable to load credentials from system settings. Access key must be specified either via environment variable (AWS_ACCESS_KEY_ID) or system property (aws.accessKeyId)., WebIdentityTokenCredentialsProvider(): Either the environment variable AWS_WEB_IDENTITY_TOKEN_FILE or the javaproperty aws.webIdentityTokenFile must be set., ProfileCredentialsProvider(profileName=default, profileFile=ProfileFile(sections=[])): Profile file contained no credentials for profile 'default': ProfileFile(sections=[]), ContainerCredentialsProvider(): Cannot fetch credentials from container - neither AWS_CONTAINER_CREDENTIALS_FULL_URI or AWS_CONTAINER_CREDENTIALS_RELATIVE_URI environment variables are set., InstanceProfileCredentialsProvider(): Failed to load credentials from IMDS.]
	at software.amazon.awssdk.core.exception.SdkClientException$BuilderImpl.build(SdkClientException.java:111) ~[sdk-core-2.25.60.jar:na]
	Suppressed: reactor.core.publisher.FluxOnAssembly$OnAssemblyException: 
Error has been observed at the following site(s):
	*__checkpoint ⇢ Handler pe.edu.perumar.perumar_backend.controller.CarreraController#actualizar(String, CarreraUpdateRequest) [DispatcherHandler]
	*__checkpoint ⇢ org.springframework.security.test.web.reactive.server.SecurityMockServerConfigurers$JwtMutator$$Lambda/0x00007f26f4a3d1f8 [DefaultWebFilterChain]
	*__checkpoint ⇢ AuthorizationWebFilter [DefaultWebFilterChain]
	*__checkpoint ⇢ ExceptionTranslationWebFilter [DefaultWebFilterChain]
	*__checkpoint ⇢ LogoutWebFilter [DefaultWebFilterChain]
	*__checkpoint ⇢ ServerRequestCacheWebFilter [DefaultWebFilterChain]
	*__checkpoint ⇢ SecurityContextServerWebExchangeWebFilter [DefaultWebFilterChain]
	*__checkpoint ⇢ AuthenticationWebFilter [DefaultWebFilterChain]
	*__checkpoint ⇢ ReactorContextWebFilter [DefaultWebFilterChain]
	*__checkpoint ⇢ CorsWebFilter [DefaultWebFilterChain]
	*__checkpoint ⇢ HttpHeaderWriterWebFilter [DefaultWebFilterChain]
	*__checkpoint ⇢ ServerWebExchangeReactorContextWebFilter [DefaultWebFilterChain]
	*__checkpoint ⇢ org.springframework.security.web.server.WebFilterChainProxy [DefaultWebFilterChain]
	*__checkpoint ⇢ org.springframework.security.test.web.reactive.server.SecurityMockServerConfigurers$MutatorFilter [DefaultWebFilterChain]
	*__checkpoint ⇢ org.springframework.security.test.web.reactive.server.SecurityMockServerConfigurers$SetupMutatorFilter [DefaultWebFilterChain]
	*__checkpoint ⇢ HTTP PUT "/api/v1/carreras/CAR001" [ExceptionHandlingWebHandler]
Original Stack Trace:
		at software.amazon.awssdk.core.exception.SdkClientException$BuilderImpl.build(SdkClientException.java:111) ~[sdk-core-2.25.60.jar:na]
		at software.amazon.awssdk.auth.credentials.AwsCredentialsProviderChain.resolveCredentials(AwsCredentialsProviderChain.java:130) ~[auth-2.25.60.jar:na]
		at software.amazon.awssdk.auth.credentials.internal.LazyAwsCredentialsProvider.resolveCredentials(LazyAwsCredentialsProvider.java:45) ~[auth-2.25.60.jar:na]
		at software.amazon.awssdk.auth.credentials.DefaultCredentialsProvider.resolveCredentials(DefaultCredentialsProvider.java:129) ~[auth-2.25.60.jar:na]
		at software.amazon.awssdk.auth.credentials.AwsCredentialsProvider.resolveIdentity(AwsCredentialsProvider.java:54) ~[auth-2.25.60.jar:na]
		at software.amazon.awssdk.services.dynamodb.auth.scheme.internal.DynamoDbAuthSchemeInterceptor.lambda$trySelectAuthScheme$4(DynamoDbAuthSchemeInterceptor.java:132) ~[dynamodb-2.25.60.jar:na]
		at software.amazon.awssdk.core.internal.util.MetricUtils.reportDuration(MetricUtils.java:77) ~[sdk-core-2.25.60.jar:na]
		at software.amazon.awssdk.services.dynamodb.auth.scheme.internal.DynamoDbAuthSchemeInterceptor.trySelectAuthScheme(DynamoDbAuthSchemeInterceptor.java:132) ~[dynamodb-2.25.60.jar:na]
		at software.amazon.awssdk.services.dynamodb.auth.scheme.internal.DynamoDbAuthSchemeInterceptor.selectAuthScheme(DynamoDbAuthSchemeInterceptor.java:81) ~[dynamodb-2.25.60.jar:na]
		at software.amazon.awssdk.services.dynamodb.auth.scheme.internal.DynamoDbAuthSchemeInterceptor.beforeExecution(DynamoDbAuthSchemeInterceptor.java:61) ~[dynamodb-2.25.60.jar:na]
		at software.amazon.awssdk.core.interceptor.ExecutionInterceptorChain.lambda$beforeExecution$1(ExecutionInterceptorChain.java:59) ~[sdk-core-2.25.60.jar:na]
		at java.base/java.util.ArrayList.forEach(ArrayList.java:1596) ~[na:na]
		at software.amazon.awssdk.core.interceptor.ExecutionInterceptorChain.beforeExecution(ExecutionInterceptorChain.java:59) ~[sdk-core-2.25.60.jar:na]
		at software.amazon.awssdk.awscore.internal.AwsExecutionContextBuilder.runInitialInterceptors(AwsExecutionContextBuilder.java:241) ~[aws-core-2.25.60.jar:na]
		at software.amazon.awssdk.awscore.internal.AwsExecutionContextBuilder.invokeInterceptorsAndCreateExecutionContext(AwsExecutionContextBuilder.java:132) ~[aws-core-2.25.60.jar:na]
		at software.amazon.awssdk.awscore.client.handler.AwsAsyncClientHandler.invokeInterceptorsAndCreateExecutionContext(AwsAsyncClientHandler.java:63) ~[aws-core-2.25.60.jar:na]
		at software.amazon.awssdk.core.internal.handler.BaseAsyncClientHandler.lambda$execute$1(BaseAsyncClientHandler.java:75) ~[sdk-core-2.25.60.jar:na]
		at software.amazon.awssdk.core.internal.handler.BaseAsyncClientHandler.measureApiCallSuccess(BaseAsyncClientHandler.java:294) ~[sdk-core-2.25.60.jar:na]
		at software.amazon.awssdk.core.internal.handler.BaseAsyncClientHandler.execute(BaseAsyncClientHandler.java:73) ~[sdk-core-2.25.60.jar:na]
		at software.amazon.awssdk.awscore.client.handler.AwsAsyncClientHandler.execute(AwsAsyncClientHandler.java:49) ~[aws-core-2.25.60.jar:na]
		at software.amazon.awssdk.services.dynamodb.DefaultDynamoDbAsyncClient.lambda$getItem$143(DefaultDynamoDbAsyncClient.java:3723) ~[dynamodb-2.25.60.jar:na]
		at java.base/java.util.concurrent.CompletableFuture.uniComposeStage(CompletableFuture.java:1187) ~[na:na]
		at java.base/java.util.concurrent.CompletableFuture.thenCompose(CompletableFuture.java:2341) ~[na:na]
		at software.amazon.awssdk.services.dynamodb.DefaultDynamoDbAsyncClient.getItem(DefaultDynamoDbAsyncClient.java:3722) ~[dynamodb-2.25.60.jar:na]
		at software.amazon.awssdk.enhanced.dynamodb.internal.operations.CommonOperation.executeAsync(CommonOperation.java:140) ~[dynamodb-enhanced-2.25.60.jar:na]
		at software.amazon.awssdk.enhanced.dynamodb.internal.operations.TableOperation.executeOnPrimaryIndexAsync(TableOperation.java:81) ~[dynamodb-enhanced-2.25.60.jar:na]
		at software.amazon.awssdk.enhanced.dynamodb.internal.client.DefaultDynamoDbAsyncTable.getItem(DefaultDynamoDbAsyncTable.java:161) ~[dynamodb-enhanced-2.25.60.jar:na]
		at software.amazon.awssdk.enhanced.dynamodb.internal.client.DefaultDynamoDbAsyncTable.getItem(DefaultDynamoDbAsyncTable.java:171) ~[dynamodb-enhanced-2.25.60.jar:na]
		at pe.edu.perumar.perumar_backend.repository.impl.MateriaRepositoryImpl.findByCodigo(MateriaRepositoryImpl.java:37) ~[classes/:na]
		at pe.edu.perumar.perumar_backend.service.CarreraService.lambda$validarMaterias$5(CarreraService.java:69) ~[classes/:na]
		at reactor.core.publisher.FluxFlatMap$FlatMapMain.onNext(FluxFlatMap.java:388) ~[reactor-core-3.7.8.jar:3.7.8]
		at reactor.core.publisher.FluxIterable$IterableSubscription.slowPath(FluxIterable.java:335) ~[reactor-core-3.7.8.jar:3.7.8]
		at reactor.core.publisher.FluxIterable$IterableSubscription.request(FluxIterable.java:294) ~[reactor-core-3.7.8.jar:3.7.8]
		at reactor.core.publisher.FluxFlatMap$FlatMapMain.onSubscribe(FluxFlatMap.java:373) ~[reactor-core-3.7.8.jar:3.7.8]
		at reactor.core.publisher.FluxIterable.subscribe(FluxIterable.java:201) ~[reactor-core-3.7.8.jar:3.7.8]
		at reactor.core.publisher.FluxIterable.subscribe(FluxIterable.java:83) ~[reactor-core-3.7.8.jar:3.7.8]
		at reactor.core.publisher.Mono.subscribe(Mono.java:4576) ~[reactor-core-3.7.8.jar:3.7.8]
		at reactor.core.publisher.MonoIgnoreThen$ThenIgnoreMain.subscribeNext(MonoIgnoreThen.java:265) ~[reactor-core-3.7.8.jar:3.7.8]
		at reactor.core.publisher.MonoIgnoreThen.subscribe(MonoIgnoreThen.java:51) ~[reactor-core-3.7.8.jar:3.7.8]
		at reactor.core.publisher.Mono.subscribe(Mono.java:4576) ~[reactor-core-3.7.8.jar:3.7.8]
		at reactor.core.publisher.FluxFlatMap.trySubscribeScalarMap(FluxFlatMap.java:202) ~[reactor-core-3.7.8.jar:3.7.8]
		at reactor.core.publisher.MonoFlatMap.subscribeOrReturn(MonoFlatMap.java:53) ~[reactor-core-3.7.8.jar:3.7.8]
		at reactor.core.publisher.InternalMonoOperator.subscribe(InternalMonoOperator.java:63) ~[reactor-core-3.7.8.jar:3.7.8]
		at reactor.core.publisher.MonoDefer.subscribe(MonoDefer.java:53) ~[reactor-core-3.7.8.jar:3.7.8]
		at reactor.core.publisher.InternalMonoOperator.subscribe(InternalMonoOperator.java:76) ~[reactor-core-3.7.8.jar:3.7.8]
		at reactor.core.publisher.MonoFlatMap$FlatMapMain.onNext(MonoFlatMap.java:165) ~[reactor-core-3.7.8.jar:3.7.8]
		at reactor.core.publisher.FluxSwitchIfEmpty$SwitchIfEmptySubscriber.onNext(FluxSwitchIfEmpty.java:74) ~[reactor-core-3.7.8.jar:3.7.8]
		at reactor.core.publisher.FluxMap$MapSubscriber.onNext(FluxMap.java:122) ~[reactor-core-3.7.8.jar:3.7.8]
		at reactor.core.publisher.MonoPeekTerminal$MonoTerminalPeekSubscriber.onNext(MonoPeekTerminal.java:180) ~[reactor-core-3.7.8.jar:3.7.8]
		at reactor.core.publisher.FluxPeekFuseable$PeekFuseableConditionalSubscriber.onNext(FluxPeekFuseable.java:503) ~[reactor-core-3.7.8.jar:3.7.8]
		at reactor.core.publisher.MonoPeekTerminal$MonoTerminalPeekSubscriber.onNext(MonoPeekTerminal.java:180) ~[reactor-core-3.7.8.jar:3.7.8]
		at reactor.core.publisher.FluxMapFuseable$MapFuseableConditionalSubscriber.onNext(FluxMapFuseable.java:299) ~[reactor-core-3.7.8.jar:3.7.8]
		at reactor.core.publisher.MonoFlatMap$FlatMapMain.secondComplete(MonoFlatMap.java:245) ~[reactor-core-3.7.8.jar:3.7.8]
		at reactor.core.publisher.MonoFlatMap$FlatMapInner.onNext(MonoFlatMap.java:305) ~[reactor-core-3.7.8.jar:3.7.8]
		at reactor.core.publisher.Operators$ScalarSubscription.request(Operators.java:2570) ~[reactor-core-3.7.8.jar:3.7.8]
		at reactor.core.publisher.MonoFlatMap$FlatMapInner.onSubscribe(MonoFlatMap.java:291) ~[reactor-core-3.7.8.jar:3.7.8]
		at reactor.core.publisher.MonoJust.subscribe(MonoJust.java:55) ~[reactor-core-3.7.8.jar:3.7.8]
		at reactor.core.publisher.MonoDefer.subscribe(MonoDefer.java:53) ~[reactor-core-3.7.8.jar:3.7.8]
		at reactor.core.publisher.MonoFlatMap$FlatMapMain.onNext(MonoFlatMap.java:165) ~[reactor-core-3.7.8.jar:3.7.8]
		at reactor.core.publisher.FluxMap$MapSubscriber.onNext(FluxMap.java:122) ~[reactor-core-3.7.8.jar:3.7.8]
		at reactor.core.publisher.FluxMap$MapSubscriber.onNext(FluxMap.java:122) ~[reactor-core-3.7.8.jar:3.7.8]
		at reactor.core.publisher.FluxDefaultIfEmpty$DefaultIfEmptySubscriber.onNext(FluxDefaultIfEmpty.java:122) ~[reactor-core-3.7.8.jar:3.7.8]
		at reactor.core.publisher.FluxMapFuseable$MapFuseableSubscriber.onNext(FluxMapFuseable.java:129) ~[reactor-core-3.7.8.jar:3.7.8]
		at reactor.core.publisher.MonoFlatMap$FlatMapMain.secondComplete(MonoFlatMap.java:245) ~[reactor-core-3.7.8.jar:3.7.8]
		at reactor.core.publisher.MonoFlatMap$FlatMapInner.onNext(MonoFlatMap.java:305) ~[reactor-core-3.7.8.jar:3.7.8]
		at reactor.core.publisher.FluxMapFuseable$MapFuseableSubscriber.onNext(FluxMapFuseable.java:129) ~[reactor-core-3.7.8.jar:3.7.8]
		at reactor.core.publisher.Operators$ScalarSubscription.request(Operators.java:2570) ~[reactor-core-3.7.8.jar:3.7.8]
		at reactor.core.publisher.FluxMapFuseable$MapFuseableSubscriber.request(FluxMapFuseable.java:171) ~[reactor-core-3.7.8.jar:3.7.8]
		at reactor.core.publisher.MonoFlatMap$FlatMapInner.onSubscribe(MonoFlatMap.java:291) ~[reactor-core-3.7.8.jar:3.7.8]
		at reactor.core.publisher.FluxMapFuseable$MapFuseableSubscriber.onSubscribe(FluxMapFuseable.java:96) ~[reactor-core-3.7.8.jar:3.7.8]
		at reactor.core.publisher.MonoJust.subscribe(MonoJust.java:55) ~[reactor-core-3.7.8.jar:3.7.8]
		at reactor.core.publisher.InternalMonoOperator.subscribe(InternalMonoOperator.java:76) ~[reactor-core-3.7.8.jar:3.7.8]
		at reactor.core.publisher.MonoFlatMap$FlatMapMain.onNext(MonoFlatMap.java:165) ~[reactor-core-3.7.8.jar:3.7.8]
		at reactor.core.publisher.FluxFilter$FilterSubscriber.onNext(FluxFilter.java:113) ~[reactor-core-3.7.8.jar:3.7.8]
		at reactor.core.publisher.FluxMap$MapConditionalSubscriber.onNext(FluxMap.java:224) ~[reactor-core-3.7.8.jar:3.7.8]
		at reactor.core.publisher.Operators$ScalarSubscription.request(Operators.java:2570) ~[reactor-core-3.7.8.jar:3.7.8]
		at reactor.core.publisher.FluxMap$MapConditionalSubscriber.request(FluxMap.java:295) ~[reactor-core-3.7.8.jar:3.7.8]
		at reactor.core.publisher.FluxFilter$FilterSubscriber.request(FluxFilter.java:186) ~[reactor-core-3.7.8.jar:3.7.8]
		at reactor.core.publisher.MonoFlatMap$FlatMapMain.request(MonoFlatMap.java:194) ~[reactor-core-3.7.8.jar:3.7.8]
		at reactor.core.publisher.FluxMapFuseable$MapFuseableSubscriber.request(FluxMapFuseable.java:171) ~[reactor-core-3.7.8.jar:3.7.8]
		at reactor.core.publisher.FluxDefaultIfEmpty$DefaultIfEmptySubscriber.request(FluxDefaultIfEmpty.java:98) ~[reactor-core-3.7.8.jar:3.7.8]
		at reactor.core.publisher.FluxMap$MapSubscriber.request(FluxMap.java:164) ~[reactor-core-3.7.8.jar:3.7.8]
		at reactor.core.publisher.FluxMap$MapSubscriber.request(FluxMap.java:164) ~[reactor-core-3.7.8.jar:3.7.8]
		at reactor.core.publisher.MonoFlatMap$FlatMapMain.request(MonoFlatMap.java:194) ~[reactor-core-3.7.8.jar:3.7.8]
		at reactor.core.publisher.FluxMapFuseable$MapFuseableConditionalSubscriber.request(FluxMapFuseable.java:360) ~[reactor-core-3.7.8.jar:3.7.8]
		at reactor.core.publisher.MonoPeekTerminal$MonoTerminalPeekSubscriber.request(MonoPeekTerminal.java:139) ~[reactor-core-3.7.8.jar:3.7.8]
		at reactor.core.publisher.FluxPeekFuseable$PeekFuseableConditionalSubscriber.request(FluxPeekFuseable.java:437) ~[reactor-core-3.7.8.jar:3.7.8]
		at reactor.core.publisher.MonoPeekTerminal$MonoTerminalPeekSubscriber.request(MonoPeekTerminal.java:139) ~[reactor-core-3.7.8.jar:3.7.8]
		at reactor.core.publisher.FluxMap$MapSubscriber.request(FluxMap.java:164) ~[reactor-core-3.7.8.jar:3.7.8]
		at reactor.core.publisher.Operators$MultiSubscriptionSubscriber.set(Operators.java:2366) ~[reactor-core-3.7.8.jar:3.7.8]
		at reactor.core.publisher.Operators$MultiSubscriptionSubscriber.onSubscribe(Operators.java:2240) ~[reactor-core-3.7.8.jar:3.7.8]
		at reactor.core.publisher.FluxMap$MapSubscriber.onSubscribe(FluxMap.java:92) ~[reactor-core-3.7.8.jar:3.7.8]
		at reactor.core.publisher.MonoPeekTerminal$MonoTerminalPeekSubscriber.onSubscribe(MonoPeekTerminal.java:152) ~[reactor-core-3.7.8.jar:3.7.8]
		at reactor.core.publisher.FluxPeekFuseable$PeekFuseableConditionalSubscriber.onSubscribe(FluxPeekFuseable.java:471) ~[reactor-core-3.7.8.jar:3.7.8]
		at reactor.core.publisher.MonoPeekTerminal$MonoTerminalPeekSubscriber.onSubscribe(MonoPeekTerminal.java:152) ~[reactor-core-3.7.8.jar:3.7.8]
		at reactor.core.publisher.FluxMapFuseable$MapFuseableConditionalSubscriber.onSubscribe(FluxMapFuseable.java:265) ~[reactor-core-3.7.8.jar:3.7.8]
		at reactor.core.publisher.MonoFlatMap$FlatMapMain.onSubscribe(MonoFlatMap.java:117) ~[reactor-core-3.7.8.jar:3.7.8]
		at reactor.core.publisher.FluxMap$MapSubscriber.onSubscribe(FluxMap.java:92) ~[reactor-core-3.7.8.jar:3.7.8]
		at reactor.core.publisher.FluxMap$MapSubscriber.onSubscribe(FluxMap.java:92) ~[reactor-core-3.7.8.jar:3.7.8]
		at reactor.core.publisher.Operators$BaseFluxToMonoOperator.onSubscribe(Operators.java:2050) ~[reactor-core-3.7.8.jar:3.7.8]
		at reactor.core.publisher.FluxMapFuseable$MapFuseableSubscriber.onSubscribe(FluxMapFuseable.java:96) ~[reactor-core-3.7.8.jar:3.7.8]
		at reactor.core.publisher.MonoFlatMap$FlatMapMain.onSubscribe(MonoFlatMap.java:117) ~[reactor-core-3.7.8.jar:3.7.8]
		at reactor.core.publisher.FluxFilter$FilterSubscriber.onSubscribe(FluxFilter.java:85) ~[reactor-core-3.7.8.jar:3.7.8]
		at reactor.core.publisher.FluxMap$MapConditionalSubscriber.onSubscribe(FluxMap.java:194) ~[reactor-core-3.7.8.jar:3.7.8]
		at reactor.core.publisher.MonoJust.subscribe(MonoJust.java:55) ~[reactor-core-3.7.8.jar:3.7.8]
		at reactor.core.publisher.MonoDeferContextual.subscribe(MonoDeferContextual.java:55) ~[reactor-core-3.7.8.jar:3.7.8]
		at reactor.core.publisher.InternalMonoOperator.subscribe(InternalMonoOperator.java:76) ~[reactor-core-3.7.8.jar:3.7.8]
		at reactor.core.publisher.MonoDeferContextual.subscribe(MonoDeferContextual.java:55) ~[reactor-core-3.7.8.jar:3.7.8]
		at reactor.core.publisher.InternalMonoOperator.subscribe(InternalMonoOperator.java:76) ~[reactor-core-3.7.8.jar:3.7.8]
		at reactor.core.publisher.MonoFlatMap$FlatMapMain.onNext(MonoFlatMap.java:165) ~[reactor-core-3.7.8.jar:3.7.8]
		at reactor.core.publisher.FluxOnErrorResume$ResumeSubscriber.onNext(FluxOnErrorResume.java:79) ~[reactor-core-3.7.8.jar:3.7.8]
		at reactor.core.publisher.FluxOnErrorResume$ResumeSubscriber.onNext(FluxOnErrorResume.java:79) ~[reactor-core-3.7.8.jar:3.7.8]
		at reactor.core.publisher.FluxPeek$PeekSubscriber.onNext(FluxPeek.java:200) ~[reactor-core-3.7.8.jar:3.7.8]
		at reactor.core.publisher.MonoIgnoreThen$ThenIgnoreMain.complete(MonoIgnoreThen.java:294) ~[reactor-core-3.7.8.jar:3.7.8]
		at reactor.core.publisher.MonoIgnoreThen$ThenIgnoreMain.onNext(MonoIgnoreThen.java:188) ~[reactor-core-3.7.8.jar:3.7.8]
		at reactor.core.publisher.MonoFlatMap$FlatMapMain.onNext(MonoFlatMap.java:158) ~[reactor-core-3.7.8.jar:3.7.8]
		at reactor.core.publisher.MonoZip$ZipCoordinator.signal(MonoZip.java:297) ~[reactor-core-3.7.8.jar:3.7.8]
		at reactor.core.publisher.MonoZip$ZipInner.onNext(MonoZip.java:478) ~[reactor-core-3.7.8.jar:3.7.8]
		at reactor.core.publisher.MonoPeekTerminal$MonoTerminalPeekSubscriber.onNext(MonoPeekTerminal.java:180) ~[reactor-core-3.7.8.jar:3.7.8]
		at reactor.core.publisher.FluxDefaultIfEmpty$DefaultIfEmptySubscriber.onNext(FluxDefaultIfEmpty.java:122) ~[reactor-core-3.7.8.jar:3.7.8]
		at reactor.core.publisher.FluxPeek$PeekSubscriber.onNext(FluxPeek.java:200) ~[reactor-core-3.7.8.jar:3.7.8]
		at reactor.core.publisher.FluxSwitchIfEmpty$SwitchIfEmptySubscriber.onNext(FluxSwitchIfEmpty.java:74) ~[reactor-core-3.7.8.jar:3.7.8]
		at reactor.core.publisher.FluxOnErrorResume$ResumeSubscriber.onNext(FluxOnErrorResume.java:79) ~[reactor-core-3.7.8.jar:3.7.8]
		at reactor.core.publisher.MonoFlatMap$FlatMapMain.onNext(MonoFlatMap.java:158) ~[reactor-core-3.7.8.jar:3.7.8]
		at reactor.core.publisher.FluxContextWrite$ContextWriteSubscriber.onNext(FluxContextWrite.java:107) ~[reactor-core-3.7.8.jar:3.7.8]
		at reactor.core.publisher.FluxMapFuseable$MapFuseableConditionalSubscriber.onNext(FluxMapFuseable.java:299) ~[reactor-core-3.7.8.jar:3.7.8]
		at reactor.core.publisher.FluxFilterFuseable$FilterFuseableConditionalSubscriber.onNext(FluxFilterFuseable.java:337) ~[reactor-core-3.7.8.jar:3.7.8]
		at reactor.core.publisher.Operators$BaseFluxToMonoOperator.completePossiblyEmpty(Operators.java:2096) ~[reactor-core-3.7.8.jar:3.7.8]
		at reactor.core.publisher.MonoCollect$CollectSubscriber.onComplete(MonoCollect.java:145) ~[reactor-core-3.7.8.jar:3.7.8]
		at reactor.core.publisher.FluxPeekFuseable$PeekFuseableSubscriber.onComplete(FluxPeekFuseable.java:277) ~[reactor-core-3.7.8.jar:3.7.8]
		at reactor.core.publisher.FluxPeekFuseable$PeekFuseableSubscriber.onComplete(FluxPeekFuseable.java:277) ~[reactor-core-3.7.8.jar:3.7.8]
		at reactor.core.publisher.FluxPeekFuseable$PeekFuseableSubscriber.onComplete(FluxPeekFuseable.java:277) ~[reactor-core-3.7.8.jar:3.7.8]
		at reactor.core.publisher.FluxPeekFuseable$PeekFuseableSubscriber.onComplete(FluxPeekFuseable.java:277) ~[reactor-core-3.7.8.jar:3.7.8]
		at reactor.core.publisher.FluxPeekFuseable$PeekFuseableSubscriber.onComplete(FluxPeekFuseable.java:277) ~[reactor-core-3.7.8.jar:3.7.8]
		at reactor.core.publisher.FluxContextWrite$ContextWriteSubscriber.onComplete(FluxContextWrite.java:126) ~[reactor-core-3.7.8.jar:3.7.8]
		at reactor.core.publisher.Operators$ScalarSubscription.request(Operators.java:2572) ~[reactor-core-3.7.8.jar:3.7.8]
		at reactor.core.publisher.FluxContextWrite$ContextWriteSubscriber.request(FluxContextWrite.java:136) ~[reactor-core-3.7.8.jar:3.7.8]
		at reactor.core.publisher.FluxPeekFuseable$PeekFuseableSubscriber.request(FluxPeekFuseable.java:144) ~[reactor-core-3.7.8.jar:3.7.8]
		at reactor.core.publisher.FluxPeekFuseable$PeekFuseableSubscriber.request(FluxPeekFuseable.java:144) ~[reactor-core-3.7.8.jar:3.7.8]
		at reactor.core.publisher.FluxPeekFuseable$PeekFuseableSubscriber.request(FluxPeekFuseable.java:144) ~[reactor-core-3.7.8.jar:3.7.8]
		at reactor.core.publisher.FluxPeekFuseable$PeekFuseableSubscriber.request(FluxPeekFuseable.java:144) ~[reactor-core-3.7.8.jar:3.7.8]
		at reactor.core.publisher.FluxPeekFuseable$PeekFuseableSubscriber.request(FluxPeekFuseable.java:144) ~[reactor-core-3.7.8.jar:3.7.8]
		at reactor.core.publisher.Operators$BaseFluxToMonoOperator.request(Operators.java:2066) ~[reactor-core-3.7.8.jar:3.7.8]
		at reactor.core.publisher.FluxFilterFuseable$FilterFuseableConditionalSubscriber.request(FluxFilterFuseable.java:411) ~[reactor-core-3.7.8.jar:3.7.8]
		at reactor.core.publisher.FluxMapFuseable$MapFuseableConditionalSubscriber.request(FluxMapFuseable.java:360) ~[reactor-core-3.7.8.jar:3.7.8]
		at reactor.core.publisher.FluxContextWrite$ContextWriteSubscriber.request(FluxContextWrite.java:136) ~[reactor-core-3.7.8.jar:3.7.8]
		at reactor.core.publisher.MonoFlatMap$FlatMapMain.request(MonoFlatMap.java:194) ~[reactor-core-3.7.8.jar:3.7.8]
		at reactor.core.publisher.Operators$MultiSubscriptionSubscriber.set(Operators.java:2366) ~[reactor-core-3.7.8.jar:3.7.8]
		at reactor.core.publisher.FluxOnErrorResume$ResumeSubscriber.onSubscribe(FluxOnErrorResume.java:74) ~[reactor-core-3.7.8.jar:3.7.8]
		at reactor.core.publisher.MonoFlatMap$FlatMapMain.onSubscribe(MonoFlatMap.java:117) ~[reactor-core-3.7.8.jar:3.7.8]
		at reactor.core.publisher.FluxContextWrite$ContextWriteSubscriber.onSubscribe(FluxContextWrite.java:101) ~[reactor-core-3.7.8.jar:3.7.8]
		at reactor.core.publisher.FluxMapFuseable$MapFuseableConditionalSubscriber.onSubscribe(FluxMapFuseable.java:265) ~[reactor-core-3.7.8.jar:3.7.8]
		at reactor.core.publisher.FluxFilterFuseable$FilterFuseableConditionalSubscriber.onSubscribe(FluxFilterFuseable.java:305) ~[reactor-core-3.7.8.jar:3.7.8]
		at reactor.core.publisher.Operators$BaseFluxToMonoOperator.onSubscribe(Operators.java:2050) ~[reactor-core-3.7.8.jar:3.7.8]
		at reactor.core.publisher.FluxPeekFuseable$PeekFuseableSubscriber.onSubscribe(FluxPeekFuseable.java:178) ~[reactor-core-3.7.8.jar:3.7.8]
		at reactor.core.publisher.FluxPeekFuseable$PeekFuseableSubscriber.onSubscribe(FluxPeekFuseable.java:178) ~[reactor-core-3.7.8.jar:3.7.8]
		at reactor.core.publisher.FluxPeekFuseable$PeekFuseableSubscriber.onSubscribe(FluxPeekFuseable.java:178) ~[reactor-core-3.7.8.jar:3.7.8]
		at reactor.core.publisher.FluxPeekFuseable$PeekFuseableSubscriber.onSubscribe(FluxPeekFuseable.java:178) ~[reactor-core-3.7.8.jar:3.7.8]
		at reactor.core.publisher.FluxPeekFuseable$PeekFuseableSubscriber.onSubscribe(FluxPeekFuseable.java:178) ~[reactor-core-3.7.8.jar:3.7.8]
		at reactor.core.publisher.FluxContextWrite$ContextWriteSubscriber.onSubscribe(FluxContextWrite.java:101) ~[reactor-core-3.7.8.jar:3.7.8]
		at reactor.core.publisher.MonoJust.subscribe(MonoJust.java:55) ~[reactor-core-3.7.8.jar:3.7.8]
		at reactor.core.publisher.InternalMonoOperator.subscribe(InternalMonoOperator.java:76) ~[reactor-core-3.7.8.jar:3.7.8]
		at reactor.core.publisher.MonoDeferContextual.subscribe(MonoDeferContextual.java:55) ~[reactor-core-3.7.8.jar:3.7.8]
		at reactor.core.publisher.InternalMonoOperator.subscribe(InternalMonoOperator.java:76) ~[reactor-core-3.7.8.jar:3.7.8]
		at reactor.core.publisher.MonoZip$ZipCoordinator.request(MonoZip.java:220) ~[reactor-core-3.7.8.jar:3.7.8]
		at reactor.core.publisher.MonoFlatMap$FlatMapMain.request(MonoFlatMap.java:194) ~[reactor-core-3.7.8.jar:3.7.8]
		at reactor.core.publisher.MonoIgnoreThen$ThenIgnoreMain.onSubscribe(MonoIgnoreThen.java:135) ~[reactor-core-3.7.8.jar:3.7.8]
		at reactor.core.publisher.MonoFlatMap$FlatMapMain.onSubscribe(MonoFlatMap.java:117) ~[reactor-core-3.7.8.jar:3.7.8]
		at reactor.core.publisher.MonoZip.subscribe(MonoZip.java:129) ~[reactor-core-3.7.8.jar:3.7.8]
		at reactor.core.publisher.InternalMonoOperator.subscribe(InternalMonoOperator.java:76) ~[reactor-core-3.7.8.jar:3.7.8]
		at reactor.core.publisher.MonoDefer.subscribe(MonoDefer.java:53) ~[reactor-core-3.7.8.jar:3.7.8]
		at reactor.core.publisher.MonoIgnoreThen$ThenIgnoreMain.subscribeNext(MonoIgnoreThen.java:241) ~[reactor-core-3.7.8.jar:3.7.8]
		at reactor.core.publisher.MonoIgnoreThen$ThenIgnoreMain.onComplete(MonoIgnoreThen.java:204) ~[reactor-core-3.7.8.jar:3.7.8]
		at org.springframework.security.test.context.support.ReactorContextTestExecutionListener$DelegateTestExecutionListener$SecuritySubContext.onComplete(ReactorContextTestExecutionListener.java:130) ~[spring-security-test-6.5.2.jar:6.5.2]
		at reactor.core.publisher.MonoFlatMap$FlatMapMain.onComplete(MonoFlatMap.java:189) ~[reactor-core-3.7.8.jar:3.7.8]
		at reactor.core.publisher.Operators.complete(Operators.java:137) ~[reactor-core-3.7.8.jar:3.7.8]
		at reactor.core.publisher.MonoZip.subscribe(MonoZip.java:121) ~[reactor-core-3.7.8.jar:3.7.8]
		at reactor.core.publisher.Mono.subscribe(Mono.java:4576) ~[reactor-core-3.7.8.jar:3.7.8]
		at reactor.core.publisher.MonoIgnoreThen$ThenIgnoreMain.subscribeNext(MonoIgnoreThen.java:265) ~[reactor-core-3.7.8.jar:3.7.8]
		at reactor.core.publisher.MonoIgnoreThen.subscribe(MonoIgnoreThen.java:51) ~[reactor-core-3.7.8.jar:3.7.8]
		at reactor.core.publisher.InternalMonoOperator.subscribe(InternalMonoOperator.java:76) ~[reactor-core-3.7.8.jar:3.7.8]
		at reactor.core.publisher.MonoFlatMap$FlatMapMain.onNext(MonoFlatMap.java:165) ~[reactor-core-3.7.8.jar:3.7.8]
		at reactor.core.publisher.FluxOnErrorResume$ResumeSubscriber.onNext(FluxOnErrorResume.java:79) ~[reactor-core-3.7.8.jar:3.7.8]
		at reactor.core.publisher.FluxSwitchIfEmpty$SwitchIfEmptySubscriber.onNext(FluxSwitchIfEmpty.java:74) ~[reactor-core-3.7.8.jar:3.7.8]
		at reactor.core.publisher.MonoNext$NextSubscriber.onNext(MonoNext.java:82) ~[reactor-core-3.7.8.jar:3.7.8]
		at reactor.core.publisher.FluxConcatMapNoPrefetch$FluxConcatMapNoPrefetchSubscriber.innerNext(FluxConcatMapNoPrefetch.java:259) ~[reactor-core-3.7.8.jar:3.7.8]
		at reactor.core.publisher.FluxConcatMap$ConcatMapInner.onNext(FluxConcatMap.java:865) ~[reactor-core-3.7.8.jar:3.7.8]
		at org.springframework.security.test.context.support.ReactorContextTestExecutionListener$DelegateTestExecutionListener$SecuritySubContext.onNext(ReactorContextTestExecutionListener.java:120) ~[spring-security-test-6.5.2.jar:6.5.2]
		at reactor.core.publisher.FluxMapFuseable$MapFuseableSubscriber.onNext(FluxMapFuseable.java:129) ~[reactor-core-3.7.8.jar:3.7.8]
		at reactor.core.publisher.MonoPeekTerminal$MonoTerminalPeekSubscriber.onNext(MonoPeekTerminal.java:180) ~[reactor-core-3.7.8.jar:3.7.8]
		at reactor.core.publisher.Operators$ScalarSubscription.request(Operators.java:2570) ~[reactor-core-3.7.8.jar:3.7.8]
		at reactor.core.publisher.MonoPeekTerminal$MonoTerminalPeekSubscriber.request(MonoPeekTerminal.java:139) ~[reactor-core-3.7.8.jar:3.7.8]
		at reactor.core.publisher.FluxMapFuseable$MapFuseableSubscriber.request(FluxMapFuseable.java:171) ~[reactor-core-3.7.8.jar:3.7.8]
		at reactor.core.publisher.Operators$MultiSubscriptionSubscriber.request(Operators.java:2330) ~[reactor-core-3.7.8.jar:3.7.8]
		at reactor.core.publisher.FluxConcatMapNoPrefetch$FluxConcatMapNoPrefetchSubscriber.request(FluxConcatMapNoPrefetch.java:339) ~[reactor-core-3.7.8.jar:3.7.8]
		at reactor.core.publisher.MonoNext$NextSubscriber.request(MonoNext.java:108) ~[reactor-core-3.7.8.jar:3.7.8]
		at reactor.core.publisher.Operators$MultiSubscriptionSubscriber.set(Operators.java:2366) ~[reactor-core-3.7.8.jar:3.7.8]
		at reactor.core.publisher.Operators$MultiSubscriptionSubscriber.onSubscribe(Operators.java:2240) ~[reactor-core-3.7.8.jar:3.7.8]
		at reactor.core.publisher.MonoNext$NextSubscriber.onSubscribe(MonoNext.java:70) ~[reactor-core-3.7.8.jar:3.7.8]
		at reactor.core.publisher.FluxConcatMapNoPrefetch$FluxConcatMapNoPrefetchSubscriber.onSubscribe(FluxConcatMapNoPrefetch.java:164) ~[reactor-core-3.7.8.jar:3.7.8]
		at reactor.core.publisher.FluxIterable.subscribe(FluxIterable.java:201) ~[reactor-core-3.7.8.jar:3.7.8]
		at reactor.core.publisher.FluxIterable.subscribe(FluxIterable.java:83) ~[reactor-core-3.7.8.jar:3.7.8]
		at reactor.core.publisher.InternalMonoOperator.subscribe(InternalMonoOperator.java:76) ~[reactor-core-3.7.8.jar:3.7.8]
		at reactor.core.publisher.MonoDefer.subscribe(MonoDefer.java:53) ~[reactor-core-3.7.8.jar:3.7.8]
		at reactor.core.publisher.InternalMonoOperator.subscribe(InternalMonoOperator.java:76) ~[reactor-core-3.7.8.jar:3.7.8]
		at reactor.core.publisher.MonoDefer.subscribe(MonoDefer.java:53) ~[reactor-core-3.7.8.jar:3.7.8]
		at reactor.core.publisher.InternalMonoOperator.subscribe(InternalMonoOperator.java:76) ~[reactor-core-3.7.8.jar:3.7.8]
		at reactor.core.publisher.MonoDeferContextual.subscribe(MonoDeferContextual.java:55) ~[reactor-core-3.7.8.jar:3.7.8]
		at reactor.core.publisher.MonoDefer.subscribe(MonoDefer.java:53) ~[reactor-core-3.7.8.jar:3.7.8]
		at reactor.core.publisher.Mono.subscribe(Mono.java:4576) ~[reactor-core-3.7.8.jar:3.7.8]
		at reactor.core.publisher.FluxSwitchIfEmpty$SwitchIfEmptySubscriber.onComplete(FluxSwitchIfEmpty.java:82) ~[reactor-core-3.7.8.jar:3.7.8]
		at reactor.core.publisher.MonoPeekTerminal$MonoTerminalPeekSubscriber.onComplete(MonoPeekTerminal.java:299) ~[reactor-core-3.7.8.jar:3.7.8]
		at reactor.core.publisher.MonoPeekTerminal$MonoTerminalPeekSubscriber.onComplete(MonoPeekTerminal.java:299) ~[reactor-core-3.7.8.jar:3.7.8]
		at reactor.core.publisher.MonoFlatMap$FlatMapMain.onNext(MonoFlatMap.java:155) ~[reactor-core-3.7.8.jar:3.7.8]
		at reactor.core.publisher.FluxSwitchIfEmpty$SwitchIfEmptySubscriber.onNext(FluxSwitchIfEmpty.java:74) ~[reactor-core-3.7.8.jar:3.7.8]
		at reactor.core.publisher.FluxFilter$FilterSubscriber.onNext(FluxFilter.java:113) ~[reactor-core-3.7.8.jar:3.7.8]
		at reactor.core.publisher.MonoPeekTerminal$MonoTerminalPeekSubscriber.onNext(MonoPeekTerminal.java:180) ~[reactor-core-3.7.8.jar:3.7.8]
		at reactor.core.publisher.FluxPeekFuseable$PeekFuseableConditionalSubscriber.onNext(FluxPeekFuseable.java:503) ~[reactor-core-3.7.8.jar:3.7.8]
		at reactor.core.publisher.MonoPeekTerminal$MonoTerminalPeekSubscriber.onNext(MonoPeekTerminal.java:180) ~[reactor-core-3.7.8.jar:3.7.8]
		at reactor.core.publisher.FluxDefaultIfEmpty$DefaultIfEmptySubscriber.onNext(FluxDefaultIfEmpty.java:122) ~[reactor-core-3.7.8.jar:3.7.8]
		at reactor.core.publisher.MonoNext$NextSubscriber.onNext(MonoNext.java:82) ~[reactor-core-3.7.8.jar:3.7.8]
		at reactor.core.publisher.FluxConcatMapNoPrefetch$FluxConcatMapNoPrefetchSubscriber.innerNext(FluxConcatMapNoPrefetch.java:259) ~[reactor-core-3.7.8.jar:3.7.8]
		at reactor.core.publisher.FluxConcatMap$ConcatMapInner.onNext(FluxConcatMap.java:865) ~[reactor-core-3.7.8.jar:3.7.8]
		at org.springframework.security.test.context.support.ReactorContextTestExecutionListener$DelegateTestExecutionListener$SecuritySubContext.onNext(ReactorContextTestExecutionListener.java:120) ~[spring-security-test-6.5.2.jar:6.5.2]
		at reactor.core.publisher.MonoFlatMap$FlatMapMain.secondComplete(MonoFlatMap.java:245) ~[reactor-core-3.7.8.jar:3.7.8]
		at reactor.core.publisher.MonoFlatMap$FlatMapInner.onNext(MonoFlatMap.java:305) ~[reactor-core-3.7.8.jar:3.7.8]
		at reactor.core.publisher.FluxDefaultIfEmpty$DefaultIfEmptySubscriber.onNext(FluxDefaultIfEmpty.java:122) ~[reactor-core-3.7.8.jar:3.7.8]
		at reactor.core.publisher.FluxMapFuseable$MapFuseableSubscriber.onNext(FluxMapFuseable.java:129) ~[reactor-core-3.7.8.jar:3.7.8]
		at reactor.core.publisher.FluxFilterFuseable$FilterFuseableSubscriber.onNext(FluxFilterFuseable.java:118) ~[reactor-core-3.7.8.jar:3.7.8]
		at reactor.core.publisher.FluxMapFuseable$MapFuseableConditionalSubscriber.onNext(FluxMapFuseable.java:299) ~[reactor-core-3.7.8.jar:3.7.8]
		at reactor.core.publisher.FluxMapFuseable$MapFuseableConditionalSubscriber.onNext(FluxMapFuseable.java:299) ~[reactor-core-3.7.8.jar:3.7.8]
		at reactor.core.publisher.FluxFilterFuseable$FilterFuseableConditionalSubscriber.onNext(FluxFilterFuseable.java:337) ~[reactor-core-3.7.8.jar:3.7.8]
		at reactor.core.publisher.MonoFlatMap$FlatMapMain.secondComplete(MonoFlatMap.java:245) ~[reactor-core-3.7.8.jar:3.7.8]
		at reactor.core.publisher.MonoFlatMap$FlatMapInner.onNext(MonoFlatMap.java:305) ~[reactor-core-3.7.8.jar:3.7.8]
		at reactor.core.publisher.FluxMapFuseable$MapFuseableSubscriber.onNext(FluxMapFuseable.java:129) ~[reactor-core-3.7.8.jar:3.7.8]
		at reactor.core.publisher.Operators$ScalarSubscription.request(Operators.java:2570) ~[reactor-core-3.7.8.jar:3.7.8]
		at reactor.core.publisher.FluxMapFuseable$MapFuseableSubscriber.request(FluxMapFuseable.java:171) ~[reactor-core-3.7.8.jar:3.7.8]
		at reactor.core.publisher.MonoFlatMap$FlatMapInner.onSubscribe(MonoFlatMap.java:291) ~[reactor-core-3.7.8.jar:3.7.8]
		at reactor.core.publisher.FluxMapFuseable$MapFuseableSubscriber.onSubscribe(FluxMapFuseable.java:96) ~[reactor-core-3.7.8.jar:3.7.8]
		at reactor.core.publisher.MonoJust.subscribe(MonoJust.java:55) ~[reactor-core-3.7.8.jar:3.7.8]
		at reactor.core.publisher.InternalMonoOperator.subscribe(InternalMonoOperator.java:76) ~[reactor-core-3.7.8.jar:3.7.8]
		at reactor.core.publisher.MonoFlatMap$FlatMapMain.onNext(MonoFlatMap.java:165) ~[reactor-core-3.7.8.jar:3.7.8]
		at reactor.core.publisher.FluxFilter$FilterSubscriber.onNext(FluxFilter.java:113) ~[reactor-core-3.7.8.jar:3.7.8]
		at reactor.core.publisher.FluxMap$MapConditionalSubscriber.onNext(FluxMap.java:224) ~[reactor-core-3.7.8.jar:3.7.8]
		at reactor.core.publisher.Operators$ScalarSubscription.request(Operators.java:2570) ~[reactor-core-3.7.8.jar:3.7.8]
		at reactor.core.publisher.FluxMap$MapConditionalSubscriber.request(FluxMap.java:295) ~[reactor-core-3.7.8.jar:3.7.8]
		at reactor.core.publisher.FluxFilter$FilterSubscriber.request(FluxFilter.java:186) ~[reactor-core-3.7.8.jar:3.7.8]
		at reactor.core.publisher.MonoFlatMap$FlatMapMain.request(MonoFlatMap.java:194) ~[reactor-core-3.7.8.jar:3.7.8]
		at reactor.core.publisher.FluxFilterFuseable$FilterFuseableConditionalSubscriber.request(FluxFilterFuseable.java:411) ~[reactor-core-3.7.8.jar:3.7.8]
		at reactor.core.publisher.FluxMapFuseable$MapFuseableConditionalSubscriber.request(FluxMapFuseable.java:360) ~[reactor-core-3.7.8.jar:3.7.8]
		at reactor.core.publisher.FluxMapFuseable$MapFuseableConditionalSubscriber.request(FluxMapFuseable.java:360) ~[reactor-core-3.7.8.jar:3.7.8]
		at reactor.core.publisher.FluxFilterFuseable$FilterFuseableSubscriber.request(FluxFilterFuseable.java:191) ~[reactor-core-3.7.8.jar:3.7.8]
		at reactor.core.publisher.FluxMapFuseable$MapFuseableSubscriber.request(FluxMapFuseable.java:171) ~[reactor-core-3.7.8.jar:3.7.8]
		at reactor.core.publisher.FluxDefaultIfEmpty$DefaultIfEmptySubscriber.request(FluxDefaultIfEmpty.java:98) ~[reactor-core-3.7.8.jar:3.7.8]
		at reactor.core.publisher.MonoFlatMap$FlatMapInner.onSubscribe(MonoFlatMap.java:291) ~[reactor-core-3.7.8.jar:3.7.8]
		at reactor.core.publisher.Operators$BaseFluxToMonoOperator.onSubscribe(Operators.java:2050) ~[reactor-core-3.7.8.jar:3.7.8]
		at reactor.core.publisher.FluxMapFuseable$MapFuseableSubscriber.onSubscribe(FluxMapFuseable.java:96) ~[reactor-core-3.7.8.jar:3.7.8]
		at reactor.core.publisher.FluxFilterFuseable$FilterFuseableSubscriber.onSubscribe(FluxFilterFuseable.java:87) ~[reactor-core-3.7.8.jar:3.7.8]
		at reactor.core.publisher.FluxMapFuseable$MapFuseableConditionalSubscriber.onSubscribe(FluxMapFuseable.java:265) ~[reactor-core-3.7.8.jar:3.7.8]
		at reactor.core.publisher.FluxMapFuseable$MapFuseableConditionalSubscriber.onSubscribe(FluxMapFuseable.java:265) ~[reactor-core-3.7.8.jar:3.7.8]
		at reactor.core.publisher.FluxFilterFuseable$FilterFuseableConditionalSubscriber.onSubscribe(FluxFilterFuseable.java:305) ~[reactor-core-3.7.8.jar:3.7.8]
		at reactor.core.publisher.MonoFlatMap$FlatMapMain.onSubscribe(MonoFlatMap.java:117) ~[reactor-core-3.7.8.jar:3.7.8]
		at reactor.core.publisher.FluxFilter$FilterSubscriber.onSubscribe(FluxFilter.java:85) ~[reactor-core-3.7.8.jar:3.7.8]
		at reactor.core.publisher.FluxMap$MapConditionalSubscriber.onSubscribe(FluxMap.java:194) ~[reactor-core-3.7.8.jar:3.7.8]
		at reactor.core.publisher.MonoJust.subscribe(MonoJust.java:55) ~[reactor-core-3.7.8.jar:3.7.8]
		at reactor.core.publisher.MonoDeferContextual.subscribe(MonoDeferContextual.java:55) ~[reactor-core-3.7.8.jar:3.7.8]
		at reactor.core.publisher.InternalMonoOperator.subscribe(InternalMonoOperator.java:76) ~[reactor-core-3.7.8.jar:3.7.8]
		at reactor.core.publisher.MonoFlatMap$FlatMapMain.onNext(MonoFlatMap.java:165) ~[reactor-core-3.7.8.jar:3.7.8]
		at reactor.core.publisher.FluxMapFuseable$MapFuseableSubscriber.onNext(FluxMapFuseable.java:129) ~[reactor-core-3.7.8.jar:3.7.8]
		at reactor.core.publisher.FluxFilterFuseable$FilterFuseableSubscriber.onNext(FluxFilterFuseable.java:118) ~[reactor-core-3.7.8.jar:3.7.8]
		at reactor.core.publisher.Operators$ScalarSubscription.request(Operators.java:2570) ~[reactor-core-3.7.8.jar:3.7.8]
		at reactor.core.publisher.FluxFilterFuseable$FilterFuseableSubscriber.request(FluxFilterFuseable.java:191) ~[reactor-core-3.7.8.jar:3.7.8]
		at reactor.core.publisher.FluxMapFuseable$MapFuseableSubscriber.request(FluxMapFuseable.java:171) ~[reactor-core-3.7.8.jar:3.7.8]
		at reactor.core.publisher.MonoFlatMap$FlatMapMain.request(MonoFlatMap.java:194) ~[reactor-core-3.7.8.jar:3.7.8]
		at reactor.core.publisher.Operators$MultiSubscriptionSubscriber.set(Operators.java:2366) ~[reactor-core-3.7.8.jar:3.7.8]
		at reactor.core.publisher.Operators$MultiSubscriptionSubscriber.onSubscribe(Operators.java:2240) ~[reactor-core-3.7.8.jar:3.7.8]
		at org.springframework.security.test.context.support.ReactorContextTestExecutionListener$DelegateTestExecutionListener$SecuritySubContext.onSubscribe(ReactorContextTestExecutionListener.java:115) ~[spring-security-test-6.5.2.jar:6.5.2]
		at reactor.core.publisher.MonoFlatMap$FlatMapMain.onSubscribe(MonoFlatMap.java:117) ~[reactor-core-3.7.8.jar:3.7.8]
		at reactor.core.publisher.FluxMapFuseable$MapFuseableSubscriber.onSubscribe(FluxMapFuseable.java:96) ~[reactor-core-3.7.8.jar:3.7.8]
		at reactor.core.publisher.FluxFilterFuseable$FilterFuseableSubscriber.onSubscribe(FluxFilterFuseable.java:87) ~[reactor-core-3.7.8.jar:3.7.8]
		at reactor.core.publisher.MonoJust.subscribe(MonoJust.java:55) ~[reactor-core-3.7.8.jar:3.7.8]
		at reactor.core.publisher.Mono.subscribe(Mono.java:4576) ~[reactor-core-3.7.8.jar:3.7.8]
		at reactor.core.publisher.FluxConcatMapNoPrefetch$FluxConcatMapNoPrefetchSubscriber.onNext(FluxConcatMapNoPrefetch.java:207) ~[reactor-core-3.7.8.jar:3.7.8]
		at reactor.core.publisher.FluxIterable$IterableSubscription.slowPath(FluxIterable.java:335) ~[reactor-core-3.7.8.jar:3.7.8]
		at reactor.core.publisher.FluxIterable$IterableSubscription.request(FluxIterable.java:294) ~[reactor-core-3.7.8.jar:3.7.8]
		at reactor.core.publisher.FluxConcatMapNoPrefetch$FluxConcatMapNoPrefetchSubscriber.innerComplete(FluxConcatMapNoPrefetch.java:275) ~[reactor-core-3.7.8.jar:3.7.8]
		at reactor.core.publisher.FluxConcatMap$ConcatMapInner.onComplete(FluxConcatMap.java:889) ~[reactor-core-3.7.8.jar:3.7.8]
		at org.springframework.security.test.context.support.ReactorContextTestExecutionListener$DelegateTestExecutionListener$SecuritySubContext.onComplete(ReactorContextTestExecutionListener.java:130) ~[spring-security-test-6.5.2.jar:6.5.2]
		at reactor.core.publisher.MonoFlatMap$FlatMapMain.onComplete(MonoFlatMap.java:189) ~[reactor-core-3.7.8.jar:3.7.8]
		at reactor.core.publisher.FluxMap$MapSubscriber.onComplete(FluxMap.java:144) ~[reactor-core-3.7.8.jar:3.7.8]
		at reactor.core.publisher.FluxFilter$FilterSubscriber.onComplete(FluxFilter.java:166) ~[reactor-core-3.7.8.jar:3.7.8]
		at reactor.core.publisher.FluxPeekFuseable$PeekConditionalSubscriber.onComplete(FluxPeekFuseable.java:940) ~[reactor-core-3.7.8.jar:3.7.8]
		at reactor.core.publisher.FluxSwitchIfEmpty$SwitchIfEmptySubscriber.onComplete(FluxSwitchIfEmpty.java:85) ~[reactor-core-3.7.8.jar:3.7.8]
		at org.springframework.security.test.context.support.ReactorContextTestExecutionListener$DelegateTestExecutionListener$SecuritySubContext.onComplete(ReactorContextTestExecutionListener.java:130) ~[spring-security-test-6.5.2.jar:6.5.2]
		at reactor.core.publisher.Operators$ScalarSubscription.request(Operators.java:2572) ~[reactor-core-3.7.8.jar:3.7.8]
		at reactor.core.publisher.Operators$MultiSubscriptionSubscriber.set(Operators.java:2366) ~[reactor-core-3.7.8.jar:3.7.8]
		at reactor.core.publisher.Operators$MultiSubscriptionSubscriber.onSubscribe(Operators.java:2240) ~[reactor-core-3.7.8.jar:3.7.8]
		at org.springframework.security.test.context.support.ReactorContextTestExecutionListener$DelegateTestExecutionListener$SecuritySubContext.onSubscribe(ReactorContextTestExecutionListener.java:115) ~[spring-security-test-6.5.2.jar:6.5.2]
		at reactor.core.publisher.MonoJust.subscribe(MonoJust.java:55) ~[reactor-core-3.7.8.jar:3.7.8]
		at reactor.core.publisher.Mono.subscribe(Mono.java:4576) ~[reactor-core-3.7.8.jar:3.7.8]
		at reactor.core.publisher.FluxSwitchIfEmpty$SwitchIfEmptySubscriber.onComplete(FluxSwitchIfEmpty.java:82) ~[reactor-core-3.7.8.jar:3.7.8]
		at reactor.core.publisher.MonoNext$NextSubscriber.onComplete(MonoNext.java:102) ~[reactor-core-3.7.8.jar:3.7.8]
		at reactor.core.publisher.FluxFilter$FilterSubscriber.onComplete(FluxFilter.java:166) ~[reactor-core-3.7.8.jar:3.7.8]
		at reactor.core.publisher.FluxFlatMap$FlatMapMain.checkTerminated(FluxFlatMap.java:850) ~[reactor-core-3.7.8.jar:3.7.8]
		at reactor.core.publisher.FluxFlatMap$FlatMapMain.drainLoop(FluxFlatMap.java:612) ~[reactor-core-3.7.8.jar:3.7.8]
		at reactor.core.publisher.FluxFlatMap$FlatMapMain.drain(FluxFlatMap.java:592) ~[reactor-core-3.7.8.jar:3.7.8]
		at reactor.core.publisher.FluxFlatMap$FlatMapMain.request(FluxFlatMap.java:349) ~[reactor-core-3.7.8.jar:3.7.8]
		at reactor.core.publisher.FluxFilter$FilterSubscriber.request(FluxFilter.java:186) ~[reactor-core-3.7.8.jar:3.7.8]
		at reactor.core.publisher.MonoNext$NextSubscriber.request(MonoNext.java:108) ~[reactor-core-3.7.8.jar:3.7.8]
		at reactor.core.publisher.Operators$MultiSubscriptionSubscriber.request(Operators.java:2330) ~[reactor-core-3.7.8.jar:3.7.8]
		at reactor.core.publisher.FluxPeekFuseable$PeekConditionalSubscriber.request(FluxPeekFuseable.java:783) ~[reactor-core-3.7.8.jar:3.7.8]
		at reactor.core.publisher.FluxFilter$FilterSubscriber.request(FluxFilter.java:186) ~[reactor-core-3.7.8.jar:3.7.8]
		at reactor.core.publisher.FluxMap$MapSubscriber.request(FluxMap.java:164) ~[reactor-core-3.7.8.jar:3.7.8]
		at reactor.core.publisher.MonoFlatMap$FlatMapMain.request(MonoFlatMap.java:194) ~[reactor-core-3.7.8.jar:3.7.8]
		at reactor.core.publisher.Operators$MultiSubscriptionSubscriber.request(Operators.java:2330) ~[reactor-core-3.7.8.jar:3.7.8]
		at reactor.core.publisher.FluxConcatMapNoPrefetch$FluxConcatMapNoPrefetchSubscriber.request(FluxConcatMapNoPrefetch.java:339) ~[reactor-core-3.7.8.jar:3.7.8]
		at reactor.core.publisher.MonoNext$NextSubscriber.request(MonoNext.java:108) ~[reactor-core-3.7.8.jar:3.7.8]
		at reactor.core.publisher.FluxDefaultIfEmpty$DefaultIfEmptySubscriber.request(FluxDefaultIfEmpty.java:98) ~[reactor-core-3.7.8.jar:3.7.8]
		at reactor.core.publisher.MonoPeekTerminal$MonoTerminalPeekSubscriber.request(MonoPeekTerminal.java:139) ~[reactor-core-3.7.8.jar:3.7.8]
		at reactor.core.publisher.FluxPeekFuseable$PeekFuseableConditionalSubscriber.request(FluxPeekFuseable.java:437) ~[reactor-core-3.7.8.jar:3.7.8]
		at reactor.core.publisher.MonoPeekTerminal$MonoTerminalPeekSubscriber.request(MonoPeekTerminal.java:139) ~[reactor-core-3.7.8.jar:3.7.8]
		at reactor.core.publisher.FluxFilter$FilterSubscriber.request(FluxFilter.java:186) ~[reactor-core-3.7.8.jar:3.7.8]
		at reactor.core.publisher.Operators$MultiSubscriptionSubscriber.set(Operators.java:2366) ~[reactor-core-3.7.8.jar:3.7.8]
		at reactor.core.publisher.Operators$MultiSubscriptionSubscriber.onSubscribe(Operators.java:2240) ~[reactor-core-3.7.8.jar:3.7.8]
		at reactor.core.publisher.FluxFilter$FilterSubscriber.onSubscribe(FluxFilter.java:85) ~[reactor-core-3.7.8.jar:3.7.8]
		at reactor.core.publisher.MonoPeekTerminal$MonoTerminalPeekSubscriber.onSubscribe(MonoPeekTerminal.java:152) ~[reactor-core-3.7.8.jar:3.7.8]
		at reactor.core.publisher.FluxPeekFuseable$PeekFuseableConditionalSubscriber.onSubscribe(FluxPeekFuseable.java:471) ~[reactor-core-3.7.8.jar:3.7.8]
		at reactor.core.publisher.MonoPeekTerminal$MonoTerminalPeekSubscriber.onSubscribe(MonoPeekTerminal.java:152) ~[reactor-core-3.7.8.jar:3.7.8]
		at reactor.core.publisher.Operators$BaseFluxToMonoOperator.onSubscribe(Operators.java:2050) ~[reactor-core-3.7.8.jar:3.7.8]
		at reactor.core.publisher.MonoNext$NextSubscriber.onSubscribe(MonoNext.java:70) ~[reactor-core-3.7.8.jar:3.7.8]
		at reactor.core.publisher.FluxConcatMapNoPrefetch$FluxConcatMapNoPrefetchSubscriber.onSubscribe(FluxConcatMapNoPrefetch.java:164) ~[reactor-core-3.7.8.jar:3.7.8]
		at reactor.core.publisher.FluxIterable.subscribe(FluxIterable.java:201) ~[reactor-core-3.7.8.jar:3.7.8]
		at reactor.core.publisher.FluxIterable.subscribe(FluxIterable.java:83) ~[reactor-core-3.7.8.jar:3.7.8]
		at reactor.core.publisher.InternalMonoOperator.subscribe(InternalMonoOperator.java:76) ~[reactor-core-3.7.8.jar:3.7.8]
		at reactor.core.publisher.MonoDeferContextual.subscribe(MonoDeferContextual.java:55) ~[reactor-core-3.7.8.jar:3.7.8]
		at reactor.core.publisher.InternalMonoOperator.subscribe(InternalMonoOperator.java:76) ~[reactor-core-3.7.8.jar:3.7.8]
		at reactor.core.publisher.MonoDefer.subscribe(MonoDefer.java:53) ~[reactor-core-3.7.8.jar:3.7.8]
		at reactor.core.publisher.InternalMonoOperator.subscribe(InternalMonoOperator.java:76) ~[reactor-core-3.7.8.jar:3.7.8]
		at reactor.core.publisher.MonoDefer.subscribe(MonoDefer.java:53) ~[reactor-core-3.7.8.jar:3.7.8]
		at reactor.core.publisher.Mono.subscribe(Mono.java:4576) ~[reactor-core-3.7.8.jar:3.7.8]
		at reactor.core.publisher.MonoIgnoreThen$ThenIgnoreMain.subscribeNext(MonoIgnoreThen.java:265) ~[reactor-core-3.7.8.jar:3.7.8]
		at reactor.core.publisher.MonoIgnoreThen.subscribe(MonoIgnoreThen.java:51) ~[reactor-core-3.7.8.jar:3.7.8]
		at reactor.core.publisher.Mono.subscribe(Mono.java:4576) ~[reactor-core-3.7.8.jar:3.7.8]
		at reactor.core.publisher.FluxSwitchIfEmpty$SwitchIfEmptySubscriber.onComplete(FluxSwitchIfEmpty.java:82) ~[reactor-core-3.7.8.jar:3.7.8]
		at reactor.core.publisher.FluxFilter$FilterSubscriber.onComplete(FluxFilter.java:166) ~[reactor-core-3.7.8.jar:3.7.8]
		at reactor.core.publisher.FluxPeekFuseable$PeekConditionalSubscriber.onComplete(FluxPeekFuseable.java:940) ~[reactor-core-3.7.8.jar:3.7.8]
		at reactor.core.publisher.FluxSwitchIfEmpty$SwitchIfEmptySubscriber.onComplete(FluxSwitchIfEmpty.java:85) ~[reactor-core-3.7.8.jar:3.7.8]
		at org.springframework.security.test.context.support.ReactorContextTestExecutionListener$DelegateTestExecutionListener$SecuritySubContext.onComplete(ReactorContextTestExecutionListener.java:130) ~[spring-security-test-6.5.2.jar:6.5.2]
		at reactor.core.publisher.Operators$ScalarSubscription.request(Operators.java:2572) ~[reactor-core-3.7.8.jar:3.7.8]
		at reactor.core.publisher.Operators$MultiSubscriptionSubscriber.set(Operators.java:2366) ~[reactor-core-3.7.8.jar:3.7.8]
		at reactor.core.publisher.Operators$MultiSubscriptionSubscriber.onSubscribe(Operators.java:2240) ~[reactor-core-3.7.8.jar:3.7.8]
		at org.springframework.security.test.context.support.ReactorContextTestExecutionListener$DelegateTestExecutionListener$SecuritySubContext.onSubscribe(ReactorContextTestExecutionListener.java:115) ~[spring-security-test-6.5.2.jar:6.5.2]
		at reactor.core.publisher.MonoJust.subscribe(MonoJust.java:55) ~[reactor-core-3.7.8.jar:3.7.8]
		at reactor.core.publisher.Mono.subscribe(Mono.java:4576) ~[reactor-core-3.7.8.jar:3.7.8]
		at reactor.core.publisher.FluxSwitchIfEmpty$SwitchIfEmptySubscriber.onComplete(FluxSwitchIfEmpty.java:82) ~[reactor-core-3.7.8.jar:3.7.8]
		at reactor.core.publisher.MonoNext$NextSubscriber.onComplete(MonoNext.java:102) ~[reactor-core-3.7.8.jar:3.7.8]
		at reactor.core.publisher.FluxFilter$FilterSubscriber.onComplete(FluxFilter.java:166) ~[reactor-core-3.7.8.jar:3.7.8]
		at reactor.core.publisher.FluxFlatMap$FlatMapMain.checkTerminated(FluxFlatMap.java:850) ~[reactor-core-3.7.8.jar:3.7.8]
		at reactor.core.publisher.FluxFlatMap$FlatMapMain.drainLoop(FluxFlatMap.java:612) ~[reactor-core-3.7.8.jar:3.7.8]
		at reactor.core.publisher.FluxFlatMap$FlatMapMain.drain(FluxFlatMap.java:592) ~[reactor-core-3.7.8.jar:3.7.8]
		at reactor.core.publisher.FluxFlatMap$FlatMapMain.onComplete(FluxFlatMap.java:469) ~[reactor-core-3.7.8.jar:3.7.8]
		at reactor.core.publisher.FluxPeekFuseable$PeekFuseableSubscriber.onComplete(FluxPeekFuseable.java:277) ~[reactor-core-3.7.8.jar:3.7.8]
		at reactor.core.publisher.FluxIterable$IterableSubscription.slowPath(FluxIterable.java:357) ~[reactor-core-3.7.8.jar:3.7.8]
		at reactor.core.publisher.FluxIterable$IterableSubscription.request(FluxIterable.java:294) ~[reactor-core-3.7.8.jar:3.7.8]
		at reactor.core.publisher.FluxPeekFuseable$PeekFuseableSubscriber.request(FluxPeekFuseable.java:144) ~[reactor-core-3.7.8.jar:3.7.8]
		at reactor.core.publisher.FluxFlatMap$FlatMapMain.onSubscribe(FluxFlatMap.java:373) ~[reactor-core-3.7.8.jar:3.7.8]
		at reactor.core.publisher.FluxPeekFuseable$PeekFuseableSubscriber.onSubscribe(FluxPeekFuseable.java:178) ~[reactor-core-3.7.8.jar:3.7.8]
		at reactor.core.publisher.FluxIterable.subscribe(FluxIterable.java:201) ~[reactor-core-3.7.8.jar:3.7.8]
		at reactor.core.publisher.FluxIterable.subscribe(FluxIterable.java:83) ~[reactor-core-3.7.8.jar:3.7.8]
		at reactor.core.publisher.InternalMonoOperator.subscribe(InternalMonoOperator.java:76) ~[reactor-core-3.7.8.jar:3.7.8]
		at reactor.core.publisher.MonoDefer.subscribe(MonoDefer.java:53) ~[reactor-core-3.7.8.jar:3.7.8]
		at reactor.core.publisher.MonoFlatMap$FlatMapMain.onNext(MonoFlatMap.java:165) ~[reactor-core-3.7.8.jar:3.7.8]
		at reactor.core.publisher.Operators$BaseFluxToMonoOperator.completePossiblyEmpty(Operators.java:2096) ~[reactor-core-3.7.8.jar:3.7.8]
		at reactor.core.publisher.FluxDefaultIfEmpty$DefaultIfEmptySubscriber.onComplete(FluxDefaultIfEmpty.java:134) ~[reactor-core-3.7.8.jar:3.7.8]
		at reactor.core.publisher.FluxMap$MapSubscriber.onComplete(FluxMap.java:144) ~[reactor-core-3.7.8.jar:3.7.8]
		at reactor.core.publisher.FluxMap$MapSubscriber.onComplete(FluxMap.java:144) ~[reactor-core-3.7.8.jar:3.7.8]
		at reactor.core.publisher.FluxFilter$FilterSubscriber.onComplete(FluxFilter.java:166) ~[reactor-core-3.7.8.jar:3.7.8]
		at reactor.core.publisher.FluxMap$MapConditionalSubscriber.onComplete(FluxMap.java:275) ~[reactor-core-3.7.8.jar:3.7.8]
		at reactor.core.publisher.Operators$MonoSubscriber.complete(Operators.java:1865) ~[reactor-core-3.7.8.jar:3.7.8]
		at reactor.core.publisher.MonoCacheTime$CoordinatorSubscriber.signalCached(MonoCacheTime.java:337) ~[reactor-core-3.7.8.jar:3.7.8]
		at reactor.core.publisher.MonoCacheTime$CoordinatorSubscriber.onNext(MonoCacheTime.java:354) ~[reactor-core-3.7.8.jar:3.7.8]
		at reactor.core.publisher.FluxPeek$PeekSubscriber.onNext(FluxPeek.java:200) ~[reactor-core-3.7.8.jar:3.7.8]
		at reactor.core.publisher.FluxSwitchIfEmpty$SwitchIfEmptySubscriber.onNext(FluxSwitchIfEmpty.java:74) ~[reactor-core-3.7.8.jar:3.7.8]
		at org.springframework.security.test.context.support.ReactorContextTestExecutionListener$DelegateTestExecutionListener$SecuritySubContext.onNext(ReactorContextTestExecutionListener.java:120) ~[spring-security-test-6.5.2.jar:6.5.2]
		at reactor.core.publisher.MonoPeekTerminal$MonoTerminalPeekSubscriber.onNext(MonoPeekTerminal.java:180) ~[reactor-core-3.7.8.jar:3.7.8]
		at reactor.core.publisher.MonoPublishOn$PublishOnSubscriber.run(MonoPublishOn.java:181) ~[reactor-core-3.7.8.jar:3.7.8]
		at reactor.core.scheduler.SchedulerTask.call(SchedulerTask.java:68) ~[reactor-core-3.7.8.jar:3.7.8]
		at reactor.core.scheduler.SchedulerTask.call(SchedulerTask.java:28) ~[reactor-core-3.7.8.jar:3.7.8]
		at java.base/java.util.concurrent.FutureTask.run(FutureTask.java:317) ~[na:na]
		at java.base/java.util.concurrent.ScheduledThreadPoolExecutor$ScheduledFutureTask.run(ScheduledThreadPoolExecutor.java:304) ~[na:na]
		at java.base/java.util.concurrent.ThreadPoolExecutor.runWorker(ThreadPoolExecutor.java:1144) ~[na:na]
		at java.base/java.util.concurrent.ThreadPoolExecutor$Worker.run(ThreadPoolExecutor.java:642) ~[na:na]
		at java.base/java.lang.Thread.run(Thread.java:1583) ~[na:na]

2025-08-14T03:40:21.387Z ERROR 2256 --- [perumar-backend] [           main] o.s.t.w.reactive.server.ExchangeResult   : Request details for assertion failure:

> PUT /api/v1/carreras/CAR001
> WebTestClient-Request-Id: [1]
> Content-Type: [application/json]
> Content-Length: [153]

  {
    "codigo":"CAR001",
    "nombre":"Nuevo nombre",
    "descripcion":"Nueva desc",
    "modalidad":"SIN_EXPERIENCIA",
    "materias":["MAT001"]
  }


< 500 INTERNAL_SERVER_ERROR Internal Server Error
< Vary: [Origin, Access-Control-Request-Method, Access-Control-Request-Headers]
< Content-Type: [application/json]
< Content-Length: [144]
< Cache-Control: [no-cache, no-store, max-age=0, must-revalidate]
< Pragma: [no-cache]
< Expires: [0]
< X-Content-Type-Options: [nosniff]
< X-Frame-Options: [DENY]
< X-XSS-Protection: [0]
< Referrer-Policy: [no-referrer]

{"timestamp":"2025-08-14T03:40:21.373+00:00","path":"/api/v1/carreras/CAR001","status":500,"error":"Internal Server Error","requestId":"b872f7"}

Error:  Tests run: 4, Failures: 2, Errors: 0, Skipped: 0, Time elapsed: 6.427 s <<< FAILURE! -- in pe.edu.perumar.perumar_backend.controller.CarreraControllerIT
Error:  pe.edu.perumar.perumar_backend.controller.CarreraControllerIT.post_crear_201 -- Time elapsed: 0.218 s <<< FAILURE!
java.lang.AssertionError: Status expected:<201 CREATED> but was:<500 INTERNAL_SERVER_ERROR>
	at org.springframework.test.util.AssertionErrors.fail(AssertionErrors.java:61)
	at org.springframework.test.util.AssertionErrors.assertEquals(AssertionErrors.java:128)
	at org.springframework.test.web.reactive.server.StatusAssertions.lambda$assertStatusAndReturn$4(StatusAssertions.java:236)
	at org.springframework.test.web.reactive.server.ExchangeResult.assertWithDiagnostics(ExchangeResult.java:232)
	at org.springframework.test.web.reactive.server.StatusAssertions.assertStatusAndReturn(StatusAssertions.java:236)
	at org.springframework.test.web.reactive.server.StatusAssertions.isCreated(StatusAssertions.java:75)
	at pe.edu.perumar.perumar_backend.controller.CarreraControllerIT.post_crear_201(CarreraControllerIT.java:69)
	at java.base/java.lang.reflect.Method.invoke(Method.java:580)
	at java.base/java.util.ArrayList.forEach(ArrayList.java:1596)
	at java.base/java.util.ArrayList.forEach(ArrayList.java:1596)

Error:  pe.edu.perumar.perumar_backend.controller.CarreraControllerIT.put_actualizar_200 -- Time elapsed: 0.051 s <<< FAILURE!
java.lang.AssertionError: Status expected:<200 OK> but was:<500 INTERNAL_SERVER_ERROR>
	at org.springframework.test.util.AssertionErrors.fail(AssertionErrors.java:61)
	at org.springframework.test.util.AssertionErrors.assertEquals(AssertionErrors.java:128)
	at org.springframework.test.web.reactive.server.StatusAssertions.lambda$assertStatusAndReturn$4(StatusAssertions.java:236)
	at org.springframework.test.web.reactive.server.ExchangeResult.assertWithDiagnostics(ExchangeResult.java:232)
	at org.springframework.test.web.reactive.server.StatusAssertions.assertStatusAndReturn(StatusAssertions.java:236)
	at org.springframework.test.web.reactive.server.StatusAssertions.isOk(StatusAssertions.java:68)
	at pe.edu.perumar.perumar_backend.controller.CarreraControllerIT.put_actualizar_200(CarreraControllerIT.java:105)
	at java.base/java.lang.reflect.Method.invoke(Method.java:580)
	at java.base/java.util.ArrayList.forEach(ArrayList.java:1596)
	at java.base/java.util.ArrayList.forEach(ArrayList.java:1596)

[INFO] Running pe.edu.perumar.perumar_backend.controller.MateriaControllerIT
2025-08-14T03:40:21.412Z  INFO 2256 --- [perumar-backend] [           main] t.c.s.AnnotationConfigContextLoaderUtils : Could not detect default configuration classes for test class [pe.edu.perumar.perumar_backend.controller.MateriaControllerIT]: MateriaControllerIT does not declare any static, non-private, non-final, nested classes annotated with @Configuration.
2025-08-14T03:40:21.419Z  INFO 2256 --- [perumar-backend] [           main] .b.t.c.SpringBootTestContextBootstrapper : Found @SpringBootConfiguration pe.edu.perumar.perumar_backend.PerumarBackendApplication for test class pe.edu.perumar.perumar_backend.controller.MateriaControllerIT

  .   ____          _            __ _ _
 /\\ / ___'_ __ _ _(_)_ __  __ _ \ \ \ \
( ( )\___ | '_ | '_| | '_ \/ _` | \ \ \ \
 \\/  ___)| |_)| | | | | || (_| |  ) ) ) )
  '  |____| .__|_| |_|_| |_\__, | / / / /
 =========|_|==============|___/=/_/_/_/

 :: Spring Boot ::                (v3.5.4)

2025-08-14T03:40:21.472Z  INFO 2256 --- [perumar-backend] [           main] p.e.p.p.controller.MateriaControllerIT   : Starting MateriaControllerIT using Java 21.0.8 with PID 2256 (started by runner in /home/runner/work/perumar-backend-webflux/perumar-backend-webflux)
2025-08-14T03:40:21.472Z  INFO 2256 --- [perumar-backend] [           main] p.e.p.p.controller.MateriaControllerIT   : No active profile set, falling back to 1 default profile: "default"
2025-08-14T03:40:22.199Z  INFO 2256 --- [perumar-backend] [           main] o.s.b.a.e.web.EndpointLinksResolver      : Exposing 1 endpoint beneath base path '/actuator'
2025-08-14T03:40:22.282Z  INFO 2256 --- [perumar-backend] [           main] o.s.b.web.embedded.netty.NettyWebServer  : Netty started on port 39847 (http)
2025-08-14T03:40:22.288Z  INFO 2256 --- [perumar-backend] [           main] p.e.p.p.controller.MateriaControllerIT   : Started MateriaControllerIT in 0.86 seconds (process running for 8.039)
[INFO] Tests run: 4, Failures: 0, Errors: 0, Skipped: 0, Time elapsed: 0.973 s -- in pe.edu.perumar.perumar_backend.controller.MateriaControllerIT
[INFO] Running pe.edu.perumar.perumar_backend.controller.CicloControllerIT
2025-08-14T03:40:22.378Z  INFO 2256 --- [perumar-backend] [           main] t.c.s.AnnotationConfigContextLoaderUtils : Could not detect default configuration classes for test class [pe.edu.perumar.perumar_backend.controller.CicloControllerIT]: CicloControllerIT does not declare any static, non-private, non-final, nested classes annotated with @Configuration.
2025-08-14T03:40:22.382Z  INFO 2256 --- [perumar-backend] [           main] .b.t.c.SpringBootTestContextBootstrapper : Found @SpringBootConfiguration pe.edu.perumar.perumar_backend.PerumarBackendApplication for test class pe.edu.perumar.perumar_backend.controller.CicloControllerIT

  .   ____          _            __ _ _
 /\\ / ___'_ __ _ _(_)_ __  __ _ \ \ \ \
( ( )\___ | '_ | '_| | '_ \/ _` | \ \ \ \
 \\/  ___)| |_)| | | | | || (_| |  ) ) ) )
  '  |____| .__|_| |_|_| |_\__, | / / / /
 =========|_|==============|___/=/_/_/_/

 :: Spring Boot ::                (v3.5.4)

2025-08-14T03:40:22.409Z  INFO 2256 --- [perumar-backend] [           main] p.e.p.p.controller.CicloControllerIT     : Starting CicloControllerIT using Java 21.0.8 with PID 2256 (started by runner in /home/runner/work/perumar-backend-webflux/perumar-backend-webflux)
2025-08-14T03:40:22.409Z  INFO 2256 --- [perumar-backend] [           main] p.e.p.p.controller.CicloControllerIT     : No active profile set, falling back to 1 default profile: "default"
2025-08-14T03:40:22.994Z  INFO 2256 --- [perumar-backend] [           main] o.s.b.a.e.web.EndpointLinksResolver      : Exposing 1 endpoint beneath base path '/actuator'
2025-08-14T03:40:23.067Z  INFO 2256 --- [perumar-backend] [           main] o.s.b.web.embedded.netty.NettyWebServer  : Netty started on port 43827 (http)
2025-08-14T03:40:23.073Z  INFO 2256 --- [perumar-backend] [           main] p.e.p.p.controller.CicloControllerIT     : Started CicloControllerIT in 0.685 seconds (process running for 8.824)
[INFO] Tests run: 4, Failures: 0, Errors: 0, Skipped: 0, Time elapsed: 0.803 s -- in pe.edu.perumar.perumar_backend.controller.CicloControllerIT
[INFO] 
[INFO] Results:
[INFO] 
Error:  Failures: 
Error:    CarreraControllerIT.post_crear_201:69 Status expected:<201 CREATED> but was:<500 INTERNAL_SERVER_ERROR>
Error:    CarreraControllerIT.put_actualizar_200:105 Status expected:<200 OK> but was:<500 INTERNAL_SERVER_ERROR>
[INFO] 
Error:  Tests run: 12, Failures: 2, Errors: 0, Skipped: 0
[INFO] 
[INFO] 
[INFO] --- failsafe:3.2.5:verify (default) @ perumar-backend ---
[INFO] ------------------------------------------------------------------------
[INFO] BUILD FAILURE
[INFO] ------------------------------------------------------------------------
[INFO] Total time:  34.026 s
[INFO] Finished at: 2025-08-14T03:40:31Z
[INFO] ------------------------------------------------------------------------
Error:  Failed to execute goal org.apache.maven.plugins:maven-failsafe-plugin:3.2.5:verify (default) on project perumar-backend: There are test failures.
Error:  
Error:  Please refer to /home/runner/work/perumar-backend-webflux/perumar-backend-webflux/target/failsafe-reports for the individual test results.
Error:  Please refer to dump files (if any exist) [date].dump, [date]-jvmRun[N].dump and [date].dumpstream.
Error:  -> [Help 1]
Error:  
Error:  To see the full stack trace of the errors, re-run Maven with the -e switch.
Error:  Re-run Maven using the -X switch to enable full debug logging.
Error:  
Error:  For more information about the errors and possible solutions, please read the following articles:
Error:  [Help 1] http://cwiki.apache.org/confluence/display/MAVEN/MojoFailureException
Error: Process completed with exit code 1.