[INFO] Scanning for projects...
[INFO] 
[INFO] -------------------< pe.edu.perumar:perumar-backend >-------------------
[INFO] Building perumar-backend 0.0.1-SNAPSHOT
[INFO]   from pom.xml
[INFO] --------------------------------[ jar ]---------------------------------
[INFO] 
[INFO] --- clean:3.4.1:clean (default-clean) @ perumar-backend ---
[INFO] Deleting D:\PAPA\aplicaciones\PERUMAR\perumar-webflux\perumar-backend\target
[INFO] 
[INFO] --- resources:3.3.1:resources (default-resources) @ perumar-backend ---
[INFO] Copying 1 resource from src\main\resources to target\classes
[INFO] Copying 0 resource from src\main\resources to target\classes
[INFO] 
[INFO] --- compiler:3.14.0:compile (default-compile) @ perumar-backend ---
[INFO] Recompiling the module because of changed source code.
[INFO] Compiling 34 source files with javac [debug parameters release 17] to target\classes
[INFO] 
[INFO] --- resources:3.3.1:testResources (default-testResources) @ perumar-backend ---
[INFO] Copying 1 resource from src\test\resources to target\test-classes
[INFO] 
[INFO] --- compiler:3.14.0:testCompile (default-testCompile) @ perumar-backend ---
[INFO] Recompiling the module because of changed dependency.
[INFO] Compiling 12 source files with javac [debug parameters release 17] to target\test-classes
[WARNING] /D:/PAPA/aplicaciones/PERUMAR/perumar-webflux/perumar-backend/src/test/java/pe/edu/perumar/perumar_backend/controller/CicloControllerIT.java:[33,4] org.springframework.boot.test.mock.mockito.MockBean in org.springframework.boot.test.mock.mockito has been deprecated and marked for removal
[WARNING] /D:/PAPA/aplicaciones/PERUMAR/perumar-webflux/perumar-backend/src/test/java/pe/edu/perumar/perumar_backend/controller/CicloControllerIT.java:[33,4] org.springframework.boot.test.mock.mockito.MockBean in org.springframework.boot.test.mock.mockito has been deprecated and marked for removal
[WARNING] /D:/PAPA/aplicaciones/PERUMAR/perumar-webflux/perumar-backend/src/test/java/pe/edu/perumar/perumar_backend/controller/CicloControllerIT.java:[33,4] org.springframework.boot.test.mock.mockito.MockBean in org.springframework.boot.test.mock.mockito has been deprecated and marked for removal
[WARNING] /D:/PAPA/aplicaciones/PERUMAR/perumar-webflux/perumar-backend/src/test/java/pe/edu/perumar/perumar_backend/controller/CicloControllerIT.java:[33,4] org.springframework.boot.test.mock.mockito.MockBean in org.springframework.boot.test.mock.mockito has been deprecated and marked for removal
[WARNING] /D:/PAPA/aplicaciones/PERUMAR/perumar-webflux/perumar-backend/src/test/java/pe/edu/perumar/perumar_backend/controller/CicloControllerIT.java:[33,4] org.springframework.boot.test.mock.mockito.MockBean in org.springframework.boot.test.mock.mockito has been deprecated and marked for removal
[WARNING] /D:/PAPA/aplicaciones/PERUMAR/perumar-webflux/perumar-backend/src/test/java/pe/edu/perumar/perumar_backend/controller/MateriaControllerIT.java:[31,4] org.springframework.boot.test.mock.mockito.MockBean in org.springframework.boot.test.mock.mockito has been deprecated and marked for removal
[WARNING] /D:/PAPA/aplicaciones/PERUMAR/perumar-webflux/perumar-backend/src/test/java/pe/edu/perumar/perumar_backend/controller/MateriaControllerIT.java:[31,4] org.springframework.boot.test.mock.mockito.MockBean in org.springframework.boot.test.mock.mockito has been deprecated and marked for removal
[WARNING] /D:/PAPA/aplicaciones/PERUMAR/perumar-webflux/perumar-backend/src/test/java/pe/edu/perumar/perumar_backend/controller/MateriaControllerIT.java:[31,4] org.springframework.boot.test.mock.mockito.MockBean in org.springframework.boot.test.mock.mockito has been deprecated and marked for removal
[WARNING] /D:/PAPA/aplicaciones/PERUMAR/perumar-webflux/perumar-backend/src/test/java/pe/edu/perumar/perumar_backend/controller/MateriaControllerIT.java:[31,4] org.springframework.boot.test.mock.mockito.MockBean in org.springframework.boot.test.mock.mockito has been deprecated and marked for removal
[WARNING] /D:/PAPA/aplicaciones/PERUMAR/perumar-webflux/perumar-backend/src/test/java/pe/edu/perumar/perumar_backend/controller/MateriaControllerIT.java:[31,4] org.springframework.boot.test.mock.mockito.MockBean in org.springframework.boot.test.mock.mockito has been deprecated and marked for removal
[INFO] 
[INFO] --- surefire:3.2.5:test (default-test) @ perumar-backend ---
[INFO] Using auto detected provider org.apache.maven.surefire.junitplatform.JUnitPlatformProvider
[INFO] 
[INFO] -------------------------------------------------------
[INFO]  T E S T S
[INFO] -------------------------------------------------------
[INFO] Running pe.edu.perumar.perumar_backend.PerumarBackendApplicationTests
16:31:01.847 [main] INFO org.springframework.boot.test.context.SpringBootTestContextBootstrapper -- Found @SpringBootConfiguration pe.edu.perumar.perumar_backend.PerumarBackendApplication for test class pe.edu.perumar.perumar_backend.PerumarBackendApplicationTests

  .   ____          _            __ _ _
 /\\ / ___'_ __ _ _(_)_ __  __ _ \ \ \ \
( ( )\___ | '_ | '_| | '_ \/ _` | \ \ \ \
 \\/  ___)| |_)| | | | | || (_| |  ) ) ) )
  '  |____| .__|_| |_|_| |_\__, | / / / /
 =========|_|==============|___/=/_/_/_/

 :: Spring Boot ::                (v3.5.4)

2025-08-18T16:31:11.282-05:00 ERROR 16216 --- [perumar-backend] [           main] o.s.b.d.LoggingFailureAnalysisReporter   : 

***************************
APPLICATION FAILED TO START
***************************

Description:

Failed to configure a ConnectionFactory: 'url' attribute is not specified and no embedded database could be configured.

Reason: Failed to determine a suitable R2DBC Connection URL


Action:

Consider the following:
	If you want an embedded database (H2), please put it on the classpath.
	If you have database settings to be loaded from a particular profile you may need to activate it (the profiles test are currently active).

[ERROR] Tests run: 1, Failures: 0, Errors: 1, Skipped: 0, Time elapsed: 10.12 s <<< FAILURE! -- in pe.edu.perumar.perumar_backend.PerumarBackendApplicationTests
[ERROR] pe.edu.perumar.perumar_backend.PerumarBackendApplicationTests.contextLoads -- Time elapsed: 0.051 s <<< ERROR!
java.lang.IllegalStateException: Failed to load ApplicationContext for [ReactiveWebMergedContextConfiguration@535a6697 testClass = pe.edu.perumar.perumar_backend.PerumarBackendApplicationTests, locations = [], classes = [pe.edu.perumar.perumar_backend.PerumarBackendApplication, pe.edu.perumar.perumar_backend.PerumarBackendApplicationTests.RepoStubs], contextInitializerClasses = [], activeProfiles = ["test"], propertySourceDescriptors = [], propertySourceProperties = ["org.springframework.boot.test.context.SpringBootTestContextBootstrapper=true"], contextCustomizers = [[ImportsContextCustomizer@641bc9a8 key = [pe.edu.perumar.perumar_backend.PerumarBackendApplicationTests$RepoStubs]], org.springframework.boot.test.context.filter.ExcludeFilterContextCustomizer@389c4eb1, org.springframework.boot.test.json.DuplicateJsonObjectContextCustomizerFactory$DuplicateJsonObjectContextCustomizer@127a7a2e, org.springframework.boot.test.mock.mockito.MockitoContextCustomizer@0, org.springframework.boot.test.web.client.TestRestTemplateContextCustomizer@2049a9c1, org.springframework.boot.test.web.reactive.server.WebTestClientContextCustomizer@61eaec38, org.springframework.boot.test.web.reactor.netty.DisableReactorResourceFactoryGlobalResourcesContextCustomizerFactory$DisableReactorResourceFactoryGlobalResourcesContextCustomizerCustomizer@27adc16e, org.springframework.boot.test.autoconfigure.OnFailureConditionReportContextCustomizerFactory$OnFailureConditionReportContextCustomizer@1fd14d74, org.springframework.boot.test.autoconfigure.actuate.observability.ObservabilityContextCustomizerFactory$DisableObservabilityContextCustomizer@1f, org.springframework.boot.test.autoconfigure.properties.PropertyMappingContextCustomizer@0, org.springframework.boot.test.autoconfigure.web.servlet.WebDriverContextCustomizer@4816278d, org.springframework.test.context.support.DynamicPropertiesContextCustomizer@0, org.springframework.boot.test.context.SpringBootTestAnnotation@9e05d7a0], contextLoader = org.springframework.boot.test.context.SpringBootContextLoader, parent = null]
	at org.springframework.test.context.cache.DefaultCacheAwareContextLoaderDelegate.loadContext(DefaultCacheAwareContextLoaderDelegate.java:180)
	at org.springframework.test.context.support.DefaultTestContext.getApplicationContext(DefaultTestContext.java:130)
	at org.springframework.test.context.support.DependencyInjectionTestExecutionListener.injectDependencies(DependencyInjectionTestExecutionListener.java:155)
	at org.springframework.test.context.support.DependencyInjectionTestExecutionListener.prepareTestInstance(DependencyInjectionTestExecutionListener.java:111)
	at org.springframework.test.context.TestContextManager.prepareTestInstance(TestContextManager.java:260)
	at org.springframework.test.context.junit.jupiter.SpringExtension.postProcessTestInstance(SpringExtension.java:159)
	at java.base/java.util.stream.ForEachOps$ForEachOp$OfRef.accept(ForEachOps.java:183)
	at java.base/java.util.stream.ReferencePipeline$3$1.accept(ReferencePipeline.java:197)
	at java.base/java.util.stream.ReferencePipeline$2$1.accept(ReferencePipeline.java:179)
	at java.base/java.util.stream.ReferencePipeline$3$1.accept(ReferencePipeline.java:197)
	at java.base/java.util.ArrayList$ArrayListSpliterator.forEachRemaining(ArrayList.java:1625)
	at java.base/java.util.stream.AbstractPipeline.copyInto(AbstractPipeline.java:509)
	at java.base/java.util.stream.AbstractPipeline.wrapAndCopyInto(AbstractPipeline.java:499)
	at java.base/java.util.stream.ForEachOps$ForEachOp.evaluateSequential(ForEachOps.java:150)
	at java.base/java.util.stream.ForEachOps$ForEachOp$OfRef.evaluateSequential(ForEachOps.java:173)
	at java.base/java.util.stream.AbstractPipeline.evaluate(AbstractPipeline.java:234)
	at java.base/java.util.stream.ReferencePipeline.forEach(ReferencePipeline.java:596)
	at java.base/java.util.Optional.orElseGet(Optional.java:364)
	at java.base/java.util.ArrayList.forEach(ArrayList.java:1511)
	at java.base/java.util.ArrayList.forEach(ArrayList.java:1511)
Caused by: org.springframework.beans.factory.BeanCreationException: Error creating bean with name 'webHandler' defined in class path resource [org/springframework/boot/autoconfigure/web/reactive/WebFluxAutoConfiguration$EnableWebFluxConfiguration.class]: Error creating bean with name 'healthEndpointWebFluxHandlerMapping' defined in class path resource [org/springframework/boot/actuate/autoconfigure/health/HealthEndpointReactiveWebExtensionConfiguration$WebFluxAdditionalHealthEndpointPathsConfiguration.class]: Failed to instantiate [org.springframework.boot.actuate.endpoint.web.reactive.AdditionalHealthEndpointPathsWebFluxHandlerMapping]: Factory method 'healthEndpointWebFluxHandlerMapping' threw exception with message: Error creating bean with name 'healthEndpoint' defined in class path resource [org/springframework/boot/actuate/autoconfigure/health/HealthEndpointConfiguration.class]: Unsatisfied dependency expressed through method 'healthEndpoint' parameter 0: Error creating bean with name 'healthContributorRegistry' defined in class path resource [org/springframework/boot/actuate/autoconfigure/health/HealthEndpointConfiguration.class]: Unsatisfied dependency expressed through method 'healthContributorRegistry' parameter 3: Error creating bean with name 'r2dbcHealthContributor' defined in class path resource [org/springframework/boot/actuate/autoconfigure/r2dbc/ConnectionFactoryHealthContributorAutoConfiguration.class]: Failed to instantiate [org.springframework.boot.actuate.health.ReactiveHealthContributor]: Factory method 'r2dbcHealthContributor' threw exception with message: Error creating bean with name 'connectionFactory' defined in class path resource [org/springframework/boot/autoconfigure/r2dbc/ConnectionFactoryConfigurations$PoolConfiguration$PooledConnectionFactoryConfiguration.class]: Failed to instantiate [io.r2dbc.pool.ConnectionPool]: Factory method 'connectionFactory' threw exception with message: Failed to determine a suitable R2DBC Connection URL
	at org.springframework.beans.factory.support.AbstractAutowireCapableBeanFactory.doCreateBean(AbstractAutowireCapableBeanFactory.java:614)
	at org.springframework.beans.factory.support.AbstractAutowireCapableBeanFactory.createBean(AbstractAutowireCapableBeanFactory.java:529)
	at org.springframework.beans.factory.support.AbstractBeanFactory.lambda$doGetBean$0(AbstractBeanFactory.java:339)
	at org.springframework.beans.factory.support.DefaultSingletonBeanRegistry.getSingleton(DefaultSingletonBeanRegistry.java:373)
	at org.springframework.beans.factory.support.AbstractBeanFactory.doGetBean(AbstractBeanFactory.java:337)
	at org.springframework.beans.factory.support.AbstractBeanFactory.getBean(AbstractBeanFactory.java:202)
	at org.springframework.beans.factory.support.DefaultListableBeanFactory.instantiateSingleton(DefaultListableBeanFactory.java:1222)
	at org.springframework.beans.factory.support.DefaultListableBeanFactory.preInstantiateSingleton(DefaultListableBeanFactory.java:1188)
	at org.springframework.beans.factory.support.DefaultListableBeanFactory.preInstantiateSingletons(DefaultListableBeanFactory.java:1123)
	at org.springframework.context.support.AbstractApplicationContext.finishBeanFactoryInitialization(AbstractApplicationContext.java:987)
	at org.springframework.context.support.AbstractApplicationContext.refresh(AbstractApplicationContext.java:627)
	at org.springframework.boot.SpringApplication.refresh(SpringApplication.java:752)
	at org.springframework.boot.SpringApplication.refreshContext(SpringApplication.java:439)
	at org.springframework.boot.SpringApplication.run(SpringApplication.java:318)
	at org.springframework.boot.test.context.SpringBootContextLoader.lambda$loadContext$3(SpringBootContextLoader.java:144)
	at org.springframework.util.function.ThrowingSupplier.get(ThrowingSupplier.java:58)
	at org.springframework.util.function.ThrowingSupplier.get(ThrowingSupplier.java:46)
	at org.springframework.boot.SpringApplication.withHook(SpringApplication.java:1461)
	at org.springframework.boot.test.context.SpringBootContextLoader$ContextLoaderHook.run(SpringBootContextLoader.java:563)
	at org.springframework.boot.test.context.SpringBootContextLoader.loadContext(SpringBootContextLoader.java:144)
	at org.springframework.boot.test.context.SpringBootContextLoader.loadContext(SpringBootContextLoader.java:110)
	at org.springframework.test.context.cache.DefaultCacheAwareContextLoaderDelegate.loadContextInternal(DefaultCacheAwareContextLoaderDelegate.java:225)
	at org.springframework.test.context.cache.DefaultCacheAwareContextLoaderDelegate.loadContext(DefaultCacheAwareContextLoaderDelegate.java:152)
	... 19 more
Caused by: org.springframework.beans.factory.BeanCreationException: Error creating bean with name 'healthEndpointWebFluxHandlerMapping' defined in class path resource [org/springframework/boot/actuate/autoconfigure/health/HealthEndpointReactiveWebExtensionConfiguration$WebFluxAdditionalHealthEndpointPathsConfiguration.class]: Failed to instantiate [org.springframework.boot.actuate.endpoint.web.reactive.AdditionalHealthEndpointPathsWebFluxHandlerMapping]: Factory method 'healthEndpointWebFluxHandlerMapping' threw exception with message: Error creating bean with name 'healthEndpoint' defined in class path resource [org/springframework/boot/actuate/autoconfigure/health/HealthEndpointConfiguration.class]: Unsatisfied dependency expressed through method 'healthEndpoint' parameter 0: Error creating bean with name 'healthContributorRegistry' defined in class path resource [org/springframework/boot/actuate/autoconfigure/health/HealthEndpointConfiguration.class]: Unsatisfied dependency expressed through method 'healthContributorRegistry' parameter 3: Error creating bean with name 'r2dbcHealthContributor' defined in class path resource [org/springframework/boot/actuate/autoconfigure/r2dbc/ConnectionFactoryHealthContributorAutoConfiguration.class]: Failed to instantiate [org.springframework.boot.actuate.health.ReactiveHealthContributor]: Factory method 'r2dbcHealthContributor' threw exception with message: Error creating bean with name 'connectionFactory' defined in class path resource [org/springframework/boot/autoconfigure/r2dbc/ConnectionFactoryConfigurations$PoolConfiguration$PooledConnectionFactoryConfiguration.class]: Failed to instantiate [io.r2dbc.pool.ConnectionPool]: Factory method 'connectionFactory' threw exception with message: Failed to determine a suitable R2DBC Connection URL
	at org.springframework.beans.factory.support.ConstructorResolver.instantiate(ConstructorResolver.java:657)
	at org.springframework.beans.factory.support.ConstructorResolver.instantiateUsingFactoryMethod(ConstructorResolver.java:645)
	at org.springframework.beans.factory.support.AbstractAutowireCapableBeanFactory.instantiateUsingFactoryMethod(AbstractAutowireCapableBeanFactory.java:1375)
	at org.springframework.beans.factory.support.AbstractAutowireCapableBeanFactory.createBeanInstance(AbstractAutowireCapableBeanFactory.java:1205)
	at org.springframework.beans.factory.support.AbstractAutowireCapableBeanFactory.doCreateBean(AbstractAutowireCapableBeanFactory.java:569)
	at org.springframework.beans.factory.support.AbstractAutowireCapableBeanFactory.createBean(AbstractAutowireCapableBeanFactory.java:529)
	at org.springframework.beans.factory.support.AbstractBeanFactory.lambda$doGetBean$0(AbstractBeanFactory.java:339)
	at org.springframework.beans.factory.support.DefaultSingletonBeanRegistry.getSingleton(DefaultSingletonBeanRegistry.java:373)
	at org.springframework.beans.factory.support.AbstractBeanFactory.doGetBean(AbstractBeanFactory.java:337)
	at org.springframework.beans.factory.support.AbstractBeanFactory.getBean(AbstractBeanFactory.java:202)
	at org.springframework.beans.factory.support.DefaultListableBeanFactory.getBeansOfType(DefaultListableBeanFactory.java:747)
	at org.springframework.context.support.AbstractApplicationContext.getBeansOfType(AbstractApplicationContext.java:1426)
	at org.springframework.beans.factory.BeanFactoryUtils.beansOfTypeIncludingAncestors(BeanFactoryUtils.java:372)
	at org.springframework.web.reactive.DispatcherHandler.initStrategies(DispatcherHandler.java:120)
	at org.springframework.web.reactive.DispatcherHandler.setApplicationContext(DispatcherHandler.java:115)
	at org.springframework.context.support.ApplicationContextAwareProcessor.invokeAwareInterfaces(ApplicationContextAwareProcessor.java:110)
	at org.springframework.context.support.ApplicationContextAwareProcessor.postProcessBeforeInitialization(ApplicationContextAwareProcessor.java:85)
	at org.springframework.beans.factory.support.AbstractAutowireCapableBeanFactory.applyBeanPostProcessorsBeforeInitialization(AbstractAutowireCapableBeanFactory.java:429)
	at org.springframework.beans.factory.support.AbstractAutowireCapableBeanFactory.initializeBean(AbstractAutowireCapableBeanFactory.java:1818)
	at org.springframework.beans.factory.support.AbstractAutowireCapableBeanFactory.doCreateBean(AbstractAutowireCapableBeanFactory.java:607)
	... 41 more
Caused by: org.springframework.beans.BeanInstantiationException: Failed to instantiate [org.springframework.boot.actuate.endpoint.web.reactive.AdditionalHealthEndpointPathsWebFluxHandlerMapping]: Factory method 'healthEndpointWebFluxHandlerMapping' threw exception with message: Error creating bean with name 'healthEndpoint' defined in class path resource [org/springframework/boot/actuate/autoconfigure/health/HealthEndpointConfiguration.class]: Unsatisfied dependency expressed through method 'healthEndpoint' parameter 0: Error creating bean with name 'healthContributorRegistry' defined in class path resource [org/springframework/boot/actuate/autoconfigure/health/HealthEndpointConfiguration.class]: Unsatisfied dependency expressed through method 'healthContributorRegistry' parameter 3: Error creating bean with name 'r2dbcHealthContributor' defined in class path resource [org/springframework/boot/actuate/autoconfigure/r2dbc/ConnectionFactoryHealthContributorAutoConfiguration.class]: Failed to instantiate [org.springframework.boot.actuate.health.ReactiveHealthContributor]: Factory method 'r2dbcHealthContributor' threw exception with message: Error creating bean with name 'connectionFactory' defined in class path resource [org/springframework/boot/autoconfigure/r2dbc/ConnectionFactoryConfigurations$PoolConfiguration$PooledConnectionFactoryConfiguration.class]: Failed to instantiate [io.r2dbc.pool.ConnectionPool]: Factory method 'connectionFactory' threw exception with message: Failed to determine a suitable R2DBC Connection URL
	at org.springframework.beans.factory.support.SimpleInstantiationStrategy.lambda$instantiate$0(SimpleInstantiationStrategy.java:200)
	at org.springframework.beans.factory.support.SimpleInstantiationStrategy.instantiateWithFactoryMethod(SimpleInstantiationStrategy.java:89)
	at org.springframework.beans.factory.support.SimpleInstantiationStrategy.instantiate(SimpleInstantiationStrategy.java:169)
	at org.springframework.beans.factory.support.ConstructorResolver.instantiate(ConstructorResolver.java:653)
	... 60 more
Caused by: org.springframework.beans.factory.UnsatisfiedDependencyException: Error creating bean with name 'healthEndpoint' defined in class path resource [org/springframework/boot/actuate/autoconfigure/health/HealthEndpointConfiguration.class]: Unsatisfied dependency expressed through method 'healthEndpoint' parameter 0: Error creating bean with name 'healthContributorRegistry' defined in class path resource [org/springframework/boot/actuate/autoconfigure/health/HealthEndpointConfiguration.class]: Unsatisfied dependency expressed through method 'healthContributorRegistry' parameter 3: Error creating bean with name 'r2dbcHealthContributor' defined in class path resource [org/springframework/boot/actuate/autoconfigure/r2dbc/ConnectionFactoryHealthContributorAutoConfiguration.class]: Failed to instantiate [org.springframework.boot.actuate.health.ReactiveHealthContributor]: Factory method 'r2dbcHealthContributor' threw exception with message: Error creating bean with name 'connectionFactory' defined in class path resource [org/springframework/boot/autoconfigure/r2dbc/ConnectionFactoryConfigurations$PoolConfiguration$PooledConnectionFactoryConfiguration.class]: Failed to instantiate [io.r2dbc.pool.ConnectionPool]: Factory method 'connectionFactory' threw exception with message: Failed to determine a suitable R2DBC Connection URL
	at org.springframework.beans.factory.support.ConstructorResolver.createArgumentArray(ConstructorResolver.java:804)
	at org.springframework.beans.factory.support.ConstructorResolver.instantiateUsingFactoryMethod(ConstructorResolver.java:546)
	at org.springframework.beans.factory.support.AbstractAutowireCapableBeanFactory.instantiateUsingFactoryMethod(AbstractAutowireCapableBeanFactory.java:1375)
	at org.springframework.beans.factory.support.AbstractAutowireCapableBeanFactory.createBeanInstance(AbstractAutowireCapableBeanFactory.java:1205)
	at org.springframework.beans.factory.support.AbstractAutowireCapableBeanFactory.doCreateBean(AbstractAutowireCapableBeanFactory.java:569)
	at org.springframework.beans.factory.support.AbstractAutowireCapableBeanFactory.createBean(AbstractAutowireCapableBeanFactory.java:529)
	at org.springframework.beans.factory.support.AbstractBeanFactory.lambda$doGetBean$0(AbstractBeanFactory.java:339)
	at org.springframework.beans.factory.support.DefaultSingletonBeanRegistry.getSingleton(DefaultSingletonBeanRegistry.java:373)
	at org.springframework.beans.factory.support.AbstractBeanFactory.doGetBean(AbstractBeanFactory.java:337)
	at org.springframework.beans.factory.support.AbstractBeanFactory.getBean(AbstractBeanFactory.java:202)
	at org.springframework.context.support.AbstractApplicationContext.getBean(AbstractApplicationContext.java:1272)
	at org.springframework.boot.actuate.endpoint.annotation.EndpointDiscoverer.lambda$createEndpointBean$1(EndpointDiscoverer.java:174)
	at org.springframework.boot.actuate.endpoint.annotation.EndpointDiscoverer$EndpointBean.getBean(EndpointDiscoverer.java:530)
	at org.springframework.boot.actuate.endpoint.annotation.EndpointDiscoverer.lambda$getFilterEndpoint$8(EndpointDiscoverer.java:375)
	at java.base/java.util.concurrent.ConcurrentHashMap.computeIfAbsent(ConcurrentHashMap.java:1708)
	at org.springframework.boot.actuate.endpoint.annotation.EndpointDiscoverer.getFilterEndpoint(EndpointDiscoverer.java:375)
	at org.springframework.boot.actuate.endpoint.annotation.EndpointDiscoverer.isFilterMatch(EndpointDiscoverer.java:335)
	at org.springframework.boot.actuate.endpoint.annotation.EndpointDiscoverer.isExtensionExposed(EndpointDiscoverer.java:289)
	at org.springframework.boot.actuate.endpoint.annotation.EndpointDiscoverer.addExtensionBean(EndpointDiscoverer.java:199)
	at org.springframework.boot.actuate.endpoint.annotation.EndpointDiscoverer.addExtensionBeans(EndpointDiscoverer.java:188)
	at org.springframework.boot.actuate.endpoint.annotation.EndpointDiscoverer.discoverEndpoints(EndpointDiscoverer.java:153)
	at org.springframework.boot.actuate.endpoint.annotation.EndpointDiscoverer.getEndpoints(EndpointDiscoverer.java:146)
	at org.springframework.boot.actuate.autoconfigure.health.HealthEndpointReactiveWebExtensionConfiguration$WebFluxAdditionalHealthEndpointPathsConfiguration.healthEndpointWebFluxHandlerMapping(HealthEndpointReactiveWebExtensionConfiguration.java:67)
	at java.base/java.lang.reflect.Method.invoke(Method.java:569)
	at org.springframework.beans.factory.support.SimpleInstantiationStrategy.lambda$instantiate$0(SimpleInstantiationStrategy.java:172)
	... 63 more
Caused by: org.springframework.beans.factory.UnsatisfiedDependencyException: Error creating bean with name 'healthContributorRegistry' defined in class path resource [org/springframework/boot/actuate/autoconfigure/health/HealthEndpointConfiguration.class]: Unsatisfied dependency expressed through method 'healthContributorRegistry' parameter 3: Error creating bean with name 'r2dbcHealthContributor' defined in class path resource [org/springframework/boot/actuate/autoconfigure/r2dbc/ConnectionFactoryHealthContributorAutoConfiguration.class]: Failed to instantiate [org.springframework.boot.actuate.health.ReactiveHealthContributor]: Factory method 'r2dbcHealthContributor' threw exception with message: Error creating bean with name 'connectionFactory' defined in class path resource [org/springframework/boot/autoconfigure/r2dbc/ConnectionFactoryConfigurations$PoolConfiguration$PooledConnectionFactoryConfiguration.class]: Failed to instantiate [io.r2dbc.pool.ConnectionPool]: Factory method 'connectionFactory' threw exception with message: Failed to determine a suitable R2DBC Connection URL
	at org.springframework.beans.factory.support.ConstructorResolver.createArgumentArray(ConstructorResolver.java:804)
	at org.springframework.beans.factory.support.ConstructorResolver.instantiateUsingFactoryMethod(ConstructorResolver.java:546)
	at org.springframework.beans.factory.support.AbstractAutowireCapableBeanFactory.instantiateUsingFactoryMethod(AbstractAutowireCapableBeanFactory.java:1375)
	at org.springframework.beans.factory.support.AbstractAutowireCapableBeanFactory.createBeanInstance(AbstractAutowireCapableBeanFactory.java:1205)
	at org.springframework.beans.factory.support.AbstractAutowireCapableBeanFactory.doCreateBean(AbstractAutowireCapableBeanFactory.java:569)
	at org.springframework.beans.factory.support.AbstractAutowireCapableBeanFactory.createBean(AbstractAutowireCapableBeanFactory.java:529)
	at org.springframework.beans.factory.support.AbstractBeanFactory.lambda$doGetBean$0(AbstractBeanFactory.java:339)
	at org.springframework.beans.factory.support.DefaultSingletonBeanRegistry.getSingleton(DefaultSingletonBeanRegistry.java:373)
	at org.springframework.beans.factory.support.AbstractBeanFactory.doGetBean(AbstractBeanFactory.java:337)
	at org.springframework.beans.factory.support.AbstractBeanFactory.getBean(AbstractBeanFactory.java:202)
	at org.springframework.beans.factory.config.DependencyDescriptor.resolveCandidate(DependencyDescriptor.java:254)
	at org.springframework.beans.factory.support.DefaultListableBeanFactory.doResolveDependency(DefaultListableBeanFactory.java:1745)
	at org.springframework.beans.factory.support.DefaultListableBeanFactory.resolveDependency(DefaultListableBeanFactory.java:1628)
	at org.springframework.beans.factory.support.ConstructorResolver.resolveAutowiredArgument(ConstructorResolver.java:913)
	at org.springframework.beans.factory.support.ConstructorResolver.createArgumentArray(ConstructorResolver.java:791)
	... 87 more
Caused by: org.springframework.beans.factory.BeanCreationException: Error creating bean with name 'r2dbcHealthContributor' defined in class path resource [org/springframework/boot/actuate/autoconfigure/r2dbc/ConnectionFactoryHealthContributorAutoConfiguration.class]: Failed to instantiate [org.springframework.boot.actuate.health.ReactiveHealthContributor]: Factory method 'r2dbcHealthContributor' threw exception with message: Error creating bean with name 'connectionFactory' defined in class path resource [org/springframework/boot/autoconfigure/r2dbc/ConnectionFactoryConfigurations$PoolConfiguration$PooledConnectionFactoryConfiguration.class]: Failed to instantiate [io.r2dbc.pool.ConnectionPool]: Factory method 'connectionFactory' threw exception with message: Failed to determine a suitable R2DBC Connection URL
	at org.springframework.beans.factory.support.ConstructorResolver.instantiate(ConstructorResolver.java:657)
	at org.springframework.beans.factory.support.ConstructorResolver.instantiateUsingFactoryMethod(ConstructorResolver.java:645)
	at org.springframework.beans.factory.support.AbstractAutowireCapableBeanFactory.instantiateUsingFactoryMethod(AbstractAutowireCapableBeanFactory.java:1375)
	at org.springframework.beans.factory.support.AbstractAutowireCapableBeanFactory.createBeanInstance(AbstractAutowireCapableBeanFactory.java:1205)
	at org.springframework.beans.factory.support.AbstractAutowireCapableBeanFactory.doCreateBean(AbstractAutowireCapableBeanFactory.java:569)
	at org.springframework.beans.factory.support.AbstractAutowireCapableBeanFactory.createBean(AbstractAutowireCapableBeanFactory.java:529)
	at org.springframework.beans.factory.support.AbstractBeanFactory.lambda$doGetBean$0(AbstractBeanFactory.java:339)
	at org.springframework.beans.factory.support.DefaultSingletonBeanRegistry.getSingleton(DefaultSingletonBeanRegistry.java:373)
	at org.springframework.beans.factory.support.AbstractBeanFactory.doGetBean(AbstractBeanFactory.java:337)
	at org.springframework.beans.factory.support.AbstractBeanFactory.getBean(AbstractBeanFactory.java:202)
	at org.springframework.beans.factory.config.DependencyDescriptor.resolveCandidate(DependencyDescriptor.java:254)
	at org.springframework.beans.factory.support.DefaultListableBeanFactory.addCandidateEntry(DefaultListableBeanFactory.java:1996)
	at org.springframework.beans.factory.support.DefaultListableBeanFactory.findAutowireCandidates(DefaultListableBeanFactory.java:1960)
	at org.springframework.beans.factory.support.DefaultListableBeanFactory.resolveMultipleBeanMap(DefaultListableBeanFactory.java:1882)
	at org.springframework.beans.factory.support.DefaultListableBeanFactory.resolveMultipleBeans(DefaultListableBeanFactory.java:1821)
	at org.springframework.beans.factory.support.DefaultListableBeanFactory.doResolveDependency(DefaultListableBeanFactory.java:1694)
	at org.springframework.beans.factory.support.DefaultListableBeanFactory.resolveDependency(DefaultListableBeanFactory.java:1628)
	at org.springframework.beans.factory.support.ConstructorResolver.resolveAutowiredArgument(ConstructorResolver.java:913)
	at org.springframework.beans.factory.support.ConstructorResolver.createArgumentArray(ConstructorResolver.java:791)
	... 101 more
Caused by: org.springframework.beans.BeanInstantiationException: Failed to instantiate [org.springframework.boot.actuate.health.ReactiveHealthContributor]: Factory method 'r2dbcHealthContributor' threw exception with message: Error creating bean with name 'connectionFactory' defined in class path resource [org/springframework/boot/autoconfigure/r2dbc/ConnectionFactoryConfigurations$PoolConfiguration$PooledConnectionFactoryConfiguration.class]: Failed to instantiate [io.r2dbc.pool.ConnectionPool]: Factory method 'connectionFactory' threw exception with message: Failed to determine a suitable R2DBC Connection URL
	at org.springframework.beans.factory.support.SimpleInstantiationStrategy.lambda$instantiate$0(SimpleInstantiationStrategy.java:200)
	at org.springframework.beans.factory.support.SimpleInstantiationStrategy.instantiateWithFactoryMethod(SimpleInstantiationStrategy.java:89)
	at org.springframework.beans.factory.support.SimpleInstantiationStrategy.instantiate(SimpleInstantiationStrategy.java:169)
	at org.springframework.beans.factory.support.ConstructorResolver.instantiate(ConstructorResolver.java:653)
	... 119 more
Caused by: org.springframework.beans.factory.BeanCreationException: Error creating bean with name 'connectionFactory' defined in class path resource [org/springframework/boot/autoconfigure/r2dbc/ConnectionFactoryConfigurations$PoolConfiguration$PooledConnectionFactoryConfiguration.class]: Failed to instantiate [io.r2dbc.pool.ConnectionPool]: Factory method 'connectionFactory' threw exception with message: Failed to determine a suitable R2DBC Connection URL
	at org.springframework.beans.factory.support.ConstructorResolver.instantiate(ConstructorResolver.java:657)
	at org.springframework.beans.factory.support.ConstructorResolver.instantiateUsingFactoryMethod(ConstructorResolver.java:645)
	at org.springframework.beans.factory.support.AbstractAutowireCapableBeanFactory.instantiateUsingFactoryMethod(AbstractAutowireCapableBeanFactory.java:1375)
	at org.springframework.beans.factory.support.AbstractAutowireCapableBeanFactory.createBeanInstance(AbstractAutowireCapableBeanFactory.java:1205)
	at org.springframework.beans.factory.support.AbstractAutowireCapableBeanFactory.doCreateBean(AbstractAutowireCapableBeanFactory.java:569)
	at org.springframework.beans.factory.support.AbstractAutowireCapableBeanFactory.createBean(AbstractAutowireCapableBeanFactory.java:529)
	at org.springframework.beans.factory.support.AbstractBeanFactory.lambda$doGetBean$0(AbstractBeanFactory.java:339)
	at org.springframework.beans.factory.support.DefaultSingletonBeanRegistry.getSingleton(DefaultSingletonBeanRegistry.java:373)
	at org.springframework.beans.factory.support.AbstractBeanFactory.doGetBean(AbstractBeanFactory.java:337)
	at org.springframework.beans.factory.support.AbstractBeanFactory.getBean(AbstractBeanFactory.java:202)
	at org.springframework.beans.factory.support.SimpleAutowireCandidateResolver.resolveAutowireCandidates(SimpleAutowireCandidateResolver.java:104)
	at org.springframework.beans.factory.support.SimpleAutowireCandidateResolver.resolveAutowireCandidates(SimpleAutowireCandidateResolver.java:70)
	at org.springframework.boot.actuate.autoconfigure.health.AbstractCompositeHealthContributorConfiguration.createContributor(AbstractCompositeHealthContributorConfiguration.java:60)
	at org.springframework.boot.actuate.autoconfigure.r2dbc.ConnectionFactoryHealthContributorAutoConfiguration.r2dbcHealthContributor(ConnectionFactoryHealthContributorAutoConfiguration.java:55)
	at java.base/java.lang.reflect.Method.invoke(Method.java:569)
	at org.springframework.beans.factory.support.SimpleInstantiationStrategy.lambda$instantiate$0(SimpleInstantiationStrategy.java:172)
	... 122 more
Caused by: org.springframework.beans.BeanInstantiationException: Failed to instantiate [io.r2dbc.pool.ConnectionPool]: Factory method 'connectionFactory' threw exception with message: Failed to determine a suitable R2DBC Connection URL
	at org.springframework.beans.factory.support.SimpleInstantiationStrategy.lambda$instantiate$0(SimpleInstantiationStrategy.java:200)
	at org.springframework.beans.factory.support.SimpleInstantiationStrategy.instantiateWithFactoryMethod(SimpleInstantiationStrategy.java:89)
	at org.springframework.beans.factory.support.SimpleInstantiationStrategy.instantiate(SimpleInstantiationStrategy.java:169)
	at org.springframework.beans.factory.support.ConstructorResolver.instantiate(ConstructorResolver.java:653)
	... 137 more
Caused by: org.springframework.boot.autoconfigure.r2dbc.ConnectionFactoryOptionsInitializer$ConnectionFactoryBeanCreationException: Failed to determine a suitable R2DBC Connection URL
	at org.springframework.boot.autoconfigure.r2dbc.ConnectionFactoryOptionsInitializer.connectionFactoryBeanCreationException(ConnectionFactoryOptionsInitializer.java:101)
	at org.springframework.boot.autoconfigure.r2dbc.ConnectionFactoryOptionsInitializer.initialize(ConnectionFactoryOptionsInitializer.java:57)
	at org.springframework.boot.autoconfigure.r2dbc.ConnectionFactoryConfigurations.createConnectionFactory(ConnectionFactoryConfigurations.java:68)
	at org.springframework.boot.autoconfigure.r2dbc.ConnectionFactoryConfigurations$PoolConfiguration$PooledConnectionFactoryConfiguration.connectionFactory(ConnectionFactoryConfigurations.java:102)
	at java.base/java.lang.reflect.Method.invoke(Method.java:569)
	at org.springframework.beans.factory.support.SimpleInstantiationStrategy.lambda$instantiate$0(SimpleInstantiationStrategy.java:172)
	... 140 more

[INFO] Running pe.edu.perumar.perumar_backend.service.CarreraServiceTest
[INFO] Tests run: 5, Failures: 0, Errors: 0, Skipped: 0, Time elapsed: 0.384 s -- in pe.edu.perumar.perumar_backend.service.CarreraServiceTest
[INFO] Running pe.edu.perumar.perumar_backend.service.CicloServiceTest
[INFO] Tests run: 2, Failures: 0, Errors: 0, Skipped: 0, Time elapsed: 0.244 s -- in pe.edu.perumar.perumar_backend.service.CicloServiceTest
[INFO] Running pe.edu.perumar.perumar_backend.service.MateriaServiceTest
[INFO] Tests run: 4, Failures: 0, Errors: 0, Skipped: 0, Time elapsed: 0.052 s -- in pe.edu.perumar.perumar_backend.service.MateriaServiceTest
[INFO] 
[INFO] Results:
[INFO] 
[ERROR] Errors: 
[ERROR]   PerumarBackendApplicationTests.contextLoads » IllegalState Failed to load ApplicationContext for [ReactiveWebMergedContextConfiguration@535a6697 testClass = pe.edu.perumar.perumar_backend.PerumarBackendApplicationTests, locations = [], classes = [pe.edu.perumar.perumar_backend.PerumarBackendApplication, pe.edu.perumar.perumar_backend.PerumarBackendApplicationTests.RepoStubs], contextInitializerClasses = [], activeProfiles = ["test"], propertySourceDescriptors = [], propertySourceProperties = ["org.springframework.boot.test.context.SpringBootTestContextBootstrapper=true"], contextCustomizers = [[ImportsContextCustomizer@641bc9a8 key = [pe.edu.perumar.perumar_backend.PerumarBackendApplicationTests$RepoStubs]], org.springframework.boot.test.context.filter.ExcludeFilterContextCustomizer@389c4eb1, org.springframework.boot.test.json.DuplicateJsonObjectContextCustomizerFactory$DuplicateJsonObjectContextCustomizer@127a7a2e, org.springframework.boot.test.mock.mockito.MockitoContextCustomizer@0, org.springframework.boot.test.web.client.TestRestTemplateContextCustomizer@2049a9c1, org.springframework.boot.test.web.reactive.server.WebTestClientContextCustomizer@61eaec38, org.springframework.boot.test.web.reactor.netty.DisableReactorResourceFactoryGlobalResourcesContextCustomizerFactory$DisableReactorResourceFactoryGlobalResourcesContextCustomizerCustomizer@27adc16e, org.springframework.boot.test.autoconfigure.OnFailureConditionReportContextCustomizerFactory$OnFailureConditionReportContextCustomizer@1fd14d74, org.springframework.boot.test.autoconfigure.actuate.observability.ObservabilityContextCustomizerFactory$DisableObservabilityContextCustomizer@1f, org.springframework.boot.test.autoconfigure.properties.PropertyMappingContextCustomizer@0, org.springframework.boot.test.autoconfigure.web.servlet.WebDriverContextCustomizer@4816278d, org.springframework.test.context.support.DynamicPropertiesContextCustomizer@0, org.springframework.boot.test.context.SpringBootTestAnnotation@9e05d7a0], contextLoader = org.springframework.boot.test.context.SpringBootContextLoader, parent = null]
[INFO] 
[ERROR] Tests run: 12, Failures: 0, Errors: 1, Skipped: 0
[INFO] 
[INFO] ------------------------------------------------------------------------
[INFO] BUILD FAILURE
[INFO] ------------------------------------------------------------------------
[INFO] Total time:  25.183 s
[INFO] Finished at: 2025-08-18T16:31:12-05:00
[INFO] ------------------------------------------------------------------------
[ERROR] Failed to execute goal org.apache.maven.plugins:maven-surefire-plugin:3.2.5:test (default-test) on project perumar-backend: 
[ERROR] 
[ERROR] Please refer to D:\PAPA\aplicaciones\PERUMAR\perumar-webflux\perumar-backend\target\surefire-reports for the individual test results.
[ERROR] Please refer to dump files (if any exist) [date].dump, [date]-jvmRun[N].dump and [date].dumpstream.
[ERROR] -> [Help 1]
[ERROR] 
[ERROR] To see the full stack trace of the errors, re-run Maven with the -e switch.
[ERROR] Re-run Maven using the -X switch to enable full debug logging.
[ERROR] 
[ERROR] For more information about the errors and possible solutions, please read the following articles:
[ERROR] [Help 1] http://cwiki.apache.org/confluence/display/MAVEN/MojoFailureException
